[2022-04-19T19:31:00.650Z] Validando o git encontrado em: git
[2022-04-19T19:31:00.667Z] Usando o git 2.35.3 do git
[2022-04-19T19:31:00.692Z] > git rev-parse --git-dir [6ms]
[2022-04-19T19:31:00.695Z] Open repository: /home/traveler/Website-git
[2022-04-19T19:31:00.713Z] > git symbolic-ref --short HEAD [4ms]
[2022-04-19T19:31:00.815Z] > git for-each-ref --format=%(refname)%00%(upstream:short)%00%(objectname)%00%(upstream:track) refs/heads/blog refs/remotes/blog [99ms]
[2022-04-19T19:31:00.829Z] > git rev-parse --git-dir [22ms]
[2022-04-19T19:31:00.830Z] Open repository: /home/traveler/WebsiteAula
[2022-04-19T19:31:00.844Z] > git for-each-ref --sort -committerdate --format %(refname) %(objectname) %(*objectname) [23ms]
[2022-04-19T19:31:00.846Z] > git symbolic-ref --short HEAD [2ms]
[2022-04-19T19:31:00.857Z] > git remote --verbose [31ms]
[2022-04-19T19:31:00.881Z] > git for-each-ref --format=%(refname)%00%(upstream:short)%00%(objectname)%00%(upstream:track) refs/heads/main refs/remotes/main [29ms]
[2022-04-19T19:31:00.895Z] > git for-each-ref --sort -committerdate --format %(refname) %(objectname) %(*objectname) [8ms]
[2022-04-19T19:31:00.902Z] > git config --get commit.template [26ms]
[2022-04-19T19:31:00.908Z] > git remote --verbose [16ms]
[2022-04-19T19:31:00.929Z] > git config --get commit.template [11ms]
[2022-04-19T19:31:01.255Z] > git ls-files --stage -- /home/traveler/Website-git/README.MD [0ms]
[2022-04-19T19:31:01.259Z] > git cat-file -s 3c9d3aa18eeae0a8f3090e572016884a4609fca4 [1ms]
[2022-04-19T19:31:23.551Z] > git symbolic-ref --short HEAD [1ms]
[2022-04-19T19:31:23.555Z] > git for-each-ref --format=%(refname)%00%(upstream:short)%00%(objectname)%00%(upstream:track) refs/heads/blog refs/remotes/blog [1ms]
[2022-04-19T19:31:23.563Z] > git for-each-ref --sort -committerdate --format %(refname) %(objectname) %(*objectname) [4ms]
[2022-04-19T19:31:23.563Z] > git remote --verbose [1ms]
[2022-04-19T19:31:23.570Z] > git config --get commit.template [1ms]
[2022-04-19T19:31:23.649Z] > git ls-files --stage -- /home/traveler/Website-git/README.MD [0ms]
[2022-04-19T19:31:23.654Z] > git cat-file -s af89beccd5e3e8725604e31b0516b40be1601835 [1ms]
[2022-04-20T02:56:31.328Z] > git symbolic-ref --short HEAD [1ms]
[2022-04-20T02:56:31.333Z] > git for-each-ref --format=%(refname)%00%(upstream:short)%00%(objectname)%00%(upstream:track) refs/heads/blog refs/remotes/blog [0ms]
[2022-04-20T02:56:31.341Z] > git for-each-ref --sort -committerdate --format %(refname) %(objectname) %(*objectname) [3ms]
[2022-04-20T02:56:31.342Z] > git remote --verbose [1ms]
[2022-04-20T02:56:31.349Z] > git config --get commit.template [2ms]
