[2022-04-29 13:39:31.160] [exthost] [info] Extension host with pid 18632 started
[2022-04-29 13:39:31.160] [exthost] [info] Skipping acquiring lock for /home/traveler/.config/Code - OSS/User/workspaceStorage/8c85b52fd23718bfcd9bb420715a62cc.
[2022-04-29 13:39:32.094] [exthost] [info] ExtensionService#_doActivateExtension vscode.php-language-features, startup: false, activationEvent: 'onLanguage:php'
[2022-04-29 13:39:33.138] [exthost] [info] ExtensionService#_doActivateExtension bmewburn.vscode-intelephense-client, startup: false, activationEvent: 'onLanguage:php'
[2022-04-29 13:39:33.654] [exthost] [info] ExtensionService#_doActivateExtension vscode.css-language-features, startup: false, activationEvent: 'onLanguage:css'
[2022-04-29 13:39:34.615] [exthost] [info] ExtensionService#_doActivateExtension vscode.debug-auto-launch, startup: true, activationEvent: '*'
[2022-04-29 13:39:35.710] [exthost] [info] ExtensionService#_doActivateExtension vscode.git-base, startup: true, activationEvent: '*', root cause: vscode.git
[2022-04-29 13:39:36.564] [exthost] [info] ExtensionService#_doActivateExtension vscode.ipynb, startup: true, activationEvent: '*'
[2022-04-29 13:39:36.826] [exthost] [info] ExtensionService#_doActivateExtension ecmel.vscode-html-css, startup: true, activationEvent: '*'
[2022-04-29 13:39:37.198] [exthost] [info] ExtensionService#_doActivateExtension RobbOwen.synthwave-vscode, startup: true, activationEvent: '*'
[2022-04-29 13:39:37.707] [exthost] [info] ExtensionService#_doActivateExtension s-nlf-fh.glassit, startup: true, activationEvent: '*'
[2022-04-29 13:39:37.754] [exthost] [info] ExtensionService#_doActivateExtension vscode-icons-team.vscode-icons, startup: true, activationEvent: '*'
[2022-04-29 13:39:37.789] [exthost] [info] ExtensionService#_doActivateExtension vscodevim.vim, startup: true, activationEvent: '*'
[2022-04-29 13:39:38.102] [exthost] [info] ExtensionService#_doActivateExtension vscode.git, startup: true, activationEvent: '*'
[2022-04-29 13:39:38.170] [exthost] [info] ExtensionService#_doActivateExtension vscode.github, startup: true, activationEvent: '*'
[2022-04-29 13:39:38.187] [exthost] [info] ExtensionService#_doActivateExtension vscode.configuration-editing, startup: false, activationEvent: 'onLanguage:jsonc'
[2022-04-29 13:39:38.193] [exthost] [info] ExtensionService#_doActivateExtension vscode.json-language-features, startup: false, activationEvent: 'onLanguage:jsonc'
[2022-04-29 13:39:38.282] [exthost] [info] ExtensionService#_doActivateExtension vscode.typescript-language-features, startup: false, activationEvent: 'onLanguage:jsonc'
[2022-04-29 13:39:42.075] [exthost] [info] ExtensionService#_doActivateExtension vscode.emmet, startup: false, activationEvent: 'onStartupFinished'
[2022-04-29 13:39:42.130] [exthost] [info] ExtensionService#_doActivateExtension vscode.merge-conflict, startup: false, activationEvent: 'onStartupFinished'
[2022-04-29 13:39:42.132] [exthost] [info] ExtensionService#_doActivateExtension esbenp.prettier-vscode, startup: false, activationEvent: 'onStartupFinished'
[2022-04-29 13:39:42.175] [exthost] [info] ExtensionService#_doActivateExtension vadimcn.vscode-lldb, startup: false, activationEvent: 'onStartupFinished'
[2022-04-29 13:40:46.163] [exthost] [info] Eager extensions activated
[2022-04-29 15:49:31.941] [exthost] [info] ExtensionService#_doActivateExtension vscode.github-authentication, startup: false, activationEvent: 'onAuthenticationRequest:github'
[2022-04-30 15:39:07.828] [exthost] [info] extension host terminating: renderer closed the socket
[2022-04-30 15:39:07.840] [exthost] [error] An error occurred when deactivating the subscriptions for extension 'bmewburn.vscode-intelephense-client':
[2022-04-30 15:39:07.841] [exthost] [error] TypeError: Cannot read private member from an object whose class did not declare it
    at Le (/usr/lib/code/out/vs/workbench/api/node/extensionHostProcess.js:90:7020)
    at Object.dispose (/usr/lib/code/out/vs/workbench/api/node/extensionHostProcess.js:76:87254)
    at g (/usr/lib/code/out/vs/workbench/api/node/extensionHostProcess.js:8:12329)
    at u._deactivate (/usr/lib/code/out/vs/workbench/api/node/extensionHostProcess.js:90:11919)
    at /usr/lib/code/out/vs/workbench/api/node/extensionHostProcess.js:90:10231
    at Array.map (<anonymous>)
    at u.deactivateAll (/usr/lib/code/out/vs/workbench/api/node/extensionHostProcess.js:90:10218)
    at E.terminate (/usr/lib/code/out/vs/workbench/api/node/extensionHostProcess.js:94:880)
    at d (/usr/lib/code/out/vs/workbench/api/node/extensionHostProcess.js:104:36250)
    at Socket.<anonymous> (/usr/lib/code/out/vs/workbench/api/node/extensionHostProcess.js:104:33946)
    at Socket.emit (node:events:402:35)
    at Pipe.<anonymous> (node:net:687:12)
[2022-04-30 15:39:08.105] [exthost] [error] TypeError: r.some is not a function
    at Function.saveToDisk (/home/traveler/.vscode-oss/extensions/vscodevim.vim-1.22.2/src/register/register.ts:350:30)
    at Object.e.deactivate (/home/traveler/.vscode-oss/extensions/vscodevim.vim-1.22.2/extension.ts:65:18)
    at u._deactivate (/usr/lib/code/out/vs/workbench/api/node/extensionHostProcess.js:90:11690)
    at /usr/lib/code/out/vs/workbench/api/node/extensionHostProcess.js:90:10231
    at Array.map (<anonymous>)
    at u.deactivateAll (/usr/lib/code/out/vs/workbench/api/node/extensionHostProcess.js:90:10218)
    at E.terminate (/usr/lib/code/out/vs/workbench/api/node/extensionHostProcess.js:94:880)
    at d (/usr/lib/code/out/vs/workbench/api/node/extensionHostProcess.js:104:36250)
    at Socket.<anonymous> (/usr/lib/code/out/vs/workbench/api/node/extensionHostProcess.js:104:33946)
    at Socket.emit (node:events:402:35)
    at Pipe.<anonymous> (node:net:687:12)
[2022-04-30 15:39:08.107] [exthost] [info] Extension host with pid 18632 exiting with code 0
