[2022-04-26 10:34:36.571] [exthost] [info] Extension host with pid 3818379 started
[2022-04-26 10:34:36.571] [exthost] [info] Skipping acquiring lock for /home/traveler/.config/Code - OSS/User/workspaceStorage/8c85b52fd23718bfcd9bb420715a62cc.
[2022-04-26 10:34:36.637] [exthost] [info] ExtensionService#_doActivateExtension vscode.php-language-features, startup: false, activationEvent: 'onLanguage:php'
[2022-04-26 10:34:36.642] [exthost] [info] ExtensionService#_doActivateExtension bmewburn.vscode-intelephense-client, startup: false, activationEvent: 'onLanguage:php'
[2022-04-26 10:34:36.651] [exthost] [info] ExtensionService#_doActivateExtension vscode.markdown-language-features, startup: false, activationEvent: 'onWebviewPanel:markdown.preview'
[2022-04-26 10:34:36.668] [exthost] [info] ExtensionService#_doActivateExtension vscode.debug-auto-launch, startup: true, activationEvent: '*'
[2022-04-26 10:34:36.671] [exthost] [info] ExtensionService#_doActivateExtension vscode.git-base, startup: true, activationEvent: '*', root cause: vscode.git
[2022-04-26 10:34:36.673] [exthost] [info] ExtensionService#_doActivateExtension vscode.ipynb, startup: true, activationEvent: '*'
[2022-04-26 10:34:36.686] [exthost] [info] ExtensionService#_doActivateExtension ecmel.vscode-html-css, startup: true, activationEvent: '*'
[2022-04-26 10:34:36.721] [exthost] [info] ExtensionService#_doActivateExtension RobbOwen.synthwave-vscode, startup: true, activationEvent: '*'
[2022-04-26 10:34:36.725] [exthost] [info] ExtensionService#_doActivateExtension s-nlf-fh.glassit, startup: true, activationEvent: '*'
[2022-04-26 10:34:36.737] [exthost] [info] ExtensionService#_doActivateExtension vscode-icons-team.vscode-icons, startup: true, activationEvent: '*'
[2022-04-26 10:34:36.752] [exthost] [info] ExtensionService#_doActivateExtension vscodevim.vim, startup: true, activationEvent: '*'
[2022-04-26 10:34:37.011] [exthost] [info] ExtensionService#_doActivateExtension vscode.git, startup: true, activationEvent: '*'
[2022-04-26 10:34:37.065] [exthost] [info] ExtensionService#_doActivateExtension vscode.github, startup: true, activationEvent: '*'
[2022-04-26 10:34:37.217] [exthost] [info] ExtensionService#_doActivateExtension vscode.configuration-editing, startup: false, activationEvent: 'onLanguage:jsonc'
[2022-04-26 10:34:37.223] [exthost] [info] ExtensionService#_doActivateExtension vscode.json-language-features, startup: false, activationEvent: 'onLanguage:jsonc'
[2022-04-26 10:34:37.278] [exthost] [info] ExtensionService#_doActivateExtension vscode.typescript-language-features, startup: false, activationEvent: 'onLanguage:jsonc'
[2022-04-26 10:34:37.324] [exthost] [info] ExtensionService#_doActivateExtension vscode.extension-editing, startup: false, activationEvent: 'onLanguage:markdown'
[2022-04-26 10:34:37.327] [exthost] [info] ExtensionService#_doActivateExtension vscode.markdown-math, startup: false, activationEvent: 'api', root cause: vscode.markdown-language-features
[2022-04-26 10:34:46.622] [exthost] [info] ExtensionService#_doActivateExtension vscode.emmet, startup: false, activationEvent: 'onStartupFinished'
[2022-04-26 10:34:46.625] [exthost] [info] ExtensionService#_doActivateExtension vscode.merge-conflict, startup: false, activationEvent: 'onStartupFinished'
[2022-04-26 10:34:46.626] [exthost] [info] ExtensionService#_doActivateExtension esbenp.prettier-vscode, startup: false, activationEvent: 'onStartupFinished'
[2022-04-26 10:34:46.656] [exthost] [info] ExtensionService#_doActivateExtension vadimcn.vscode-lldb, startup: false, activationEvent: 'onStartupFinished'
[2022-04-26 17:25:12.438] [exthost] [info] ExtensionService#_doActivateExtension vscode.github-authentication, startup: false, activationEvent: 'onAuthenticationRequest:github'
[2022-04-27 00:01:17.558] [exthost] [error] [bmewburn.vscode-intelephense-client] provider FAILED
[2022-04-27 00:01:17.561] [exthost] [error] TypeError: e.map is not a function
    at asDocumentHighlights (/home/traveler/.vscode-oss/extensions/bmewburn.vscode-intelephense-client-1.8.2/lib/extension.js:1:166888)
    at L.provideDocumentHighlights (/usr/lib/code/out/vs/workbench/api/node/extensionHostProcess.js:85:99580)
[2022-04-27 00:01:17.584] [exthost] [error] [bmewburn.vscode-intelephense-client] provider FAILED
[2022-04-27 00:01:17.584] [exthost] [error] TypeError: e.map is not a function
    at asDocumentHighlights (/home/traveler/.vscode-oss/extensions/bmewburn.vscode-intelephense-client-1.8.2/lib/extension.js:1:166888)
    at L.provideDocumentHighlights (/usr/lib/code/out/vs/workbench/api/node/extensionHostProcess.js:85:99580)
[2022-04-27 00:12:52.703] [exthost] [info] ExtensionService#_doActivateExtension vscode.debug-server-ready, startup: false, activationEvent: 'onDebugResolve'
[2022-04-27 09:42:43.207] [exthost] [info] ExtensionService#_doActivateExtension vscode.css-language-features, startup: false, activationEvent: 'onLanguage:css'
[2022-04-27 11:06:32.599] [exthost] [error] [bmewburn.vscode-intelephense-client] provider FAILED
[2022-04-27 11:06:32.599] [exthost] [error] TypeError: e.map is not a function
    at asDocumentHighlights (/home/traveler/.vscode-oss/extensions/bmewburn.vscode-intelephense-client-1.8.2/lib/extension.js:1:166888)
    at L.provideDocumentHighlights (/usr/lib/code/out/vs/workbench/api/node/extensionHostProcess.js:85:99580)
[2022-04-27 11:06:44.923] [exthost] [error] [bmewburn.vscode-intelephense-client] provider FAILED
[2022-04-27 11:06:44.924] [exthost] [error] TypeError: e.map is not a function
    at asDocumentHighlights (/home/traveler/.vscode-oss/extensions/bmewburn.vscode-intelephense-client-1.8.2/lib/extension.js:1:166888)
    at L.provideDocumentHighlights (/usr/lib/code/out/vs/workbench/api/node/extensionHostProcess.js:85:99580)
[2022-04-27 11:28:20.497] [exthost] [error] [bmewburn.vscode-intelephense-client] provider FAILED
[2022-04-27 11:28:20.497] [exthost] [error] TypeError: e.map is not a function
    at asDocumentHighlights (/home/traveler/.vscode-oss/extensions/bmewburn.vscode-intelephense-client-1.8.2/lib/extension.js:1:166888)
    at L.provideDocumentHighlights (/usr/lib/code/out/vs/workbench/api/node/extensionHostProcess.js:85:99580)
[2022-04-27 11:28:20.576] [exthost] [error] [bmewburn.vscode-intelephense-client] provider FAILED
[2022-04-27 11:28:20.576] [exthost] [error] TypeError: e.map is not a function
    at asDocumentHighlights (/home/traveler/.vscode-oss/extensions/bmewburn.vscode-intelephense-client-1.8.2/lib/extension.js:1:166888)
    at L.provideDocumentHighlights (/usr/lib/code/out/vs/workbench/api/node/extensionHostProcess.js:85:99580)
[2022-04-27 11:35:02.035] [exthost] [error] [bmewburn.vscode-intelephense-client] provider FAILED
[2022-04-27 11:35:02.036] [exthost] [error] TypeError: e.map is not a function
    at asDocumentHighlights (/home/traveler/.vscode-oss/extensions/bmewburn.vscode-intelephense-client-1.8.2/lib/extension.js:1:166888)
    at L.provideDocumentHighlights (/usr/lib/code/out/vs/workbench/api/node/extensionHostProcess.js:85:99580)
[2022-04-27 12:02:51.927] [exthost] [error] [bmewburn.vscode-intelephense-client] provider FAILED
[2022-04-27 12:02:51.927] [exthost] [error] TypeError: e.map is not a function
    at asDocumentHighlights (/home/traveler/.vscode-oss/extensions/bmewburn.vscode-intelephense-client-1.8.2/lib/extension.js:1:166888)
    at L.provideDocumentHighlights (/usr/lib/code/out/vs/workbench/api/node/extensionHostProcess.js:85:99580)
[2022-04-27 12:03:19.240] [exthost] [error] [bmewburn.vscode-intelephense-client] provider FAILED
[2022-04-27 12:03:19.240] [exthost] [error] TypeError: e.map is not a function
    at asDocumentHighlights (/home/traveler/.vscode-oss/extensions/bmewburn.vscode-intelephense-client-1.8.2/lib/extension.js:1:166888)
    at L.provideDocumentHighlights (/usr/lib/code/out/vs/workbench/api/node/extensionHostProcess.js:85:99580)
[2022-04-27 12:07:28.102] [exthost] [error] [bmewburn.vscode-intelephense-client] provider FAILED
[2022-04-27 12:07:28.102] [exthost] [error] TypeError: e.map is not a function
    at asDocumentHighlights (/home/traveler/.vscode-oss/extensions/bmewburn.vscode-intelephense-client-1.8.2/lib/extension.js:1:166888)
    at L.provideDocumentHighlights (/usr/lib/code/out/vs/workbench/api/node/extensionHostProcess.js:85:99580)
[2022-04-27 12:39:46.024] [exthost] [error] [bmewburn.vscode-intelephense-client] provider FAILED
[2022-04-27 12:39:46.024] [exthost] [error] TypeError: e.map is not a function
    at asDocumentHighlights (/home/traveler/.vscode-oss/extensions/bmewburn.vscode-intelephense-client-1.8.2/lib/extension.js:1:166888)
    at L.provideDocumentHighlights (/usr/lib/code/out/vs/workbench/api/node/extensionHostProcess.js:85:99580)
[2022-04-27 13:25:25.844] [exthost] [error] [bmewburn.vscode-intelephense-client] provider FAILED
[2022-04-27 13:25:25.844] [exthost] [error] TypeError: e.map is not a function
    at asDocumentHighlights (/home/traveler/.vscode-oss/extensions/bmewburn.vscode-intelephense-client-1.8.2/lib/extension.js:1:166888)
    at L.provideDocumentHighlights (/usr/lib/code/out/vs/workbench/api/node/extensionHostProcess.js:85:99580)
[2022-04-27 13:30:37.582] [exthost] [error] [bmewburn.vscode-intelephense-client] provider FAILED
[2022-04-27 13:30:37.582] [exthost] [error] TypeError: e.map is not a function
    at asDocumentHighlights (/home/traveler/.vscode-oss/extensions/bmewburn.vscode-intelephense-client-1.8.2/lib/extension.js:1:166888)
    at L.provideDocumentHighlights (/usr/lib/code/out/vs/workbench/api/node/extensionHostProcess.js:85:99580)
[2022-04-27 13:31:28.313] [exthost] [error] [bmewburn.vscode-intelephense-client] provider FAILED
[2022-04-27 13:31:28.313] [exthost] [error] TypeError: e.map is not a function
    at asDocumentHighlights (/home/traveler/.vscode-oss/extensions/bmewburn.vscode-intelephense-client-1.8.2/lib/extension.js:1:166888)
    at L.provideDocumentHighlights (/usr/lib/code/out/vs/workbench/api/node/extensionHostProcess.js:85:99580)
[2022-04-27 13:36:50.553] [exthost] [warning] TextEditor is closed/disposed
[2022-04-27 13:36:50.661] [exthost] [warning] TextEditor is closed/disposed
[2022-04-27 13:36:50.776] [exthost] [warning] TextEditor is closed/disposed
[2022-04-27 13:36:50.970] [exthost] [warning] TextEditor is closed/disposed
[2022-04-27 13:49:38.165] [exthost] [warning] TextEditor is closed/disposed
[2022-04-27 13:49:38.286] [exthost] [warning] TextEditor is closed/disposed
[2022-04-27 13:49:38.408] [exthost] [warning] TextEditor is closed/disposed
[2022-04-27 13:49:38.659] [exthost] [warning] TextEditor is closed/disposed
[2022-04-28 10:39:31.406] [exthost] [warning] TextEditor is closed/disposed
[2022-04-28 10:39:31.486] [exthost] [warning] TextEditor is closed/disposed
[2022-04-28 10:39:31.626] [exthost] [warning] TextEditor is closed/disposed
[2022-04-28 10:39:31.761] [exthost] [warning] TextEditor is closed/disposed
[2022-04-28 10:39:31.951] [exthost] [warning] TextEditor is closed/disposed
[2022-04-28 10:47:29.273] [exthost] [error] [bmewburn.vscode-intelephense-client] provider FAILED
[2022-04-28 10:47:29.273] [exthost] [error] TypeError: e.map is not a function
    at asDocumentHighlights (/home/traveler/.vscode-oss/extensions/bmewburn.vscode-intelephense-client-1.8.2/lib/extension.js:1:166888)
    at L.provideDocumentHighlights (/usr/lib/code/out/vs/workbench/api/node/extensionHostProcess.js:85:99580)
[2022-04-29 13:27:21.825] [exthost] [error] [bmewburn.vscode-intelephense-client] provider FAILED
[2022-04-29 13:27:21.825] [exthost] [error] TypeError: e.map is not a function
    at asDocumentHighlights (/home/traveler/.vscode-oss/extensions/bmewburn.vscode-intelephense-client-1.8.2/lib/extension.js:1:166888)
    at L.provideDocumentHighlights (/usr/lib/code/out/vs/workbench/api/node/extensionHostProcess.js:85:99580)
