[Info  - 10:34:37] Initialising intelephense 1.8.2
[Info  - 10:34:37] Reading state from /home/traveler/.config/Code - OSS/User/workspaceStorage/8c85b52fd23718bfcd9bb420715a62cc/bmewburn.vscode-intelephense-client/170315ae.
[Info  - 10:34:37] Initialised in 173 ms
[Info  - 10:34:37] Searching file:///home/traveler/.vscode-oss/extensions/bmewburn.vscode-intelephense-client-1.8.2/node_modules/intelephense/lib/stub for files to index.
[Info  - 10:34:37] Searching file:///home/traveler/Website-git for files to index.
[Info  - 10:34:37] Searching file:///home/traveler/MEGA/Eu/Programming for files to index.
[Info  - 10:34:37] Searching file:///home/traveler/WebsiteAula for files to index.
[Info  - 10:34:37] Indexing started.
[Info  - 10:34:38] Indexing ended. 10 files indexed in 0s.
[Info  - 10:34:38] Writing state to /home/traveler/.config/Code - OSS/User/workspaceStorage/8c85b52fd23718bfcd9bb420715a62cc/bmewburn.vscode-intelephense-client/170315ae.
[Info  - 10:34:38] Wrote state in 0.1s.
[Info  - 23:20:16] Indexing started.
[Info  - 23:20:16] Indexing ended. 2 files indexed in 0s.
[Info  - 23:21:43] Indexing started.
[Info  - 23:21:44] Indexing ended. 4 files indexed in 0s.
[Info  - 23:28:57] Indexing started.
[Info  - 23:28:58] Indexing ended. 1 files indexed in 0s.
[Info  - 23:42:54] Indexing started.
[Info  - 23:42:55] Indexing ended. 2 files indexed in 0s.
[Info  - 09:35:56] Indexing started.
[Info  - 09:35:56] Indexing ended. 1 files indexed in 0s.
[Info  - 10:25:49] Indexing started.
[Info  - 10:25:49] Indexing ended. 1 files indexed in 0s.
[Info  - 12:45:44] Indexing started.
[Info  - 12:45:44] Indexing ended. 2 files indexed in 0s.
[Info  - 13:27:00] Indexing started.
[Info  - 13:27:00] Indexing ended. 2 files indexed in 0s.
[Info  - 13:27:00] Indexing started.
[Info  - 13:27:00] Indexing ended. 1 files indexed in 0s.
[Info  - 13:27:11] Indexing started.
[Info  - 13:27:11] Indexing ended. 2 files indexed in 0s.
[Info  - 13:27:37] Indexing started.
[Info  - 13:27:37] Indexing ended. 1 files indexed in 0s.
[Info  - 13:27:43] Indexing started.
[Info  - 13:27:43] Indexing ended. 1 files indexed in 0s.
