[Info  - 20:25:12.455] Reading sessions from keychain...
[Info  - 20:25:12.459] Getting sessions for all scopes...
[Info  - 20:25:12.459] Getting sessions for repo,workflow...
[Trace  - 20:25:12.499] Token acquired from secret storage.
[Info  - 20:25:12.499] Got stored sessions!
[Trace  - 20:25:12.499] Read the following session from the keychain with the following scopes: repo workflow
[Info  - 20:25:12.499] Got 1 verified sessions.
[Info  - 20:25:12.499] Got 1 sessions for ...
[Info  - 20:25:12.499] Got 1 sessions for repo,workflow...
[Info  - 02:20:15.102] Getting sessions for repo,workflow...
[Info  - 02:20:15.102] Got 1 sessions for repo,workflow...
[Info  - 02:20:29.26] Getting sessions for repo,workflow...
[Info  - 02:20:29.26] Got 1 sessions for repo,workflow...
[Info  - 02:21:42.189] Getting sessions for repo,workflow...
[Info  - 02:21:42.189] Got 1 sessions for repo,workflow...
[Info  - 03:44:51.570] Getting sessions for repo,workflow...
[Info  - 03:44:51.570] Got 1 sessions for repo,workflow...
[Info  - 16:52:59.838] Getting sessions for repo,workflow...
[Info  - 16:52:59.838] Got 1 sessions for repo,workflow...
[Info  - 13:25:47.222] Getting sessions for repo,workflow...
[Info  - 13:25:47.349] Got 1 sessions for repo,workflow...
[Info  - 15:45:41.928] Getting sessions for repo,workflow...
[Info  - 15:45:41.972] Got 1 sessions for repo,workflow...
