[2022-04-29 13:39:29.476] [renderer1] [info] Ignoring configured affinity for 'pub.name' because the extension is unknown or cannot execute.
[2022-04-29 13:39:29.591] [renderer1] [error] [idleberg.icon-fonts]: Linguagem desconhecida em `contributes.icon-fonts.language`. Valor fornecido: blade
[2022-04-29 13:39:29.591] [renderer1] [error] [idleberg.icon-fonts]: Linguagem desconhecida em `contributes.icon-fonts.language`. Valor fornecido: blade
[2022-04-29 13:39:29.592] [renderer1] [error] [idleberg.icon-fonts]: Linguagem desconhecida em `contributes.icon-fonts.language`. Valor fornecido: blade
[2022-04-29 13:39:29.592] [renderer1] [error] [idleberg.icon-fonts]: Linguagem desconhecida em `contributes.icon-fonts.language`. Valor fornecido: blade
[2022-04-29 13:39:29.593] [renderer1] [error] [idleberg.icon-fonts]: Linguagem desconhecida em `contributes.icon-fonts.language`. Valor fornecido: blade
[2022-04-29 13:39:29.593] [renderer1] [error] [idleberg.icon-fonts]: Linguagem desconhecida em `contributes.icon-fonts.language`. Valor fornecido: blade
[2022-04-29 13:39:29.593] [renderer1] [error] [idleberg.icon-fonts]: Linguagem desconhecida em `contributes.icon-fonts.language`. Valor fornecido: blade
[2022-04-29 13:39:29.593] [renderer1] [error] [idleberg.icon-fonts]: Linguagem desconhecida em `contributes.icon-fonts.language`. Valor fornecido: blade
[2022-04-29 13:39:29.594] [renderer1] [error] [idleberg.icon-fonts]: Linguagem desconhecida em `contributes.icon-fonts.language`. Valor fornecido: blade
[2022-04-29 13:39:29.594] [renderer1] [error] [idleberg.icon-fonts]: Linguagem desconhecida em `contributes.icon-fonts.language`. Valor fornecido: blade
[2022-04-29 13:39:29.594] [renderer1] [error] [idleberg.icon-fonts]: Linguagem desconhecida em `contributes.icon-fonts.language`. Valor fornecido: blade
[2022-04-29 13:39:29.595] [renderer1] [error] [idleberg.icon-fonts]: Linguagem desconhecida em `contributes.icon-fonts.language`. Valor fornecido: blade
[2022-04-29 13:39:29.595] [renderer1] [error] [idleberg.icon-fonts]: Linguagem desconhecida em `contributes.icon-fonts.language`. Valor fornecido: blade
[2022-04-29 13:39:29.595] [renderer1] [error] [idleberg.icon-fonts]: Linguagem desconhecida em `contributes.icon-fonts.language`. Valor fornecido: blade
[2022-04-29 13:39:29.596] [renderer1] [error] [idleberg.icon-fonts]: Linguagem desconhecida em `contributes.icon-fonts.language`. Valor fornecido: blade
[2022-04-29 13:39:29.596] [renderer1] [error] [idleberg.icon-fonts]: Linguagem desconhecida em `contributes.icon-fonts.language`. Valor fornecido: blade
[2022-04-29 13:39:29.596] [renderer1] [error] [idleberg.icon-fonts]: Linguagem desconhecida em `contributes.icon-fonts.language`. Valor fornecido: blade
[2022-04-29 13:39:29.597] [renderer1] [error] [idleberg.icon-fonts]: Linguagem desconhecida em `contributes.icon-fonts.language`. Valor fornecido: blade
[2022-04-29 13:39:29.597] [renderer1] [error] [idleberg.icon-fonts]: Linguagem desconhecida em `contributes.icon-fonts.language`. Valor fornecido: blade
[2022-04-29 13:39:29.597] [renderer1] [error] [idleberg.icon-fonts]: Linguagem desconhecida em `contributes.icon-fonts.language`. Valor fornecido: blade
[2022-04-29 13:39:29.598] [renderer1] [error] [idleberg.icon-fonts]: Linguagem desconhecida em `contributes.icon-fonts.language`. Valor fornecido: blade
[2022-04-29 13:39:29.598] [renderer1] [error] [idleberg.icon-fonts]: Linguagem desconhecida em `contributes.icon-fonts.language`. Valor fornecido: blade
[2022-04-29 13:39:29.598] [renderer1] [error] [idleberg.icon-fonts]: Linguagem desconhecida em `contributes.icon-fonts.language`. Valor fornecido: blade
[2022-04-29 13:39:29.599] [renderer1] [error] [idleberg.icon-fonts]: Linguagem desconhecida em `contributes.icon-fonts.language`. Valor fornecido: blade
[2022-04-29 13:39:29.599] [renderer1] [error] [idleberg.icon-fonts]: Linguagem desconhecida em `contributes.icon-fonts.language`. Valor fornecido: blade
[2022-04-29 13:39:29.599] [renderer1] [error] [idleberg.icon-fonts]: Linguagem desconhecida em `contributes.icon-fonts.language`. Valor fornecido: blade
[2022-04-29 13:39:29.600] [renderer1] [error] [idleberg.icon-fonts]: Linguagem desconhecida em `contributes.icon-fonts.language`. Valor fornecido: blade
[2022-04-29 13:39:29.600] [renderer1] [error] [idleberg.icon-fonts]: Linguagem desconhecida em `contributes.icon-fonts.language`. Valor fornecido: vue-html
[2022-04-29 13:39:29.600] [renderer1] [error] [idleberg.icon-fonts]: Linguagem desconhecida em `contributes.icon-fonts.language`. Valor fornecido: vue-html
[2022-04-29 13:39:29.600] [renderer1] [error] [idleberg.icon-fonts]: Linguagem desconhecida em `contributes.icon-fonts.language`. Valor fornecido: vue-html
[2022-04-29 13:39:29.601] [renderer1] [error] [idleberg.icon-fonts]: Linguagem desconhecida em `contributes.icon-fonts.language`. Valor fornecido: vue-html
[2022-04-29 13:39:29.601] [renderer1] [error] [idleberg.icon-fonts]: Linguagem desconhecida em `contributes.icon-fonts.language`. Valor fornecido: vue-html
[2022-04-29 13:39:29.601] [renderer1] [error] [idleberg.icon-fonts]: Linguagem desconhecida em `contributes.icon-fonts.language`. Valor fornecido: vue-html
[2022-04-29 13:39:29.602] [renderer1] [error] [idleberg.icon-fonts]: Linguagem desconhecida em `contributes.icon-fonts.language`. Valor fornecido: vue-html
[2022-04-29 13:39:29.602] [renderer1] [error] [idleberg.icon-fonts]: Linguagem desconhecida em `contributes.icon-fonts.language`. Valor fornecido: vue-html
[2022-04-29 13:39:29.602] [renderer1] [error] [idleberg.icon-fonts]: Linguagem desconhecida em `contributes.icon-fonts.language`. Valor fornecido: vue-html
[2022-04-29 13:39:29.602] [renderer1] [error] [idleberg.icon-fonts]: Linguagem desconhecida em `contributes.icon-fonts.language`. Valor fornecido: vue-html
[2022-04-29 13:39:29.603] [renderer1] [error] [idleberg.icon-fonts]: Linguagem desconhecida em `contributes.icon-fonts.language`. Valor fornecido: vue-html
[2022-04-29 13:39:29.603] [renderer1] [error] [idleberg.icon-fonts]: Linguagem desconhecida em `contributes.icon-fonts.language`. Valor fornecido: vue-html
[2022-04-29 13:39:29.603] [renderer1] [error] [idleberg.icon-fonts]: Linguagem desconhecida em `contributes.icon-fonts.language`. Valor fornecido: vue-html
[2022-04-29 13:39:29.604] [renderer1] [error] [idleberg.icon-fonts]: Linguagem desconhecida em `contributes.icon-fonts.language`. Valor fornecido: vue-html
[2022-04-29 13:39:29.604] [renderer1] [error] [idleberg.icon-fonts]: Linguagem desconhecida em `contributes.icon-fonts.language`. Valor fornecido: vue-html
[2022-04-29 13:39:29.604] [renderer1] [error] [idleberg.icon-fonts]: Linguagem desconhecida em `contributes.icon-fonts.language`. Valor fornecido: vue-html
[2022-04-29 13:39:29.604] [renderer1] [error] [idleberg.icon-fonts]: Linguagem desconhecida em `contributes.icon-fonts.language`. Valor fornecido: vue-html
[2022-04-29 13:39:29.605] [renderer1] [error] [idleberg.icon-fonts]: Linguagem desconhecida em `contributes.icon-fonts.language`. Valor fornecido: vue-html
[2022-04-29 13:39:29.605] [renderer1] [error] [idleberg.icon-fonts]: Linguagem desconhecida em `contributes.icon-fonts.language`. Valor fornecido: vue-html
[2022-04-29 13:39:29.605] [renderer1] [error] [idleberg.icon-fonts]: Linguagem desconhecida em `contributes.icon-fonts.language`. Valor fornecido: vue-html
[2022-04-29 13:39:29.605] [renderer1] [error] [idleberg.icon-fonts]: Linguagem desconhecida em `contributes.icon-fonts.language`. Valor fornecido: vue-html
[2022-04-29 13:39:29.606] [renderer1] [error] [idleberg.icon-fonts]: Linguagem desconhecida em `contributes.icon-fonts.language`. Valor fornecido: vue-html
[2022-04-29 13:39:29.606] [renderer1] [error] [idleberg.icon-fonts]: Linguagem desconhecida em `contributes.icon-fonts.language`. Valor fornecido: vue-html
[2022-04-29 13:39:29.606] [renderer1] [error] [idleberg.icon-fonts]: Linguagem desconhecida em `contributes.icon-fonts.language`. Valor fornecido: vue-html
[2022-04-29 13:39:29.607] [renderer1] [error] [idleberg.icon-fonts]: Linguagem desconhecida em `contributes.icon-fonts.language`. Valor fornecido: vue-html
[2022-04-29 13:39:29.607] [renderer1] [error] [idleberg.icon-fonts]: Linguagem desconhecida em `contributes.icon-fonts.language`. Valor fornecido: vue-html
[2022-04-29 13:39:29.607] [renderer1] [error] [idleberg.icon-fonts]: Linguagem desconhecida em `contributes.icon-fonts.language`. Valor fornecido: vue-html
[2022-04-29 13:39:29.607] [renderer1] [error] [idleberg.icon-fonts]: Linguagem desconhecida em `contributes.icon-fonts.language`. Valor fornecido: svelte
[2022-04-29 13:39:29.608] [renderer1] [error] [idleberg.icon-fonts]: Linguagem desconhecida em `contributes.icon-fonts.language`. Valor fornecido: svelte
[2022-04-29 13:39:29.608] [renderer1] [error] [idleberg.icon-fonts]: Linguagem desconhecida em `contributes.icon-fonts.language`. Valor fornecido: svelte
[2022-04-29 13:39:29.608] [renderer1] [error] [idleberg.icon-fonts]: Linguagem desconhecida em `contributes.icon-fonts.language`. Valor fornecido: svelte
[2022-04-29 13:39:29.608] [renderer1] [error] [idleberg.icon-fonts]: Linguagem desconhecida em `contributes.icon-fonts.language`. Valor fornecido: svelte
[2022-04-29 13:39:29.609] [renderer1] [error] [idleberg.icon-fonts]: Linguagem desconhecida em `contributes.icon-fonts.language`. Valor fornecido: svelte
[2022-04-29 13:39:29.609] [renderer1] [error] [idleberg.icon-fonts]: Linguagem desconhecida em `contributes.icon-fonts.language`. Valor fornecido: svelte
[2022-04-29 13:39:29.609] [renderer1] [error] [idleberg.icon-fonts]: Linguagem desconhecida em `contributes.icon-fonts.language`. Valor fornecido: svelte
[2022-04-29 13:39:29.610] [renderer1] [error] [idleberg.icon-fonts]: Linguagem desconhecida em `contributes.icon-fonts.language`. Valor fornecido: svelte
[2022-04-29 13:39:29.610] [renderer1] [error] [idleberg.icon-fonts]: Linguagem desconhecida em `contributes.icon-fonts.language`. Valor fornecido: svelte
[2022-04-29 13:39:29.610] [renderer1] [error] [idleberg.icon-fonts]: Linguagem desconhecida em `contributes.icon-fonts.language`. Valor fornecido: svelte
[2022-04-29 13:39:29.610] [renderer1] [error] [idleberg.icon-fonts]: Linguagem desconhecida em `contributes.icon-fonts.language`. Valor fornecido: svelte
[2022-04-29 13:39:29.611] [renderer1] [error] [idleberg.icon-fonts]: Linguagem desconhecida em `contributes.icon-fonts.language`. Valor fornecido: svelte
[2022-04-29 13:39:29.611] [renderer1] [error] [idleberg.icon-fonts]: Linguagem desconhecida em `contributes.icon-fonts.language`. Valor fornecido: svelte
[2022-04-29 13:39:29.611] [renderer1] [error] [idleberg.icon-fonts]: Linguagem desconhecida em `contributes.icon-fonts.language`. Valor fornecido: svelte
[2022-04-29 13:39:29.612] [renderer1] [error] [idleberg.icon-fonts]: Linguagem desconhecida em `contributes.icon-fonts.language`. Valor fornecido: svelte
[2022-04-29 13:39:29.612] [renderer1] [error] [idleberg.icon-fonts]: Linguagem desconhecida em `contributes.icon-fonts.language`. Valor fornecido: svelte
[2022-04-29 13:39:29.612] [renderer1] [error] [idleberg.icon-fonts]: Linguagem desconhecida em `contributes.icon-fonts.language`. Valor fornecido: svelte
[2022-04-29 13:39:29.613] [renderer1] [error] [idleberg.icon-fonts]: Linguagem desconhecida em `contributes.icon-fonts.language`. Valor fornecido: svelte
[2022-04-29 13:39:29.613] [renderer1] [error] [idleberg.icon-fonts]: Linguagem desconhecida em `contributes.icon-fonts.language`. Valor fornecido: svelte
[2022-04-29 13:39:29.613] [renderer1] [error] [idleberg.icon-fonts]: Linguagem desconhecida em `contributes.icon-fonts.language`. Valor fornecido: svelte
[2022-04-29 13:39:29.613] [renderer1] [error] [idleberg.icon-fonts]: Linguagem desconhecida em `contributes.icon-fonts.language`. Valor fornecido: svelte
[2022-04-29 13:39:29.614] [renderer1] [error] [idleberg.icon-fonts]: Linguagem desconhecida em `contributes.icon-fonts.language`. Valor fornecido: svelte
[2022-04-29 13:39:29.614] [renderer1] [error] [idleberg.icon-fonts]: Linguagem desconhecida em `contributes.icon-fonts.language`. Valor fornecido: svelte
[2022-04-29 13:39:29.614] [renderer1] [error] [idleberg.icon-fonts]: Linguagem desconhecida em `contributes.icon-fonts.language`. Valor fornecido: svelte
[2022-04-29 13:39:29.614] [renderer1] [error] [idleberg.icon-fonts]: Linguagem desconhecida em `contributes.icon-fonts.language`. Valor fornecido: svelte
[2022-04-29 13:39:29.615] [renderer1] [error] [idleberg.icon-fonts]: Linguagem desconhecida em `contributes.icon-fonts.language`. Valor fornecido: svelte
[2022-04-29 13:39:29.615] [renderer1] [error] [robole.javascript-snippets]: Linguagem desconhecida em `contributes.javascript-snippets.language`. Valor fornecido: svelte
[2022-04-29 13:39:29.932] [renderer1] [info] Ignoring configured affinity for 'pub.name' because the extension is unknown or cannot execute.
[2022-04-29 13:39:37.715] [renderer1] [info] UNRESPONSIVE extension host: starting to profile NOW
[2022-04-29 13:39:37.918] [renderer1] [info] UNRESPONSIVE extension host: received responsive event and cancelling profiling session
[2022-04-29 23:14:09.566] [renderer1] [info] Webgl lost context, disposing of webgl renderer
