[2022-04-29T16:39:38.292Z] Validando o git encontrado em: git
[2022-04-29T16:39:38.310Z] Usando o git 2.36.0 do git
[2022-04-29T16:39:38.327Z] > git rev-parse --git-dir [1ms]
[2022-04-29T16:39:38.330Z] Open repository: /home/traveler/Website-git
[2022-04-29T16:39:38.385Z] > git symbolic-ref --short HEAD [14ms]
[2022-04-29T16:39:38.410Z] > git for-each-ref --format=%(refname)%00%(upstream:short)%00%(objectname)%00%(upstream:track) refs/heads/blog refs/remotes/blog [21ms]
[2022-04-29T16:39:38.436Z] > git remote --verbose [16ms]
[2022-04-29T16:39:38.436Z] > git for-each-ref --sort -committerdate --format %(refname) %(objectname) %(*objectname) [20ms]
[2022-04-29T16:39:38.438Z] > git rev-parse --git-dir [34ms]
[2022-04-29T16:39:38.440Z] Open repository: /home/traveler/WebsiteAula
[2022-04-29T16:39:38.508Z] > git symbolic-ref --short HEAD [25ms]
[2022-04-29T16:39:38.514Z] > git config --get commit.template [35ms]
[2022-04-29T16:39:38.521Z] > git for-each-ref --format=%(refname)%00%(upstream:short)%00%(objectname)%00%(upstream:track) refs/heads/main refs/remotes/main [7ms]
[2022-04-29T16:39:38.627Z] > git remote --verbose [93ms]
[2022-04-29T16:39:38.627Z] > git for-each-ref --sort -committerdate --format %(refname) %(objectname) %(*objectname) [99ms]
[2022-04-29T16:39:38.646Z] > git config --get commit.template [12ms]
[2022-04-29T16:39:38.977Z] > git ls-files --stage -- /home/traveler/Website-git/pages/sitemap.php [5ms]
[2022-04-29T16:39:38.982Z] > git cat-file -s 930c65ddee2aa7957b278113982768a73b2d5074 [1ms]
[2022-04-29T16:39:38.982Z] > git ls-files --stage -- /home/traveler/Website-git/css/home.css [6ms]
[2022-04-29T16:39:38.989Z] > git cat-file -s 321b7550260f75eab39e66dceec76f4453be43a7 [1ms]
[2022-04-29T18:49:22.245Z] > git symbolic-ref --short HEAD [1ms]
[2022-04-29T18:49:22.251Z] > git for-each-ref --format=%(refname)%00%(upstream:short)%00%(objectname)%00%(upstream:track) refs/heads/blog refs/remotes/blog [1ms]
[2022-04-29T18:49:22.260Z] > git for-each-ref --sort -committerdate --format %(refname) %(objectname) %(*objectname) [4ms]
[2022-04-29T18:49:22.261Z] > git remote --verbose [2ms]
[2022-04-29T18:49:22.267Z] > git config --get commit.template [0ms]
[2022-04-29T18:49:22.345Z] > git ls-files --stage -- /home/traveler/Website-git/pages/sitemap.php [6ms]
[2022-04-29T18:49:22.351Z] > git ls-files --stage -- /home/traveler/Website-git/css/home.css [7ms]
[2022-04-29T18:49:22.356Z] > git cat-file -s f4aa38f5f5b194fa0de10e9d193172deb32be565 [6ms]
[2022-04-29T18:49:22.357Z] > git cat-file -s 79fe53f71e44d12f20b02cd02a532f92b6ae369b [1ms]
[2022-04-29T18:49:29.839Z] > git symbolic-ref --short HEAD [1ms]
[2022-04-29T18:49:29.845Z] > git for-each-ref --format=%(refname)%00%(upstream:short)%00%(objectname)%00%(upstream:track) refs/heads/blog refs/remotes/blog [1ms]
[2022-04-29T18:49:29.853Z] > git for-each-ref --sort -committerdate --format %(refname) %(objectname) %(*objectname) [4ms]
[2022-04-29T18:49:29.853Z] > git remote --verbose [0ms]
[2022-04-29T18:49:29.858Z] > git config --get commit.template [0ms]
[2022-04-29T18:49:29.938Z] > git ls-files --stage -- /home/traveler/Website-git/pages/sitemap.php [4ms]
[2022-04-29T18:49:29.943Z] > git ls-files --stage -- /home/traveler/Website-git/css/home.css [6ms]
[2022-04-29T18:49:29.947Z] > git cat-file -s f4aa38f5f5b194fa0de10e9d193172deb32be565 [5ms]
[2022-04-29T18:49:29.948Z] > git cat-file -s 79fe53f71e44d12f20b02cd02a532f92b6ae369b [1ms]
[2022-04-30T18:39:07.393Z] > git symbolic-ref --short HEAD [1ms]
[2022-04-30T18:39:07.399Z] > git for-each-ref --format=%(refname)%00%(upstream:short)%00%(objectname)%00%(upstream:track) refs/heads/blog refs/remotes/blog [1ms]
[2022-04-30T18:39:07.410Z] > git for-each-ref --sort -committerdate --format %(refname) %(objectname) %(*objectname) [5ms]
[2022-04-30T18:39:07.411Z] > git remote --verbose [2ms]
[2022-04-30T18:39:07.420Z] > git config --get commit.template [1ms]
