[2022-04-20T16:28:07.784Z] Validando o git encontrado em: git
[2022-04-20T16:28:07.798Z] Usando o git 2.36.0 do git
[2022-04-20T16:28:07.838Z] > git rev-parse --git-dir [1ms]
[2022-04-20T16:28:07.841Z] Open repository: /home/traveler/Website-git
[2022-04-20T16:28:07.894Z] > git symbolic-ref --short HEAD [6ms]
[2022-04-20T16:28:07.903Z] > git for-each-ref --format=%(refname)%00%(upstream:short)%00%(objectname)%00%(upstream:track) refs/heads/blog refs/remotes/blog [6ms]
[2022-04-20T16:28:07.913Z] > git for-each-ref --sort -committerdate --format %(refname) %(objectname) %(*objectname) [6ms]
[2022-04-20T16:28:07.914Z] > git rev-parse --git-dir [12ms]
[2022-04-20T16:28:07.915Z] Open repository: /home/traveler/WebsiteAula
[2022-04-20T16:28:07.934Z] > git remote --verbose [22ms]
[2022-04-20T16:28:07.999Z] > git symbolic-ref --short HEAD [41ms]
[2022-04-20T16:28:08.003Z] > git config --get commit.template [50ms]
[2022-04-20T16:28:08.076Z] > git for-each-ref --format=%(refname)%00%(upstream:short)%00%(objectname)%00%(upstream:track) refs/heads/main refs/remotes/main [73ms]
[2022-04-20T16:28:08.086Z] > git for-each-ref --sort -committerdate --format %(refname) %(objectname) %(*objectname) [5ms]
[2022-04-20T16:28:08.092Z] > git remote --verbose [7ms]
[2022-04-20T16:28:08.103Z] > git config --get commit.template [5ms]
[2022-04-20T16:28:08.416Z] > git ls-files --stage -- /home/traveler/Website-git/README.MD [1ms]
[2022-04-20T16:28:08.422Z] > git cat-file -s af89beccd5e3e8725604e31b0516b40be1601835 [1ms]
[2022-04-20T16:28:35.051Z] > git symbolic-ref --short HEAD [1ms]
[2022-04-20T16:28:35.057Z] > git for-each-ref --format=%(refname)%00%(upstream:short)%00%(objectname)%00%(upstream:track) refs/heads/blog refs/remotes/blog [1ms]
[2022-04-20T16:28:35.067Z] > git remote --verbose [0ms]
[2022-04-20T16:28:35.068Z] > git for-each-ref --sort -committerdate --format %(refname) %(objectname) %(*objectname) [6ms]
[2022-04-20T16:28:35.078Z] > git config --get commit.template [2ms]
[2022-04-20T16:28:40.086Z] > git symbolic-ref --short HEAD [0ms]
[2022-04-20T16:28:40.089Z] > git for-each-ref --format=%(refname)%00%(upstream:short)%00%(objectname)%00%(upstream:track) refs/heads/blog refs/remotes/blog [0ms]
[2022-04-20T16:28:40.095Z] > git for-each-ref --sort -committerdate --format %(refname) %(objectname) %(*objectname) [4ms]
[2022-04-20T16:28:40.095Z] > git remote --verbose [0ms]
[2022-04-20T16:28:40.102Z] > git config --get commit.template [1ms]
[2022-04-20T16:28:52.586Z] > git symbolic-ref --short HEAD [1ms]
[2022-04-20T16:28:52.592Z] > git for-each-ref --format=%(refname)%00%(upstream:short)%00%(objectname)%00%(upstream:track) refs/heads/blog refs/remotes/blog [1ms]
[2022-04-20T16:28:52.602Z] > git for-each-ref --sort -committerdate --format %(refname) %(objectname) %(*objectname) [5ms]
[2022-04-20T16:28:52.602Z] > git remote --verbose [1ms]
[2022-04-20T16:28:52.610Z] > git config --get commit.template [1ms]
[2022-04-20T16:28:59.783Z] > git symbolic-ref --short HEAD [1ms]
[2022-04-20T16:28:59.789Z] > git for-each-ref --format=%(refname)%00%(upstream:short)%00%(objectname)%00%(upstream:track) refs/heads/blog refs/remotes/blog [1ms]
[2022-04-20T16:28:59.796Z] > git for-each-ref --sort -committerdate --format %(refname) %(objectname) %(*objectname) [3ms]
[2022-04-20T16:28:59.797Z] > git remote --verbose [1ms]
[2022-04-20T16:28:59.802Z] > git config --get commit.template [1ms]
[2022-04-20T16:38:54.762Z] > git symbolic-ref --short HEAD [1ms]
[2022-04-20T16:38:54.768Z] > git for-each-ref --format=%(refname)%00%(upstream:short)%00%(objectname)%00%(upstream:track) refs/heads/blog refs/remotes/blog [1ms]
[2022-04-20T16:38:54.780Z] > git for-each-ref --sort -committerdate --format %(refname) %(objectname) %(*objectname) [7ms]
[2022-04-20T16:38:54.780Z] > git remote --verbose [1ms]
[2022-04-20T16:38:54.789Z] > git config --get commit.template [1ms]
[2022-04-20T18:43:00.486Z] > git symbolic-ref --short HEAD [1ms]
[2022-04-20T18:43:00.492Z] > git for-each-ref --format=%(refname)%00%(upstream:short)%00%(objectname)%00%(upstream:track) refs/heads/blog refs/remotes/blog [0ms]
[2022-04-20T18:43:00.502Z] > git for-each-ref --sort -committerdate --format %(refname) %(objectname) %(*objectname) [5ms]
[2022-04-20T18:43:00.502Z] > git remote --verbose [1ms]
[2022-04-20T18:43:00.511Z] > git config --get commit.template [0ms]
[2022-04-20T20:39:58.405Z] > git symbolic-ref --short HEAD [1ms]
[2022-04-20T20:39:58.410Z] > git for-each-ref --format=%(refname)%00%(upstream:short)%00%(objectname)%00%(upstream:track) refs/heads/blog refs/remotes/blog [0ms]
[2022-04-20T20:39:58.419Z] > git for-each-ref --sort -committerdate --format %(refname) %(objectname) %(*objectname) [4ms]
[2022-04-20T20:39:58.420Z] > git remote --verbose [1ms]
[2022-04-20T20:39:58.426Z] > git config --get commit.template [1ms]
[2022-04-20T20:39:58.504Z] > git ls-files --stage -- /home/traveler/Website-git/README.MD [1ms]
[2022-04-20T20:39:58.509Z] > git cat-file -s 52fa8531e07495113ae353290bcd4b0de57f9bd6 [1ms]
