[2022-04-23T02:15:30.670Z] Validando o git encontrado em: git
[2022-04-23T02:15:30.802Z] Usando o git 2.36.0 do git
[2022-04-23T02:15:30.870Z] > git rev-parse --git-dir [23ms]
[2022-04-23T02:15:30.872Z] Open repository: /home/traveler/Website-git
[2022-04-23T02:15:30.965Z] > git symbolic-ref --short HEAD [13ms]
[2022-04-23T02:15:30.981Z] > git rev-parse --git-dir [1ms]
[2022-04-23T02:15:30.983Z] Open repository: /home/traveler/WebsiteAula
[2022-04-23T02:15:30.992Z] > git for-each-ref --format=%(refname)%00%(upstream:short)%00%(objectname)%00%(upstream:track) refs/heads/blog refs/remotes/blog [22ms]
[2022-04-23T02:15:31.014Z] > git remote --verbose [11ms]
[2022-04-23T02:15:31.043Z] > git for-each-ref --sort -committerdate --format %(refname) %(objectname) %(*objectname) [45ms]
[2022-04-23T02:15:31.059Z] > git symbolic-ref --short HEAD [16ms]
[2022-04-23T02:15:31.075Z] > git for-each-ref --format=%(refname)%00%(upstream:short)%00%(objectname)%00%(upstream:track) refs/heads/main refs/remotes/main [10ms]
[2022-04-23T02:15:31.091Z] > git config --get commit.template [35ms]
[2022-04-23T02:15:31.094Z] > git remote --verbose [4ms]
[2022-04-23T02:15:31.094Z] > git for-each-ref --sort -committerdate --format %(refname) %(objectname) %(*objectname) [9ms]
[2022-04-23T02:15:31.116Z] > git config --get commit.template [3ms]
[2022-04-23T02:15:31.467Z] > git ls-files --stage -- /home/traveler/Website-git/README.MD [1ms]
[2022-04-23T02:15:31.472Z] > git cat-file -s 52fa8531e07495113ae353290bcd4b0de57f9bd6 [1ms]
[2022-04-23T02:16:28.105Z] > git symbolic-ref --short HEAD [1ms]
[2022-04-23T02:16:28.109Z] > git for-each-ref --format=%(refname)%00%(upstream:short)%00%(objectname)%00%(upstream:track) refs/heads/blog refs/remotes/blog [0ms]
[2022-04-23T02:16:28.117Z] > git for-each-ref --sort -committerdate --format %(refname) %(objectname) %(*objectname) [4ms]
[2022-04-23T02:16:28.117Z] > git remote --verbose [1ms]
[2022-04-23T02:16:28.127Z] > git config --get commit.template [3ms]
[2022-04-23T02:16:28.202Z] > git ls-files --stage -- /home/traveler/Website-git/README.MD [1ms]
[2022-04-23T02:16:28.207Z] > git cat-file -s 52fa8531e07495113ae353290bcd4b0de57f9bd6 [0ms]
[2022-04-23T02:16:31.746Z] > git ls-files --stage -- /home/traveler/Website-git/README.MD [1ms]
[2022-04-23T02:16:31.751Z] > git cat-file -s 52fa8531e07495113ae353290bcd4b0de57f9bd6 [0ms]
[2022-04-23T02:16:33.183Z] > git symbolic-ref --short HEAD [1ms]
[2022-04-23T02:16:33.187Z] > git for-each-ref --format=%(refname)%00%(upstream:short)%00%(objectname)%00%(upstream:track) refs/heads/blog refs/remotes/blog [1ms]
[2022-04-23T02:16:33.197Z] > git for-each-ref --sort -committerdate --format %(refname) %(objectname) %(*objectname) [6ms]
[2022-04-23T02:16:33.197Z] > git remote --verbose [1ms]
[2022-04-23T02:16:33.206Z] > git config --get commit.template [1ms]
[2022-04-23T02:16:34.636Z] > git ls-files --stage -- /home/traveler/Website-git/README.MD [1ms]
[2022-04-23T02:16:34.641Z] > git cat-file -s 52fa8531e07495113ae353290bcd4b0de57f9bd6 [1ms]
[2022-04-23T02:16:38.222Z] > git symbolic-ref --short HEAD [1ms]
[2022-04-23T02:16:38.227Z] > git for-each-ref --format=%(refname)%00%(upstream:short)%00%(objectname)%00%(upstream:track) refs/heads/blog refs/remotes/blog [0ms]
[2022-04-23T02:16:38.239Z] > git remote --verbose [1ms]
[2022-04-23T02:16:38.240Z] > git for-each-ref --sort -committerdate --format %(refname) %(objectname) %(*objectname) [7ms]
[2022-04-23T02:16:38.253Z] > git config --get commit.template [2ms]
[2022-04-23T02:17:35.040Z] > git ls-files --stage -- /home/traveler/Website-git/css/styles.css [1ms]
[2022-04-23T02:17:35.049Z] > git cat-file -s 56c8c311b5cba6574a7ae5134655c4cc656e8469 [1ms]
[2022-04-23T02:17:38.196Z] > git ls-files --stage -- /home/traveler/Website-git/css/base.css [1ms]
[2022-04-23T02:17:38.201Z] > git cat-file -s 57dbc4828e833e7cf556877c731d5a22bd6cce30 [1ms]
[2022-04-23T02:17:49.764Z] > git symbolic-ref --short HEAD [0ms]
[2022-04-23T02:17:49.771Z] > git for-each-ref --format=%(refname)%00%(upstream:short)%00%(objectname)%00%(upstream:track) refs/heads/blog refs/remotes/blog [1ms]
[2022-04-23T02:17:49.782Z] > git for-each-ref --sort -committerdate --format %(refname) %(objectname) %(*objectname) [4ms]
[2022-04-23T02:17:49.783Z] > git remote --verbose [1ms]
[2022-04-23T02:17:49.794Z] > git config --get commit.template [1ms]
[2022-04-23T02:18:02.764Z] > git symbolic-ref --short HEAD [1ms]
[2022-04-23T02:18:02.770Z] > git for-each-ref --format=%(refname)%00%(upstream:short)%00%(objectname)%00%(upstream:track) refs/heads/blog refs/remotes/blog [1ms]
[2022-04-23T02:18:02.780Z] > git for-each-ref --sort -committerdate --format %(refname) %(objectname) %(*objectname) [5ms]
[2022-04-23T02:18:02.781Z] > git remote --verbose [0ms]
[2022-04-23T02:18:02.790Z] > git config --get commit.template [2ms]
[2022-04-23T02:18:26.480Z] > git symbolic-ref --short HEAD [1ms]
[2022-04-23T02:18:26.490Z] > git for-each-ref --format=%(refname)%00%(upstream:short)%00%(objectname)%00%(upstream:track) refs/heads/blog refs/remotes/blog [1ms]
[2022-04-23T02:18:26.503Z] > git for-each-ref --sort -committerdate --format %(refname) %(objectname) %(*objectname) [7ms]
[2022-04-23T02:18:26.504Z] > git remote --verbose [1ms]
[2022-04-23T02:18:26.509Z] > git config --get commit.template [0ms]
[2022-04-23T02:18:32.673Z] > git symbolic-ref --short HEAD [0ms]
[2022-04-23T02:18:32.680Z] > git for-each-ref --format=%(refname)%00%(upstream:short)%00%(objectname)%00%(upstream:track) refs/heads/blog refs/remotes/blog [2ms]
[2022-04-23T02:18:32.688Z] > git for-each-ref --sort -committerdate --format %(refname) %(objectname) %(*objectname) [5ms]
[2022-04-23T02:18:32.688Z] > git remote --verbose [1ms]
[2022-04-23T02:18:32.696Z] > git config --get commit.template [1ms]
[2022-04-23T02:18:43.873Z] > git symbolic-ref --short HEAD [1ms]
[2022-04-23T02:18:43.881Z] > git for-each-ref --format=%(refname)%00%(upstream:short)%00%(objectname)%00%(upstream:track) refs/heads/blog refs/remotes/blog [0ms]
[2022-04-23T02:18:43.896Z] > git for-each-ref --sort -committerdate --format %(refname) %(objectname) %(*objectname) [8ms]
[2022-04-23T02:18:43.896Z] > git remote --verbose [1ms]
[2022-04-23T02:18:43.906Z] > git config --get commit.template [1ms]
[2022-04-23T02:18:50.100Z] > git symbolic-ref --short HEAD [1ms]
[2022-04-23T02:18:50.108Z] > git for-each-ref --format=%(refname)%00%(upstream:short)%00%(objectname)%00%(upstream:track) refs/heads/blog refs/remotes/blog [1ms]
[2022-04-23T02:18:50.121Z] > git for-each-ref --sort -committerdate --format %(refname) %(objectname) %(*objectname) [7ms]
[2022-04-23T02:18:50.122Z] > git remote --verbose [2ms]
[2022-04-23T02:18:50.133Z] > git config --get commit.template [1ms]
[2022-04-23T02:19:03.403Z] > git symbolic-ref --short HEAD [2ms]
[2022-04-23T02:19:03.411Z] > git for-each-ref --format=%(refname)%00%(upstream:short)%00%(objectname)%00%(upstream:track) refs/heads/blog refs/remotes/blog [0ms]
[2022-04-23T02:19:03.419Z] > git for-each-ref --sort -committerdate --format %(refname) %(objectname) %(*objectname) [4ms]
[2022-04-23T02:19:03.419Z] > git remote --verbose [1ms]
[2022-04-23T02:19:03.426Z] > git config --get commit.template [1ms]
[2022-04-23T02:19:11.426Z] > git ls-files --stage -- /home/traveler/Website-git/css/styles.css [0ms]
[2022-04-23T02:19:11.431Z] > git cat-file -s 56c8c311b5cba6574a7ae5134655c4cc656e8469 [1ms]
[2022-04-23T02:19:32.647Z] > git symbolic-ref --short HEAD [1ms]
[2022-04-23T02:19:32.654Z] > git for-each-ref --format=%(refname)%00%(upstream:short)%00%(objectname)%00%(upstream:track) refs/heads/blog refs/remotes/blog [1ms]
[2022-04-23T02:19:32.664Z] > git for-each-ref --sort -committerdate --format %(refname) %(objectname) %(*objectname) [5ms]
[2022-04-23T02:19:32.664Z] > git remote --verbose [1ms]
[2022-04-23T02:19:32.671Z] > git config --get commit.template [1ms]
[2022-04-23T02:19:53.695Z] > git symbolic-ref --short HEAD [1ms]
[2022-04-23T02:19:53.703Z] > git for-each-ref --format=%(refname)%00%(upstream:short)%00%(objectname)%00%(upstream:track) refs/heads/blog refs/remotes/blog [1ms]
[2022-04-23T02:19:53.714Z] > git for-each-ref --sort -committerdate --format %(refname) %(objectname) %(*objectname) [5ms]
[2022-04-23T02:19:53.714Z] > git remote --verbose [1ms]
[2022-04-23T02:19:53.720Z] > git config --get commit.template [1ms]
[2022-04-23T02:20:12.355Z] > git symbolic-ref --short HEAD [1ms]
[2022-04-23T02:20:12.363Z] > git for-each-ref --format=%(refname)%00%(upstream:short)%00%(objectname)%00%(upstream:track) refs/heads/blog refs/remotes/blog [1ms]
[2022-04-23T02:20:12.375Z] > git for-each-ref --sort -committerdate --format %(refname) %(objectname) %(*objectname) [6ms]
[2022-04-23T02:20:12.375Z] > git remote --verbose [1ms]
[2022-04-23T02:20:12.382Z] > git config --get commit.template [0ms]
[2022-04-23T02:20:17.941Z] > git symbolic-ref --short HEAD [1ms]
[2022-04-23T02:20:17.947Z] > git for-each-ref --format=%(refname)%00%(upstream:short)%00%(objectname)%00%(upstream:track) refs/heads/blog refs/remotes/blog [1ms]
[2022-04-23T02:20:17.960Z] > git for-each-ref --sort -committerdate --format %(refname) %(objectname) %(*objectname) [5ms]
[2022-04-23T02:20:17.960Z] > git remote --verbose [1ms]
[2022-04-23T02:20:17.967Z] > git config --get commit.template [0ms]
[2022-04-23T02:20:25.582Z] > git symbolic-ref --short HEAD [0ms]
[2022-04-23T02:20:25.589Z] > git for-each-ref --format=%(refname)%00%(upstream:short)%00%(objectname)%00%(upstream:track) refs/heads/blog refs/remotes/blog [1ms]
[2022-04-23T02:20:25.599Z] > git for-each-ref --sort -committerdate --format %(refname) %(objectname) %(*objectname) [5ms]
[2022-04-23T02:20:25.600Z] > git remote --verbose [1ms]
[2022-04-23T02:20:25.607Z] > git config --get commit.template [1ms]
[2022-04-23T02:20:32.660Z] > git symbolic-ref --short HEAD [1ms]
[2022-04-23T02:20:32.667Z] > git for-each-ref --format=%(refname)%00%(upstream:short)%00%(objectname)%00%(upstream:track) refs/heads/blog refs/remotes/blog [1ms]
[2022-04-23T02:20:32.684Z] > git for-each-ref --sort -committerdate --format %(refname) %(objectname) %(*objectname) [8ms]
[2022-04-23T02:20:32.684Z] > git remote --verbose [1ms]
[2022-04-23T02:20:32.694Z] > git config --get commit.template [1ms]
[2022-04-23T02:20:38.710Z] > git symbolic-ref --short HEAD [1ms]
[2022-04-23T02:20:38.717Z] > git for-each-ref --format=%(refname)%00%(upstream:short)%00%(objectname)%00%(upstream:track) refs/heads/blog refs/remotes/blog [1ms]
[2022-04-23T02:20:38.730Z] > git for-each-ref --sort -committerdate --format %(refname) %(objectname) %(*objectname) [5ms]
[2022-04-23T02:20:38.730Z] > git remote --verbose [1ms]
[2022-04-23T02:20:38.736Z] > git config --get commit.template [1ms]
[2022-04-23T02:20:46.241Z] > git symbolic-ref --short HEAD [0ms]
[2022-04-23T02:20:46.249Z] > git for-each-ref --format=%(refname)%00%(upstream:short)%00%(objectname)%00%(upstream:track) refs/heads/blog refs/remotes/blog [0ms]
[2022-04-23T02:20:46.263Z] > git for-each-ref --sort -committerdate --format %(refname) %(objectname) %(*objectname) [6ms]
[2022-04-23T02:20:46.264Z] > git remote --verbose [1ms]
[2022-04-23T02:20:46.273Z] > git config --get commit.template [1ms]
[2022-04-23T02:21:17.058Z] > git symbolic-ref --short HEAD [0ms]
[2022-04-23T02:21:17.067Z] > git for-each-ref --format=%(refname)%00%(upstream:short)%00%(objectname)%00%(upstream:track) refs/heads/blog refs/remotes/blog [2ms]
[2022-04-23T02:21:17.084Z] > git for-each-ref --sort -committerdate --format %(refname) %(objectname) %(*objectname) [9ms]
[2022-04-23T02:21:17.084Z] > git remote --verbose [1ms]
[2022-04-23T02:21:17.093Z] > git config --get commit.template [1ms]
[2022-04-23T02:21:22.106Z] > git symbolic-ref --short HEAD [0ms]
[2022-04-23T02:21:22.112Z] > git for-each-ref --format=%(refname)%00%(upstream:short)%00%(objectname)%00%(upstream:track) refs/heads/blog refs/remotes/blog [1ms]
[2022-04-23T02:21:22.123Z] > git for-each-ref --sort -committerdate --format %(refname) %(objectname) %(*objectname) [6ms]
[2022-04-23T02:21:22.123Z] > git remote --verbose [1ms]
[2022-04-23T02:21:22.131Z] > git config --get commit.template [1ms]
[2022-04-23T02:21:28.597Z] > git symbolic-ref --short HEAD [0ms]
[2022-04-23T02:21:28.603Z] > git for-each-ref --format=%(refname)%00%(upstream:short)%00%(objectname)%00%(upstream:track) refs/heads/blog refs/remotes/blog [0ms]
[2022-04-23T02:21:28.617Z] > git for-each-ref --sort -committerdate --format %(refname) %(objectname) %(*objectname) [8ms]
[2022-04-23T02:21:28.618Z] > git remote --verbose [2ms]
[2022-04-23T02:21:28.626Z] > git config --get commit.template [1ms]
[2022-04-23T02:21:28.691Z] > git ls-files --stage -- /home/traveler/Website-git/css/styles.css [0ms]
[2022-04-23T02:21:28.697Z] > git cat-file -s 862b0467ff042160ad2583dd0ad2b298aab5be39 [1ms]
[2022-04-23T02:21:37.743Z] > git symbolic-ref --short HEAD [0ms]
[2022-04-23T02:21:37.750Z] > git for-each-ref --format=%(refname)%00%(upstream:short)%00%(objectname)%00%(upstream:track) refs/heads/blog refs/remotes/blog [1ms]
[2022-04-23T02:21:37.757Z] > git for-each-ref --sort -committerdate --format %(refname) %(objectname) %(*objectname) [3ms]
[2022-04-23T02:21:37.758Z] > git remote --verbose [1ms]
[2022-04-23T02:21:37.765Z] > git config --get commit.template [1ms]
[2022-04-23T02:21:45.343Z] > git symbolic-ref --short HEAD [1ms]
[2022-04-23T02:21:45.351Z] > git for-each-ref --format=%(refname)%00%(upstream:short)%00%(objectname)%00%(upstream:track) refs/heads/blog refs/remotes/blog [1ms]
[2022-04-23T02:21:45.361Z] > git for-each-ref --sort -committerdate --format %(refname) %(objectname) %(*objectname) [5ms]
[2022-04-23T02:21:45.361Z] > git remote --verbose [1ms]
[2022-04-23T02:21:45.372Z] > git config --get commit.template [0ms]
[2022-04-23T02:22:12.985Z] > git symbolic-ref --short HEAD [1ms]
[2022-04-23T02:22:12.990Z] > git for-each-ref --format=%(refname)%00%(upstream:short)%00%(objectname)%00%(upstream:track) refs/heads/blog refs/remotes/blog [1ms]
[2022-04-23T02:22:12.998Z] > git for-each-ref --sort -committerdate --format %(refname) %(objectname) %(*objectname) [4ms]
[2022-04-23T02:22:12.998Z] > git remote --verbose [1ms]
[2022-04-23T02:22:13.006Z] > git config --get commit.template [1ms]
[2022-04-23T02:23:32.672Z] > git ls-files --stage -- /home/traveler/Website-git/css/projects.css [1ms]
[2022-04-23T02:23:32.677Z] > git cat-file -s cbfa77dd785f18febba031e12abd36cd00e4fb7b [1ms]
[2022-04-23T02:23:34.551Z] > git ls-files --stage -- /home/traveler/Website-git/splash.php [0ms]
[2022-04-23T02:23:34.559Z] > git cat-file -s 84805f806b72ebc1d09650cc980b1ed92140eaee [1ms]
[2022-04-23T02:24:11.462Z] > git ls-files --stage -- /home/traveler/Website-git/css/projects.css [0ms]
[2022-04-23T02:24:11.467Z] > git cat-file -s cbfa77dd785f18febba031e12abd36cd00e4fb7b [1ms]
[2022-04-23T02:24:11.751Z] > git ls-files --stage -- /home/traveler/Website-git/css/styles.css [1ms]
[2022-04-23T02:24:11.756Z] > git cat-file -s 862b0467ff042160ad2583dd0ad2b298aab5be39 [0ms]
[2022-04-23T02:24:24.421Z] > git symbolic-ref --short HEAD [1ms]
[2022-04-23T02:24:24.426Z] > git for-each-ref --format=%(refname)%00%(upstream:short)%00%(objectname)%00%(upstream:track) refs/heads/blog refs/remotes/blog [0ms]
[2022-04-23T02:24:24.438Z] > git for-each-ref --sort -committerdate --format %(refname) %(objectname) %(*objectname) [6ms]
[2022-04-23T02:24:24.438Z] > git remote --verbose [1ms]
[2022-04-23T02:24:24.447Z] > git config --get commit.template [1ms]
[2022-04-23T02:24:45.976Z] > git symbolic-ref --short HEAD [1ms]
[2022-04-23T02:24:45.981Z] > git for-each-ref --format=%(refname)%00%(upstream:short)%00%(objectname)%00%(upstream:track) refs/heads/blog refs/remotes/blog [0ms]
[2022-04-23T02:24:45.994Z] > git for-each-ref --sort -committerdate --format %(refname) %(objectname) %(*objectname) [7ms]
[2022-04-23T02:24:45.994Z] > git remote --verbose [1ms]
[2022-04-23T02:24:46.002Z] > git config --get commit.template [1ms]
[2022-04-23T02:24:51.013Z] > git symbolic-ref --short HEAD [1ms]
[2022-04-23T02:24:51.019Z] > git for-each-ref --format=%(refname)%00%(upstream:short)%00%(objectname)%00%(upstream:track) refs/heads/blog refs/remotes/blog [1ms]
[2022-04-23T02:24:51.028Z] > git for-each-ref --sort -committerdate --format %(refname) %(objectname) %(*objectname) [5ms]
[2022-04-23T02:24:51.028Z] > git remote --verbose [1ms]
[2022-04-23T02:24:51.036Z] > git config --get commit.template [1ms]
[2022-04-23T02:25:14.763Z] > git ls-files --stage -- /home/traveler/Website-git/purehtml/css/base.css [0ms]
[2022-04-23T02:25:18.699Z] > git ls-files --stage -- /home/traveler/Website-git/css/styles.css [1ms]
[2022-04-23T02:25:18.705Z] > git cat-file -s 862b0467ff042160ad2583dd0ad2b298aab5be39 [0ms]
[2022-04-23T02:25:19.566Z] > git ls-files --stage -- /home/traveler/Website-git/purehtml/css/base.css [1ms]
[2022-04-23T02:25:19.835Z] > git ls-files --stage -- /home/traveler/Website-git/purehtml/css/styles copy.css [0ms]
[2022-04-23T02:25:20.663Z] > git symbolic-ref --short HEAD [1ms]
[2022-04-23T02:25:20.671Z] > git for-each-ref --format=%(refname)%00%(upstream:short)%00%(objectname)%00%(upstream:track) refs/heads/blog refs/remotes/blog [1ms]
[2022-04-23T02:25:20.685Z] > git for-each-ref --sort -committerdate --format %(refname) %(objectname) %(*objectname) [7ms]
[2022-04-23T02:25:20.685Z] > git remote --verbose [1ms]
[2022-04-23T02:25:20.696Z] > git config --get commit.template [1ms]
[2022-04-23T02:25:21.151Z] > git ls-files --stage -- /home/traveler/Website-git/purehtml/css/styles.css [1ms]
[2022-04-23T02:25:23.126Z] > git ls-files --stage -- /home/traveler/Website-git/purehtml/css/styles copy.css [1ms]
[2022-04-23T02:25:25.712Z] > git symbolic-ref --short HEAD [1ms]
[2022-04-23T02:25:25.715Z] > git for-each-ref --format=%(refname)%00%(upstream:short)%00%(objectname)%00%(upstream:track) refs/heads/blog refs/remotes/blog [0ms]
[2022-04-23T02:25:25.726Z] > git for-each-ref --sort -committerdate --format %(refname) %(objectname) %(*objectname) [5ms]
[2022-04-23T02:25:25.727Z] > git remote --verbose [1ms]
[2022-04-23T02:25:25.736Z] > git config --get commit.template [1ms]
[2022-04-23T02:25:26.575Z] > git ls-files --stage -- /home/traveler/Website-git/purehtml/css/styles.css [1ms]
[2022-04-23T02:25:30.748Z] > git symbolic-ref --short HEAD [0ms]
[2022-04-23T02:25:30.755Z] > git for-each-ref --format=%(refname)%00%(upstream:short)%00%(objectname)%00%(upstream:track) refs/heads/blog refs/remotes/blog [1ms]
[2022-04-23T02:25:30.763Z] > git for-each-ref --sort -committerdate --format %(refname) %(objectname) %(*objectname) [3ms]
[2022-04-23T02:25:30.763Z] > git remote --verbose [0ms]
[2022-04-23T02:25:30.771Z] > git config --get commit.template [1ms]
[2022-04-23T02:25:51.130Z] > git symbolic-ref --short HEAD [1ms]
[2022-04-23T02:25:51.137Z] > git for-each-ref --format=%(refname)%00%(upstream:short)%00%(objectname)%00%(upstream:track) refs/heads/blog refs/remotes/blog [1ms]
[2022-04-23T02:25:51.147Z] > git for-each-ref --sort -committerdate --format %(refname) %(objectname) %(*objectname) [5ms]
[2022-04-23T02:25:51.147Z] > git remote --verbose [0ms]
[2022-04-23T02:25:51.156Z] > git config --get commit.template [2ms]
