[2022-04-30 17:29:09.257] [renderer1] [info] Ignoring configured affinity for 'pub.name' because the extension is unknown or cannot execute.
[2022-04-30 17:29:09.631] [renderer1] [info] Ignoring configured affinity for 'pub.name' because the extension is unknown or cannot execute.
[2022-04-30 17:29:11.961] [renderer1] [error] [idleberg.icon-fonts]: Linguagem desconhecida em `contributes.icon-fonts.language`. Valor fornecido: blade
[2022-04-30 17:29:11.962] [renderer1] [error] [idleberg.icon-fonts]: Linguagem desconhecida em `contributes.icon-fonts.language`. Valor fornecido: blade
[2022-04-30 17:29:11.963] [renderer1] [error] [idleberg.icon-fonts]: Linguagem desconhecida em `contributes.icon-fonts.language`. Valor fornecido: blade
[2022-04-30 17:29:11.963] [renderer1] [error] [idleberg.icon-fonts]: Linguagem desconhecida em `contributes.icon-fonts.language`. Valor fornecido: blade
[2022-04-30 17:29:11.963] [renderer1] [error] [idleberg.icon-fonts]: Linguagem desconhecida em `contributes.icon-fonts.language`. Valor fornecido: blade
[2022-04-30 17:29:11.963] [renderer1] [error] [idleberg.icon-fonts]: Linguagem desconhecida em `contributes.icon-fonts.language`. Valor fornecido: blade
[2022-04-30 17:29:11.964] [renderer1] [error] [idleberg.icon-fonts]: Linguagem desconhecida em `contributes.icon-fonts.language`. Valor fornecido: blade
[2022-04-30 17:29:11.964] [renderer1] [error] [idleberg.icon-fonts]: Linguagem desconhecida em `contributes.icon-fonts.language`. Valor fornecido: blade
[2022-04-30 17:29:11.964] [renderer1] [error] [idleberg.icon-fonts]: Linguagem desconhecida em `contributes.icon-fonts.language`. Valor fornecido: blade
[2022-04-30 17:29:11.964] [renderer1] [error] [idleberg.icon-fonts]: Linguagem desconhecida em `contributes.icon-fonts.language`. Valor fornecido: blade
[2022-04-30 17:29:11.964] [renderer1] [error] [idleberg.icon-fonts]: Linguagem desconhecida em `contributes.icon-fonts.language`. Valor fornecido: blade
[2022-04-30 17:29:11.965] [renderer1] [error] [idleberg.icon-fonts]: Linguagem desconhecida em `contributes.icon-fonts.language`. Valor fornecido: blade
[2022-04-30 17:29:11.965] [renderer1] [error] [idleberg.icon-fonts]: Linguagem desconhecida em `contributes.icon-fonts.language`. Valor fornecido: blade
[2022-04-30 17:29:11.965] [renderer1] [error] [idleberg.icon-fonts]: Linguagem desconhecida em `contributes.icon-fonts.language`. Valor fornecido: blade
[2022-04-30 17:29:11.965] [renderer1] [error] [idleberg.icon-fonts]: Linguagem desconhecida em `contributes.icon-fonts.language`. Valor fornecido: blade
[2022-04-30 17:29:11.965] [renderer1] [error] [idleberg.icon-fonts]: Linguagem desconhecida em `contributes.icon-fonts.language`. Valor fornecido: blade
[2022-04-30 17:29:11.966] [renderer1] [error] [idleberg.icon-fonts]: Linguagem desconhecida em `contributes.icon-fonts.language`. Valor fornecido: blade
[2022-04-30 17:29:11.966] [renderer1] [error] [idleberg.icon-fonts]: Linguagem desconhecida em `contributes.icon-fonts.language`. Valor fornecido: blade
[2022-04-30 17:29:11.966] [renderer1] [error] [idleberg.icon-fonts]: Linguagem desconhecida em `contributes.icon-fonts.language`. Valor fornecido: blade
[2022-04-30 17:29:11.966] [renderer1] [error] [idleberg.icon-fonts]: Linguagem desconhecida em `contributes.icon-fonts.language`. Valor fornecido: blade
[2022-04-30 17:29:11.966] [renderer1] [error] [idleberg.icon-fonts]: Linguagem desconhecida em `contributes.icon-fonts.language`. Valor fornecido: blade
[2022-04-30 17:29:11.966] [renderer1] [error] [idleberg.icon-fonts]: Linguagem desconhecida em `contributes.icon-fonts.language`. Valor fornecido: blade
[2022-04-30 17:29:11.967] [renderer1] [error] [idleberg.icon-fonts]: Linguagem desconhecida em `contributes.icon-fonts.language`. Valor fornecido: blade
[2022-04-30 17:29:11.967] [renderer1] [error] [idleberg.icon-fonts]: Linguagem desconhecida em `contributes.icon-fonts.language`. Valor fornecido: blade
[2022-04-30 17:29:11.967] [renderer1] [error] [idleberg.icon-fonts]: Linguagem desconhecida em `contributes.icon-fonts.language`. Valor fornecido: blade
[2022-04-30 17:29:11.967] [renderer1] [error] [idleberg.icon-fonts]: Linguagem desconhecida em `contributes.icon-fonts.language`. Valor fornecido: blade
[2022-04-30 17:29:11.967] [renderer1] [error] [idleberg.icon-fonts]: Linguagem desconhecida em `contributes.icon-fonts.language`. Valor fornecido: blade
[2022-04-30 17:29:11.967] [renderer1] [error] [idleberg.icon-fonts]: Linguagem desconhecida em `contributes.icon-fonts.language`. Valor fornecido: vue-html
[2022-04-30 17:29:11.971] [renderer1] [error] [idleberg.icon-fonts]: Linguagem desconhecida em `contributes.icon-fonts.language`. Valor fornecido: vue-html
[2022-04-30 17:29:11.972] [renderer1] [error] [idleberg.icon-fonts]: Linguagem desconhecida em `contributes.icon-fonts.language`. Valor fornecido: vue-html
[2022-04-30 17:29:11.972] [renderer1] [error] [idleberg.icon-fonts]: Linguagem desconhecida em `contributes.icon-fonts.language`. Valor fornecido: vue-html
[2022-04-30 17:29:11.973] [renderer1] [error] [idleberg.icon-fonts]: Linguagem desconhecida em `contributes.icon-fonts.language`. Valor fornecido: vue-html
[2022-04-30 17:29:11.973] [renderer1] [error] [idleberg.icon-fonts]: Linguagem desconhecida em `contributes.icon-fonts.language`. Valor fornecido: vue-html
[2022-04-30 17:29:11.974] [renderer1] [error] [idleberg.icon-fonts]: Linguagem desconhecida em `contributes.icon-fonts.language`. Valor fornecido: vue-html
[2022-04-30 17:29:11.974] [renderer1] [error] [idleberg.icon-fonts]: Linguagem desconhecida em `contributes.icon-fonts.language`. Valor fornecido: vue-html
[2022-04-30 17:29:11.974] [renderer1] [error] [idleberg.icon-fonts]: Linguagem desconhecida em `contributes.icon-fonts.language`. Valor fornecido: vue-html
[2022-04-30 17:29:11.974] [renderer1] [error] [idleberg.icon-fonts]: Linguagem desconhecida em `contributes.icon-fonts.language`. Valor fornecido: vue-html
[2022-04-30 17:29:11.974] [renderer1] [error] [idleberg.icon-fonts]: Linguagem desconhecida em `contributes.icon-fonts.language`. Valor fornecido: vue-html
[2022-04-30 17:29:11.974] [renderer1] [error] [idleberg.icon-fonts]: Linguagem desconhecida em `contributes.icon-fonts.language`. Valor fornecido: vue-html
[2022-04-30 17:29:11.975] [renderer1] [error] [idleberg.icon-fonts]: Linguagem desconhecida em `contributes.icon-fonts.language`. Valor fornecido: vue-html
[2022-04-30 17:29:11.975] [renderer1] [error] [idleberg.icon-fonts]: Linguagem desconhecida em `contributes.icon-fonts.language`. Valor fornecido: vue-html
[2022-04-30 17:29:11.975] [renderer1] [error] [idleberg.icon-fonts]: Linguagem desconhecida em `contributes.icon-fonts.language`. Valor fornecido: vue-html
[2022-04-30 17:29:11.975] [renderer1] [error] [idleberg.icon-fonts]: Linguagem desconhecida em `contributes.icon-fonts.language`. Valor fornecido: vue-html
[2022-04-30 17:29:11.975] [renderer1] [error] [idleberg.icon-fonts]: Linguagem desconhecida em `contributes.icon-fonts.language`. Valor fornecido: vue-html
[2022-04-30 17:29:11.976] [renderer1] [error] [idleberg.icon-fonts]: Linguagem desconhecida em `contributes.icon-fonts.language`. Valor fornecido: vue-html
[2022-04-30 17:29:11.976] [renderer1] [error] [idleberg.icon-fonts]: Linguagem desconhecida em `contributes.icon-fonts.language`. Valor fornecido: vue-html
[2022-04-30 17:29:11.976] [renderer1] [error] [idleberg.icon-fonts]: Linguagem desconhecida em `contributes.icon-fonts.language`. Valor fornecido: vue-html
[2022-04-30 17:29:11.977] [renderer1] [error] [idleberg.icon-fonts]: Linguagem desconhecida em `contributes.icon-fonts.language`. Valor fornecido: vue-html
[2022-04-30 17:29:11.977] [renderer1] [error] [idleberg.icon-fonts]: Linguagem desconhecida em `contributes.icon-fonts.language`. Valor fornecido: vue-html
[2022-04-30 17:29:11.977] [renderer1] [error] [idleberg.icon-fonts]: Linguagem desconhecida em `contributes.icon-fonts.language`. Valor fornecido: vue-html
[2022-04-30 17:29:11.978] [renderer1] [error] [idleberg.icon-fonts]: Linguagem desconhecida em `contributes.icon-fonts.language`. Valor fornecido: vue-html
[2022-04-30 17:29:11.978] [renderer1] [error] [idleberg.icon-fonts]: Linguagem desconhecida em `contributes.icon-fonts.language`. Valor fornecido: vue-html
[2022-04-30 17:29:11.978] [renderer1] [error] [idleberg.icon-fonts]: Linguagem desconhecida em `contributes.icon-fonts.language`. Valor fornecido: vue-html
[2022-04-30 17:29:11.978] [renderer1] [error] [idleberg.icon-fonts]: Linguagem desconhecida em `contributes.icon-fonts.language`. Valor fornecido: vue-html
[2022-04-30 17:29:11.978] [renderer1] [error] [idleberg.icon-fonts]: Linguagem desconhecida em `contributes.icon-fonts.language`. Valor fornecido: svelte
[2022-04-30 17:29:11.978] [renderer1] [error] [idleberg.icon-fonts]: Linguagem desconhecida em `contributes.icon-fonts.language`. Valor fornecido: svelte
[2022-04-30 17:29:11.978] [renderer1] [error] [idleberg.icon-fonts]: Linguagem desconhecida em `contributes.icon-fonts.language`. Valor fornecido: svelte
[2022-04-30 17:29:11.979] [renderer1] [error] [idleberg.icon-fonts]: Linguagem desconhecida em `contributes.icon-fonts.language`. Valor fornecido: svelte
[2022-04-30 17:29:11.979] [renderer1] [error] [idleberg.icon-fonts]: Linguagem desconhecida em `contributes.icon-fonts.language`. Valor fornecido: svelte
[2022-04-30 17:29:11.979] [renderer1] [error] [idleberg.icon-fonts]: Linguagem desconhecida em `contributes.icon-fonts.language`. Valor fornecido: svelte
[2022-04-30 17:29:11.979] [renderer1] [error] [idleberg.icon-fonts]: Linguagem desconhecida em `contributes.icon-fonts.language`. Valor fornecido: svelte
[2022-04-30 17:29:11.979] [renderer1] [error] [idleberg.icon-fonts]: Linguagem desconhecida em `contributes.icon-fonts.language`. Valor fornecido: svelte
[2022-04-30 17:29:11.980] [renderer1] [error] [idleberg.icon-fonts]: Linguagem desconhecida em `contributes.icon-fonts.language`. Valor fornecido: svelte
[2022-04-30 17:29:11.980] [renderer1] [error] [idleberg.icon-fonts]: Linguagem desconhecida em `contributes.icon-fonts.language`. Valor fornecido: svelte
[2022-04-30 17:29:11.980] [renderer1] [error] [idleberg.icon-fonts]: Linguagem desconhecida em `contributes.icon-fonts.language`. Valor fornecido: svelte
[2022-04-30 17:29:11.980] [renderer1] [error] [idleberg.icon-fonts]: Linguagem desconhecida em `contributes.icon-fonts.language`. Valor fornecido: svelte
[2022-04-30 17:29:11.980] [renderer1] [error] [idleberg.icon-fonts]: Linguagem desconhecida em `contributes.icon-fonts.language`. Valor fornecido: svelte
[2022-04-30 17:29:11.980] [renderer1] [error] [idleberg.icon-fonts]: Linguagem desconhecida em `contributes.icon-fonts.language`. Valor fornecido: svelte
[2022-04-30 17:29:11.981] [renderer1] [error] [idleberg.icon-fonts]: Linguagem desconhecida em `contributes.icon-fonts.language`. Valor fornecido: svelte
[2022-04-30 17:29:11.981] [renderer1] [error] [idleberg.icon-fonts]: Linguagem desconhecida em `contributes.icon-fonts.language`. Valor fornecido: svelte
[2022-04-30 17:29:11.981] [renderer1] [error] [idleberg.icon-fonts]: Linguagem desconhecida em `contributes.icon-fonts.language`. Valor fornecido: svelte
[2022-04-30 17:29:11.982] [renderer1] [error] [idleberg.icon-fonts]: Linguagem desconhecida em `contributes.icon-fonts.language`. Valor fornecido: svelte
[2022-04-30 17:29:11.982] [renderer1] [error] [idleberg.icon-fonts]: Linguagem desconhecida em `contributes.icon-fonts.language`. Valor fornecido: svelte
[2022-04-30 17:29:11.982] [renderer1] [error] [idleberg.icon-fonts]: Linguagem desconhecida em `contributes.icon-fonts.language`. Valor fornecido: svelte
[2022-04-30 17:29:11.982] [renderer1] [error] [idleberg.icon-fonts]: Linguagem desconhecida em `contributes.icon-fonts.language`. Valor fornecido: svelte
[2022-04-30 17:29:11.982] [renderer1] [error] [idleberg.icon-fonts]: Linguagem desconhecida em `contributes.icon-fonts.language`. Valor fornecido: svelte
[2022-04-30 17:29:11.983] [renderer1] [error] [idleberg.icon-fonts]: Linguagem desconhecida em `contributes.icon-fonts.language`. Valor fornecido: svelte
[2022-04-30 17:29:11.983] [renderer1] [error] [idleberg.icon-fonts]: Linguagem desconhecida em `contributes.icon-fonts.language`. Valor fornecido: svelte
[2022-04-30 17:29:11.983] [renderer1] [error] [idleberg.icon-fonts]: Linguagem desconhecida em `contributes.icon-fonts.language`. Valor fornecido: svelte
[2022-04-30 17:29:11.984] [renderer1] [error] [idleberg.icon-fonts]: Linguagem desconhecida em `contributes.icon-fonts.language`. Valor fornecido: svelte
[2022-04-30 17:29:11.984] [renderer1] [error] [idleberg.icon-fonts]: Linguagem desconhecida em `contributes.icon-fonts.language`. Valor fornecido: svelte
[2022-04-30 17:29:11.984] [renderer1] [error] [robole.javascript-snippets]: Linguagem desconhecida em `contributes.javascript-snippets.language`. Valor fornecido: svelte
