[2022-04-25 06:51:31.598] [exthost] [info] Extension host with pid 1294344 started
[2022-04-25 06:51:31.598] [exthost] [info] Skipping acquiring lock for /home/traveler/.config/Code - OSS/User/workspaceStorage/8c85b52fd23718bfcd9bb420715a62cc.
[2022-04-25 06:51:31.681] [exthost] [info] ExtensionService#_doActivateExtension vscode.image-preview, startup: false, activationEvent: 'onCustomEditor:imagePreview.previewEditor'
[2022-04-25 06:51:31.687] [exthost] [info] ExtensionService#_doActivateExtension vscode.debug-auto-launch, startup: true, activationEvent: '*'
[2022-04-25 06:51:31.692] [exthost] [info] ExtensionService#_doActivateExtension vscode.git-base, startup: true, activationEvent: '*', root cause: vscode.git
[2022-04-25 06:51:31.699] [exthost] [info] ExtensionService#_doActivateExtension vscode.ipynb, startup: true, activationEvent: '*'
[2022-04-25 06:51:31.712] [exthost] [info] ExtensionService#_doActivateExtension ecmel.vscode-html-css, startup: true, activationEvent: '*'
[2022-04-25 06:51:31.746] [exthost] [info] ExtensionService#_doActivateExtension RobbOwen.synthwave-vscode, startup: true, activationEvent: '*'
[2022-04-25 06:51:31.768] [exthost] [info] ExtensionService#_doActivateExtension s-nlf-fh.glassit, startup: true, activationEvent: '*'
[2022-04-25 06:51:31.830] [exthost] [info] ExtensionService#_doActivateExtension vscode-icons-team.vscode-icons, startup: true, activationEvent: '*'
[2022-04-25 06:51:31.847] [exthost] [info] ExtensionService#_doActivateExtension vscodevim.vim, startup: true, activationEvent: '*'
[2022-04-25 06:51:32.185] [exthost] [info] ExtensionService#_doActivateExtension vscode.git, startup: true, activationEvent: '*'
[2022-04-25 06:51:32.242] [exthost] [info] ExtensionService#_doActivateExtension vscode.github, startup: true, activationEvent: '*'
[2022-04-25 06:51:32.258] [exthost] [info] ExtensionService#_doActivateExtension vscode.configuration-editing, startup: false, activationEvent: 'onLanguage:jsonc'
[2022-04-25 06:51:32.264] [exthost] [info] ExtensionService#_doActivateExtension vscode.json-language-features, startup: false, activationEvent: 'onLanguage:jsonc'
[2022-04-25 06:51:32.312] [exthost] [info] ExtensionService#_doActivateExtension vscode.typescript-language-features, startup: false, activationEvent: 'onLanguage:jsonc'
[2022-04-25 06:51:41.684] [exthost] [info] ExtensionService#_doActivateExtension vscode.emmet, startup: false, activationEvent: 'onStartupFinished'
[2022-04-25 06:51:41.714] [exthost] [info] ExtensionService#_doActivateExtension vscode.merge-conflict, startup: false, activationEvent: 'onStartupFinished'
[2022-04-25 06:51:41.719] [exthost] [info] ExtensionService#_doActivateExtension esbenp.prettier-vscode, startup: false, activationEvent: 'onStartupFinished'
[2022-04-25 06:51:41.779] [exthost] [info] ExtensionService#_doActivateExtension vadimcn.vscode-lldb, startup: false, activationEvent: 'onStartupFinished'
[2022-04-25 06:52:28.260] [exthost] [info] ExtensionService#_doActivateExtension vscode.extension-editing, startup: false, activationEvent: 'onLanguage:markdown'
[2022-04-25 06:52:28.268] [exthost] [info] ExtensionService#_doActivateExtension vscode.markdown-language-features, startup: false, activationEvent: 'onLanguage:markdown'
[2022-04-25 06:52:28.377] [exthost] [info] ExtensionService#_doActivateExtension vscode.markdown-math, startup: false, activationEvent: 'api', root cause: vscode.markdown-language-features
[2022-04-25 07:24:17.347] [exthost] [info] ExtensionService#_doActivateExtension vscode.php-language-features, startup: false, activationEvent: 'onLanguage:php'
[2022-04-25 07:24:17.362] [exthost] [info] ExtensionService#_doActivateExtension bmewburn.vscode-intelephense-client, startup: false, activationEvent: 'onLanguage:php'
[2022-04-25 08:45:30.281] [exthost] [info] ExtensionService#_doActivateExtension vscode.css-language-features, startup: false, activationEvent: 'onLanguage:css'
[2022-04-25 10:20:40.008] [exthost] [error] [bmewburn.vscode-intelephense-client] provider FAILED
[2022-04-25 10:20:40.010] [exthost] [error] TypeError: e.map is not a function
    at asDocumentHighlights (/home/traveler/.vscode-oss/extensions/bmewburn.vscode-intelephense-client-1.8.2/lib/extension.js:1:166888)
    at L.provideDocumentHighlights (/usr/lib/code/out/vs/workbench/api/node/extensionHostProcess.js:85:99580)
[2022-04-25 10:20:45.083] [exthost] [error] [bmewburn.vscode-intelephense-client] provider FAILED
[2022-04-25 10:20:45.083] [exthost] [error] TypeError: e.map is not a function
    at asDocumentHighlights (/home/traveler/.vscode-oss/extensions/bmewburn.vscode-intelephense-client-1.8.2/lib/extension.js:1:166888)
    at L.provideDocumentHighlights (/usr/lib/code/out/vs/workbench/api/node/extensionHostProcess.js:85:99580)
[2022-04-25 10:22:54.114] [exthost] [error] [bmewburn.vscode-intelephense-client] provider FAILED
[2022-04-25 10:22:54.114] [exthost] [error] TypeError: e.map is not a function
    at asDocumentHighlights (/home/traveler/.vscode-oss/extensions/bmewburn.vscode-intelephense-client-1.8.2/lib/extension.js:1:166888)
    at L.provideDocumentHighlights (/usr/lib/code/out/vs/workbench/api/node/extensionHostProcess.js:85:99580)
[2022-04-25 10:31:45.511] [exthost] [error] [bmewburn.vscode-intelephense-client] provider FAILED
[2022-04-25 10:31:45.511] [exthost] [error] TypeError: e.map is not a function
    at asDocumentHighlights (/home/traveler/.vscode-oss/extensions/bmewburn.vscode-intelephense-client-1.8.2/lib/extension.js:1:166888)
    at L.provideDocumentHighlights (/usr/lib/code/out/vs/workbench/api/node/extensionHostProcess.js:85:99580)
[2022-04-25 11:13:13.941] [exthost] [info] ExtensionService#_doActivateExtension vscode.github-authentication, startup: false, activationEvent: 'onAuthenticationRequest:github'
[2022-04-25 15:59:08.370] [exthost] [info] extension host terminating: renderer closed the socket
[2022-04-25 15:59:08.381] [exthost] [error] An error occurred when deactivating the subscriptions for extension 'bmewburn.vscode-intelephense-client':
[2022-04-25 15:59:08.381] [exthost] [error] TypeError: Cannot read private member from an object whose class did not declare it
    at Le (/usr/lib/code/out/vs/workbench/api/node/extensionHostProcess.js:90:7020)
    at Object.dispose (/usr/lib/code/out/vs/workbench/api/node/extensionHostProcess.js:76:87254)
    at g (/usr/lib/code/out/vs/workbench/api/node/extensionHostProcess.js:8:12329)
    at u._deactivate (/usr/lib/code/out/vs/workbench/api/node/extensionHostProcess.js:90:11919)
    at /usr/lib/code/out/vs/workbench/api/node/extensionHostProcess.js:90:10231
    at Array.map (<anonymous>)
    at u.deactivateAll (/usr/lib/code/out/vs/workbench/api/node/extensionHostProcess.js:90:10218)
    at E.terminate (/usr/lib/code/out/vs/workbench/api/node/extensionHostProcess.js:94:880)
    at d (/usr/lib/code/out/vs/workbench/api/node/extensionHostProcess.js:104:36250)
    at Socket.<anonymous> (/usr/lib/code/out/vs/workbench/api/node/extensionHostProcess.js:104:33946)
    at Socket.emit (node:events:402:35)
    at Pipe.<anonymous> (node:net:687:12)
[2022-04-25 15:59:08.732] [exthost] [error] TypeError: r.some is not a function
    at Function.saveToDisk (/home/traveler/.vscode-oss/extensions/vscodevim.vim-1.22.2/src/register/register.ts:350:30)
    at Object.e.deactivate (/home/traveler/.vscode-oss/extensions/vscodevim.vim-1.22.2/extension.ts:65:18)
    at u._deactivate (/usr/lib/code/out/vs/workbench/api/node/extensionHostProcess.js:90:11690)
    at /usr/lib/code/out/vs/workbench/api/node/extensionHostProcess.js:90:10231
    at Array.map (<anonymous>)
    at u.deactivateAll (/usr/lib/code/out/vs/workbench/api/node/extensionHostProcess.js:90:10218)
    at E.terminate (/usr/lib/code/out/vs/workbench/api/node/extensionHostProcess.js:94:880)
    at d (/usr/lib/code/out/vs/workbench/api/node/extensionHostProcess.js:104:36250)
    at Socket.<anonymous> (/usr/lib/code/out/vs/workbench/api/node/extensionHostProcess.js:104:33946)
    at Socket.emit (node:events:402:35)
    at Pipe.<anonymous> (node:net:687:12)
[2022-04-25 15:59:08.740] [exthost] [info] Eager extensions activated
[2022-04-25 15:59:08.741] [exthost] [info] Extension host with pid 1294344 exiting with code 0
