[Info  - 07:24:17] Initialising intelephense 1.8.2
[Info  - 07:24:17] Reading state from /home/traveler/.config/Code - OSS/User/workspaceStorage/8c85b52fd23718bfcd9bb420715a62cc/bmewburn.vscode-intelephense-client/170315ae.
[Info  - 07:24:18] Initialised in 190 ms
[Info  - 07:24:18] Searching file:///home/traveler/.vscode-oss/extensions/bmewburn.vscode-intelephense-client-1.8.2/node_modules/intelephense/lib/stub for files to index.
[Info  - 07:24:18] Searching file:///home/traveler/Website-git for files to index.
[Info  - 07:24:18] Searching file:///home/traveler/MEGA/Eu/Programming for files to index.
[Info  - 07:24:18] Searching file:///home/traveler/WebsiteAula for files to index.
[Info  - 07:24:18] Indexing started.
[Info  - 07:24:18] Indexing ended. 1 files indexed in 0s.
[Info  - 07:24:18] Writing state to /home/traveler/.config/Code - OSS/User/workspaceStorage/8c85b52fd23718bfcd9bb420715a62cc/bmewburn.vscode-intelephense-client/170315ae.
[Info  - 07:24:18] Wrote state in 0.1s.
[Info  - 07:28:50] Indexing started.
[Info  - 07:28:50] Indexing ended. 6 files indexed in 0s.
[Info  - 07:28:57] Indexing started.
[Info  - 07:28:57] Indexing ended. 2 files indexed in 0s.
[Info  - 07:29:16] Indexing started.
[Info  - 07:29:16] Indexing ended. 2 files indexed in 0s.
[Info  - 07:29:22] Indexing started.
[Info  - 07:29:23] Indexing ended. 2 files indexed in 0s.
[Info  - 07:29:30] Indexing started.
[Info  - 07:29:30] Indexing ended. 2 files indexed in 0s.
[Info  - 07:29:34] Indexing started.
[Info  - 07:29:34] Indexing ended. 2 files indexed in 0s.
[Info  - 07:29:40] Indexing started.
[Info  - 07:29:40] Indexing ended. 2 files indexed in 0s.
[Info  - 07:29:45] Indexing started.
[Info  - 07:29:46] Indexing ended. 2 files indexed in 0s.
[Info  - 07:30:02] Indexing started.
[Info  - 07:30:02] Indexing ended. 4 files indexed in 0s.
[Info  - 07:30:07] Indexing started.
[Info  - 07:30:07] Indexing ended. 2 files indexed in 0s.
[Info  - 07:31:22] Indexing started.
[Info  - 07:31:22] Indexing ended. 2 files indexed in 0s.
[Info  - 07:31:25] Indexing started.
[Info  - 07:31:25] Indexing ended. 2 files indexed in 0s.
[Info  - 07:31:47] Indexing started.
[Info  - 07:31:47] Indexing ended. 4 files indexed in 0s.
[Info  - 07:32:08] Indexing started.
[Info  - 07:32:08] Indexing ended. 4 files indexed in 0s.
[Info  - 07:32:52] Indexing started.
[Info  - 07:32:52] Indexing ended. 14 files indexed in 0s.
[Info  - 07:46:31] Indexing started.
[Info  - 07:46:32] Indexing ended. 2 files indexed in 0s.
