[2022-04-26 08:54:41.919] [exthost] [info] Extension host with pid 3509644 started
[2022-04-26 08:54:41.919] [exthost] [info] Skipping acquiring lock for /home/traveler/.config/Code - OSS/User/workspaceStorage/8c85b52fd23718bfcd9bb420715a62cc.
[2022-04-26 08:54:41.968] [exthost] [info] ExtensionService#_doActivateExtension vscode.css-language-features, startup: false, activationEvent: 'onLanguage:css'
[2022-04-26 08:54:41.996] [exthost] [info] ExtensionService#_doActivateExtension vscode.markdown-language-features, startup: false, activationEvent: 'onWebviewPanel:markdown.preview'
[2022-04-26 08:54:42.019] [exthost] [info] ExtensionService#_doActivateExtension vscode.debug-auto-launch, startup: true, activationEvent: '*'
[2022-04-26 08:54:42.023] [exthost] [info] ExtensionService#_doActivateExtension vscode.git-base, startup: true, activationEvent: '*', root cause: vscode.git
[2022-04-26 08:54:42.027] [exthost] [info] ExtensionService#_doActivateExtension vscode.ipynb, startup: true, activationEvent: '*'
[2022-04-26 08:54:42.040] [exthost] [info] ExtensionService#_doActivateExtension ecmel.vscode-html-css, startup: true, activationEvent: '*'
[2022-04-26 08:54:42.079] [exthost] [info] ExtensionService#_doActivateExtension RobbOwen.synthwave-vscode, startup: true, activationEvent: '*'
[2022-04-26 08:54:42.094] [exthost] [info] ExtensionService#_doActivateExtension s-nlf-fh.glassit, startup: true, activationEvent: '*'
[2022-04-26 08:54:42.161] [exthost] [info] ExtensionService#_doActivateExtension vscode-icons-team.vscode-icons, startup: true, activationEvent: '*'
[2022-04-26 08:54:42.186] [exthost] [info] ExtensionService#_doActivateExtension vscodevim.vim, startup: true, activationEvent: '*'
[2022-04-26 08:54:42.462] [exthost] [info] ExtensionService#_doActivateExtension vscode.git, startup: true, activationEvent: '*'
[2022-04-26 08:54:42.518] [exthost] [info] ExtensionService#_doActivateExtension vscode.github, startup: true, activationEvent: '*'
[2022-04-26 08:54:42.671] [exthost] [info] ExtensionService#_doActivateExtension vscode.configuration-editing, startup: false, activationEvent: 'onLanguage:jsonc'
[2022-04-26 08:54:42.677] [exthost] [info] ExtensionService#_doActivateExtension vscode.json-language-features, startup: false, activationEvent: 'onLanguage:jsonc'
[2022-04-26 08:54:42.738] [exthost] [info] ExtensionService#_doActivateExtension vscode.typescript-language-features, startup: false, activationEvent: 'onLanguage:jsonc'
[2022-04-26 08:54:42.845] [exthost] [info] ExtensionService#_doActivateExtension vscode.extension-editing, startup: false, activationEvent: 'onLanguage:markdown'
[2022-04-26 08:54:42.851] [exthost] [info] ExtensionService#_doActivateExtension vscode.markdown-math, startup: false, activationEvent: 'api', root cause: vscode.markdown-language-features
[2022-04-26 08:54:51.955] [exthost] [info] ExtensionService#_doActivateExtension vscode.emmet, startup: false, activationEvent: 'onStartupFinished'
[2022-04-26 08:54:51.961] [exthost] [info] ExtensionService#_doActivateExtension vscode.merge-conflict, startup: false, activationEvent: 'onStartupFinished'
[2022-04-26 08:54:51.963] [exthost] [info] ExtensionService#_doActivateExtension esbenp.prettier-vscode, startup: false, activationEvent: 'onStartupFinished'
[2022-04-26 08:54:52.017] [exthost] [info] ExtensionService#_doActivateExtension vadimcn.vscode-lldb, startup: false, activationEvent: 'onStartupFinished'
[2022-04-26 08:55:46.880] [exthost] [info] ExtensionService#_doActivateExtension vscode.php-language-features, startup: false, activationEvent: 'onLanguage:php'
[2022-04-26 08:55:46.889] [exthost] [info] ExtensionService#_doActivateExtension bmewburn.vscode-intelephense-client, startup: false, activationEvent: 'onLanguage:php'
[2022-04-26 08:56:15.799] [exthost] [error] [bmewburn.vscode-intelephense-client] provider FAILED
[2022-04-26 08:56:15.801] [exthost] [error] TypeError: e.map is not a function
    at asDocumentHighlights (/home/traveler/.vscode-oss/extensions/bmewburn.vscode-intelephense-client-1.8.2/lib/extension.js:1:166888)
    at L.provideDocumentHighlights (/usr/lib/code/out/vs/workbench/api/node/extensionHostProcess.js:85:99580)
[2022-04-26 08:56:15.824] [exthost] [error] [bmewburn.vscode-intelephense-client] provider FAILED
[2022-04-26 08:56:15.824] [exthost] [error] TypeError: e.map is not a function
    at asDocumentHighlights (/home/traveler/.vscode-oss/extensions/bmewburn.vscode-intelephense-client-1.8.2/lib/extension.js:1:166888)
    at L.provideDocumentHighlights (/usr/lib/code/out/vs/workbench/api/node/extensionHostProcess.js:85:99580)
[2022-04-26 08:56:15.851] [exthost] [error] [bmewburn.vscode-intelephense-client] provider FAILED
[2022-04-26 08:56:15.851] [exthost] [error] TypeError: e.map is not a function
    at asDocumentHighlights (/home/traveler/.vscode-oss/extensions/bmewburn.vscode-intelephense-client-1.8.2/lib/extension.js:1:166888)
    at L.provideDocumentHighlights (/usr/lib/code/out/vs/workbench/api/node/extensionHostProcess.js:85:99580)
[2022-04-26 08:59:26.354] [exthost] [error] [bmewburn.vscode-intelephense-client] provider FAILED
[2022-04-26 08:59:26.354] [exthost] [error] TypeError: e.map is not a function
    at asDocumentHighlights (/home/traveler/.vscode-oss/extensions/bmewburn.vscode-intelephense-client-1.8.2/lib/extension.js:1:166888)
    at L.provideDocumentHighlights (/usr/lib/code/out/vs/workbench/api/node/extensionHostProcess.js:85:99580)
[2022-04-26 09:04:23.314] [exthost] [error] [bmewburn.vscode-intelephense-client] provider FAILED
[2022-04-26 09:04:23.314] [exthost] [error] TypeError: e.map is not a function
    at asDocumentHighlights (/home/traveler/.vscode-oss/extensions/bmewburn.vscode-intelephense-client-1.8.2/lib/extension.js:1:166888)
    at L.provideDocumentHighlights (/usr/lib/code/out/vs/workbench/api/node/extensionHostProcess.js:85:99580)
[2022-04-26 09:12:38.556] [exthost] [error] [bmewburn.vscode-intelephense-client] provider FAILED
[2022-04-26 09:12:38.556] [exthost] [error] TypeError: e.map is not a function
    at asDocumentHighlights (/home/traveler/.vscode-oss/extensions/bmewburn.vscode-intelephense-client-1.8.2/lib/extension.js:1:166888)
    at L.provideDocumentHighlights (/usr/lib/code/out/vs/workbench/api/node/extensionHostProcess.js:85:99580)
[2022-04-26 09:33:19.203] [exthost] [error] [bmewburn.vscode-intelephense-client] provider FAILED
[2022-04-26 09:33:19.203] [exthost] [error] TypeError: e.map is not a function
    at asDocumentHighlights (/home/traveler/.vscode-oss/extensions/bmewburn.vscode-intelephense-client-1.8.2/lib/extension.js:1:166888)
    at L.provideDocumentHighlights (/usr/lib/code/out/vs/workbench/api/node/extensionHostProcess.js:85:99580)
[2022-04-26 09:33:19.842] [exthost] [error] [bmewburn.vscode-intelephense-client] provider FAILED
[2022-04-26 09:33:19.843] [exthost] [error] TypeError: e.map is not a function
    at asDocumentHighlights (/home/traveler/.vscode-oss/extensions/bmewburn.vscode-intelephense-client-1.8.2/lib/extension.js:1:166888)
    at L.provideDocumentHighlights (/usr/lib/code/out/vs/workbench/api/node/extensionHostProcess.js:85:99580)
[2022-04-26 09:33:29.086] [exthost] [error] [bmewburn.vscode-intelephense-client] provider FAILED
[2022-04-26 09:33:29.087] [exthost] [error] TypeError: e.map is not a function
    at asDocumentHighlights (/home/traveler/.vscode-oss/extensions/bmewburn.vscode-intelephense-client-1.8.2/lib/extension.js:1:166888)
    at L.provideDocumentHighlights (/usr/lib/code/out/vs/workbench/api/node/extensionHostProcess.js:85:99580)
[2022-04-26 09:33:37.315] [exthost] [error] [bmewburn.vscode-intelephense-client] provider FAILED
[2022-04-26 09:33:37.316] [exthost] [error] TypeError: e.map is not a function
    at asDocumentHighlights (/home/traveler/.vscode-oss/extensions/bmewburn.vscode-intelephense-client-1.8.2/lib/extension.js:1:166888)
    at L.provideDocumentHighlights (/usr/lib/code/out/vs/workbench/api/node/extensionHostProcess.js:85:99580)
[2022-04-26 09:33:45.963] [exthost] [error] [bmewburn.vscode-intelephense-client] provider FAILED
[2022-04-26 09:33:45.964] [exthost] [error] TypeError: e.map is not a function
    at asDocumentHighlights (/home/traveler/.vscode-oss/extensions/bmewburn.vscode-intelephense-client-1.8.2/lib/extension.js:1:166888)
    at L.provideDocumentHighlights (/usr/lib/code/out/vs/workbench/api/node/extensionHostProcess.js:85:99580)
[2022-04-26 09:34:11.364] [exthost] [error] [bmewburn.vscode-intelephense-client] provider FAILED
[2022-04-26 09:34:11.364] [exthost] [error] TypeError: e.map is not a function
    at asDocumentHighlights (/home/traveler/.vscode-oss/extensions/bmewburn.vscode-intelephense-client-1.8.2/lib/extension.js:1:166888)
    at L.provideDocumentHighlights (/usr/lib/code/out/vs/workbench/api/node/extensionHostProcess.js:85:99580)
[2022-04-26 09:38:03.796] [exthost] [error] [bmewburn.vscode-intelephense-client] provider FAILED
[2022-04-26 09:38:03.796] [exthost] [error] TypeError: e.map is not a function
    at asDocumentHighlights (/home/traveler/.vscode-oss/extensions/bmewburn.vscode-intelephense-client-1.8.2/lib/extension.js:1:166888)
    at L.provideDocumentHighlights (/usr/lib/code/out/vs/workbench/api/node/extensionHostProcess.js:85:99580)
[2022-04-26 09:40:39.049] [exthost] [error] [bmewburn.vscode-intelephense-client] provider FAILED
[2022-04-26 09:40:39.049] [exthost] [error] TypeError: e.map is not a function
    at asDocumentHighlights (/home/traveler/.vscode-oss/extensions/bmewburn.vscode-intelephense-client-1.8.2/lib/extension.js:1:166888)
    at L.provideDocumentHighlights (/usr/lib/code/out/vs/workbench/api/node/extensionHostProcess.js:85:99580)
[2022-04-26 09:59:10.044] [exthost] [error] [bmewburn.vscode-intelephense-client] provider FAILED
[2022-04-26 09:59:10.044] [exthost] [error] TypeError: e.map is not a function
    at asDocumentHighlights (/home/traveler/.vscode-oss/extensions/bmewburn.vscode-intelephense-client-1.8.2/lib/extension.js:1:166888)
    at L.provideDocumentHighlights (/usr/lib/code/out/vs/workbench/api/node/extensionHostProcess.js:85:99580)
[2022-04-26 10:04:58.513] [exthost] [error] [bmewburn.vscode-intelephense-client] provider FAILED
[2022-04-26 10:04:58.514] [exthost] [error] TypeError: e.map is not a function
    at asDocumentHighlights (/home/traveler/.vscode-oss/extensions/bmewburn.vscode-intelephense-client-1.8.2/lib/extension.js:1:166888)
    at L.provideDocumentHighlights (/usr/lib/code/out/vs/workbench/api/node/extensionHostProcess.js:85:99580)
[2022-04-26 10:07:26.067] [exthost] [error] [bmewburn.vscode-intelephense-client] provider FAILED
[2022-04-26 10:07:26.067] [exthost] [error] TypeError: e.map is not a function
    at asDocumentHighlights (/home/traveler/.vscode-oss/extensions/bmewburn.vscode-intelephense-client-1.8.2/lib/extension.js:1:166888)
    at L.provideDocumentHighlights (/usr/lib/code/out/vs/workbench/api/node/extensionHostProcess.js:85:99580)
[2022-04-26 10:20:06.853] [exthost] [info] ExtensionService#_doActivateExtension vscode.github-authentication, startup: false, activationEvent: 'onAuthenticationRequest:github'
[2022-04-26 10:20:44.209] [exthost] [info] extension host terminating: renderer closed the socket
[2022-04-26 10:20:44.219] [exthost] [error] An error occurred when deactivating the subscriptions for extension 'bmewburn.vscode-intelephense-client':
[2022-04-26 10:20:44.220] [exthost] [error] TypeError: Cannot read private member from an object whose class did not declare it
    at Le (/usr/lib/code/out/vs/workbench/api/node/extensionHostProcess.js:90:7020)
    at Object.dispose (/usr/lib/code/out/vs/workbench/api/node/extensionHostProcess.js:76:87254)
    at g (/usr/lib/code/out/vs/workbench/api/node/extensionHostProcess.js:8:12329)
    at u._deactivate (/usr/lib/code/out/vs/workbench/api/node/extensionHostProcess.js:90:11919)
    at /usr/lib/code/out/vs/workbench/api/node/extensionHostProcess.js:90:10231
    at Array.map (<anonymous>)
    at u.deactivateAll (/usr/lib/code/out/vs/workbench/api/node/extensionHostProcess.js:90:10218)
    at E.terminate (/usr/lib/code/out/vs/workbench/api/node/extensionHostProcess.js:94:880)
    at d (/usr/lib/code/out/vs/workbench/api/node/extensionHostProcess.js:104:36250)
    at Socket.<anonymous> (/usr/lib/code/out/vs/workbench/api/node/extensionHostProcess.js:104:33946)
    at Socket.emit (node:events:402:35)
    at Pipe.<anonymous> (node:net:687:12)
[2022-04-26 10:20:44.510] [exthost] [error] TypeError: r.some is not a function
    at Function.saveToDisk (/home/traveler/.vscode-oss/extensions/vscodevim.vim-1.22.2/src/register/register.ts:350:30)
    at Object.e.deactivate (/home/traveler/.vscode-oss/extensions/vscodevim.vim-1.22.2/extension.ts:65:18)
    at u._deactivate (/usr/lib/code/out/vs/workbench/api/node/extensionHostProcess.js:90:11690)
    at /usr/lib/code/out/vs/workbench/api/node/extensionHostProcess.js:90:10231
    at Array.map (<anonymous>)
    at u.deactivateAll (/usr/lib/code/out/vs/workbench/api/node/extensionHostProcess.js:90:10218)
    at E.terminate (/usr/lib/code/out/vs/workbench/api/node/extensionHostProcess.js:94:880)
    at d (/usr/lib/code/out/vs/workbench/api/node/extensionHostProcess.js:104:36250)
    at Socket.<anonymous> (/usr/lib/code/out/vs/workbench/api/node/extensionHostProcess.js:104:33946)
    at Socket.emit (node:events:402:35)
    at Pipe.<anonymous> (node:net:687:12)
[2022-04-26 10:20:44.519] [exthost] [info] Eager extensions activated
[2022-04-26 10:20:44.520] [exthost] [info] Extension host with pid 3509644 exiting with code 0
