--------------------------------------------------------------------------------
[24 de jul. de 2021 3:14:12,1 AM:ERROR:publisher.cc(763)] Publisher info not found
[24 de jul. de 2021 3:14:12,1 AM:ERROR:publisher.cc(763)] Publisher info not found
--------------------------------------------------------------------------------
[26 de jul. de 2021 9:10:56,2 PM:ERROR:ad_rewards.cc(280)] Payment balance is not ready
--------------------------------------------------------------------------------
[27 de jul. de 2021 3:22:10,4 AM:ERROR:publisher.cc(763)] Publisher info not found
[27 de jul. de 2021 3:24:20,2 AM:ERROR:publisher.cc(763)] Publisher info not found
[27 de jul. de 2021 3:25:35,5 AM:ERROR:publisher.cc(763)] Publisher info not found
[27 de jul. de 2021 3:26:30,6 AM:ERROR:publisher.cc(763)] Publisher info not found
[27 de jul. de 2021 3:27:50,4 AM:ERROR:publisher.cc(763)] Publisher info not found
[27 de jul. de 2021 3:58:13,0 AM:ERROR:publisher.cc(763)] Publisher info not found
[27 de jul. de 2021 4:29:46,0 AM:ERROR:publisher.cc(763)] Publisher info not found
[27 de jul. de 2021 4:29:55,6 AM:ERROR:publisher.cc(763)] Publisher info not found
[27 de jul. de 2021 4:49:48,2 AM:ERROR:publisher.cc(763)] Publisher info not found
[27 de jul. de 2021 5:15:08,8 AM:ERROR:publisher.cc(763)] Publisher info not found
[27 de jul. de 2021 5:23:30,6 AM:ERROR:publisher.cc(763)] Publisher info not found
--------------------------------------------------------------------------------
[27 de jul. de 2021 7:40:05,7 PM:ERROR:ad_rewards.cc(280)] Payment balance is not ready
[27 de jul. de 2021 7:49:48,5 PM:ERROR:publisher.cc(763)] Publisher info not found
[27 de jul. de 2021 7:50:01,4 PM:ERROR:publisher.cc(763)] Publisher info not found
[27 de jul. de 2021 7:50:07,9 PM:ERROR:publisher.cc(763)] Publisher info not found
[27 de jul. de 2021 7:50:16,2 PM:ERROR:publisher.cc(763)] Publisher info not found
[27 de jul. de 2021 7:50:28,8 PM:ERROR:publisher.cc(763)] Publisher info not found
[27 de jul. de 2021 7:50:57,1 PM:ERROR:publisher.cc(763)] Publisher info not found
[27 de jul. de 2021 7:51:09,3 PM:ERROR:publisher.cc(763)] Publisher info not found
[27 de jul. de 2021 7:51:32,9 PM:ERROR:publisher.cc(763)] Publisher info not found
[27 de jul. de 2021 7:51:55,5 PM:ERROR:publisher.cc(763)] Publisher info not found
[27 de jul. de 2021 7:52:07,2 PM:ERROR:publisher.cc(763)] Publisher info not found
[27 de jul. de 2021 7:57:49,5 PM:ERROR:publisher.cc(763)] Publisher info not found
[27 de jul. de 2021 7:59:04,5 PM:ERROR:publisher.cc(763)] Publisher info not found
[27 de jul. de 2021 7:59:42,4 PM:ERROR:publisher.cc(763)] Publisher info not found
[27 de jul. de 2021 8:01:17,6 PM:ERROR:publisher.cc(763)] Publisher info not found
[27 de jul. de 2021 8:01:44,9 PM:ERROR:publisher.cc(763)] Publisher info not found
[27 de jul. de 2021 8:01:56,8 PM:ERROR:publisher.cc(763)] Publisher info not found
[27 de jul. de 2021 8:02:15,3 PM:ERROR:publisher.cc(763)] Publisher info not found
[27 de jul. de 2021 8:02:55,1 PM:ERROR:publisher.cc(763)] Publisher info not found
[27 de jul. de 2021 8:03:45,9 PM:ERROR:publisher.cc(763)] Publisher info not found
[27 de jul. de 2021 8:03:58,3 PM:ERROR:publisher.cc(763)] Publisher info not found
[27 de jul. de 2021 8:04:01,1 PM:ERROR:publisher.cc(763)] Publisher info not found
[27 de jul. de 2021 8:28:00,7 PM:ERROR:publisher.cc(763)] Publisher info not found
[27 de jul. de 2021 8:33:01,7 PM:ERROR:publisher.cc(763)] Publisher info not found
[27 de jul. de 2021 8:36:54,2 PM:ERROR:publisher.cc(763)] Publisher info not found
[27 de jul. de 2021 8:37:16,0 PM:ERROR:publisher.cc(763)] Publisher info not found
[27 de jul. de 2021 8:38:45,1 PM:ERROR:publisher.cc(763)] Publisher info not found
[27 de jul. de 2021 8:39:29,7 PM:ERROR:publisher.cc(763)] Publisher info not found
[27 de jul. de 2021 8:40:04,8 PM:ERROR:publisher.cc(763)] Publisher info not found
[27 de jul. de 2021 8:40:44,2 PM:ERROR:publisher.cc(763)] Publisher info not found
[27 de jul. de 2021 8:40:48,4 PM:ERROR:publisher.cc(763)] Publisher info not found
[27 de jul. de 2021 8:40:54,9 PM:ERROR:publisher.cc(763)] Publisher info not found
[27 de jul. de 2021 8:41:33,6 PM:ERROR:publisher.cc(763)] Publisher info not found
[27 de jul. de 2021 8:46:58,7 PM:ERROR:publisher.cc(763)] Publisher info not found
[27 de jul. de 2021 8:47:34,8 PM:ERROR:publisher.cc(763)] Publisher info not found
[27 de jul. de 2021 8:48:02,9 PM:ERROR:publisher.cc(763)] Publisher info not found
[27 de jul. de 2021 8:48:55,8 PM:ERROR:publisher.cc(763)] Publisher info not found
--------------------------------------------------------------------------------
[28 de jul. de 2021 4:55:50,4 AM:ERROR:creative_new_tab_page_ads_database_table.cc(434)] Failed to get creative new tab page ad
[28 de jul. de 2021 5:15:49,3 AM:ERROR:creative_new_tab_page_ads_database_table.cc(434)] Failed to get creative new tab page ad
[28 de jul. de 2021 5:16:43,4 AM:ERROR:publisher.cc(763)] Publisher info not found
[28 de jul. de 2021 5:17:13,0 AM:ERROR:publisher.cc(763)] Publisher info not found
[28 de jul. de 2021 5:21:25,6 AM:ERROR:publisher.cc(763)] Publisher info not found
[28 de jul. de 2021 5:25:56,9 AM:ERROR:publisher.cc(763)] Publisher info not found
[28 de jul. de 2021 5:27:54,1 AM:ERROR:publisher.cc(763)] Publisher info not found
[28 de jul. de 2021 5:28:11,7 AM:ERROR:publisher.cc(763)] Publisher info not found
[28 de jul. de 2021 5:40:37,2 AM:ERROR:publisher.cc(763)] Publisher info not found
[28 de jul. de 2021 5:41:22,9 AM:ERROR:publisher.cc(763)] Publisher info not found
[28 de jul. de 2021 5:41:40,7 AM:ERROR:publisher.cc(763)] Publisher info not found
[28 de jul. de 2021 5:43:52,9 AM:ERROR:publisher.cc(763)] Publisher info not found
[28 de jul. de 2021 5:51:04,6 AM:ERROR:publisher.cc(763)] Publisher info not found
[28 de jul. de 2021 6:03:46,4 AM:ERROR:publisher.cc(763)] Publisher info not found
[28 de jul. de 2021 6:08:11,3 AM:ERROR:publisher.cc(763)] Publisher info not found
[28 de jul. de 2021 6:37:48,9 AM:ERROR:publisher.cc(763)] Publisher info not found
[28 de jul. de 2021 6:37:48,9 AM:ERROR:publisher.cc(763)] Publisher info not found
[28 de jul. de 2021 7:14:03,5 AM:ERROR:publisher.cc(763)] Publisher info not found
[28 de jul. de 2021 7:14:20,9 AM:ERROR:publisher.cc(763)] Publisher info not found
[28 de jul. de 2021 7:14:52,0 AM:ERROR:publisher.cc(763)] Publisher info not found
[28 de jul. de 2021 7:15:17,9 AM:ERROR:publisher.cc(763)] Publisher info not found
[28 de jul. de 2021 7:18:41,5 AM:ERROR:publisher.cc(763)] Publisher info not found
[28 de jul. de 2021 7:18:53,6 AM:ERROR:publisher.cc(763)] Publisher info not found
[28 de jul. de 2021 7:19:54,2 AM:ERROR:publisher.cc(763)] Publisher info not found
[28 de jul. de 2021 7:21:42,8 AM:ERROR:creative_new_tab_page_ads_database_table.cc(434)] Failed to get creative new tab page ad
--------------------------------------------------------------------------------
[28 de jul. de 2021 12:11:38,0 PM:ERROR:publisher.cc(763)] Publisher info not found
[28 de jul. de 2021 12:13:44,2 PM:ERROR:publisher.cc(763)] Publisher info not found
[28 de jul. de 2021 12:20:49,4 PM:ERROR:publisher.cc(763)] Publisher info not found
[28 de jul. de 2021 12:22:07,2 PM:ERROR:publisher.cc(763)] Publisher info not found
[28 de jul. de 2021 12:24:11,4 PM:ERROR:publisher.cc(763)] Publisher info not found
[28 de jul. de 2021 12:28:19,8 PM:ERROR:publisher.cc(763)] Publisher info not found
--------------------------------------------------------------------------------
[28 de jul. de 2021 12:42:07,1 PM:ERROR:creative_new_tab_page_ads_database_table.cc(434)] Failed to get creative new tab page ad
[28 de jul. de 2021 2:17:36,7 PM:ERROR:creative_new_tab_page_ads_database_table.cc(434)] Failed to get creative new tab page ad
[28 de jul. de 2021 2:21:08,7 PM:ERROR:publisher.cc(763)] Publisher info not found
[28 de jul. de 2021 2:21:26,3 PM:ERROR:publisher.cc(763)] Publisher info not found
[28 de jul. de 2021 2:24:24,6 PM:ERROR:publisher.cc(763)] Publisher info not found
[28 de jul. de 2021 2:25:17,6 PM:ERROR:publisher.cc(763)] Publisher info not found
[28 de jul. de 2021 2:29:04,3 PM:ERROR:creative_new_tab_page_ads_database_table.cc(434)] Failed to get creative new tab page ad
[29 de jul. de 2021 1:30:02,5 AM:ERROR:publisher.cc(763)] Publisher info not found
[29 de jul. de 2021 1:30:52,1 AM:ERROR:creative_new_tab_page_ads_database_table.cc(434)] Failed to get creative new tab page ad
[29 de jul. de 2021 1:37:50,3 AM:ERROR:publisher.cc(763)] Publisher info not found
[29 de jul. de 2021 1:37:50,3 AM:ERROR:publisher.cc(763)] Publisher info not found
[29 de jul. de 2021 1:39:59,6 AM:ERROR:publisher.cc(763)] Publisher info not found
[29 de jul. de 2021 1:39:59,6 AM:ERROR:publisher.cc(763)] Publisher info not found
[29 de jul. de 2021 1:56:12,0 AM:ERROR:publisher.cc(763)] Publisher info not found
[29 de jul. de 2021 1:57:44,9 AM:ERROR:publisher.cc(763)] Publisher info not found
[29 de jul. de 2021 1:58:33,2 AM:ERROR:publisher.cc(763)] Publisher info not found
[29 de jul. de 2021 2:19:03,6 AM:ERROR:publisher.cc(763)] Publisher info not found
[29 de jul. de 2021 2:20:00,2 AM:ERROR:publisher.cc(763)] Publisher info not found
[29 de jul. de 2021 2:26:24,5 AM:ERROR:publisher.cc(763)] Publisher info not found
[29 de jul. de 2021 2:29:45,5 AM:ERROR:publisher.cc(763)] Publisher info not found
[29 de jul. de 2021 2:30:28,9 AM:ERROR:publisher.cc(763)] Publisher info not found
[29 de jul. de 2021 2:32:23,8 AM:ERROR:publisher.cc(763)] Publisher info not found
[29 de jul. de 2021 2:33:27,8 AM:ERROR:publisher.cc(763)] Publisher info not found
[29 de jul. de 2021 3:25:52,1 AM:ERROR:publisher.cc(763)] Publisher info not found
[29 de jul. de 2021 3:50:25,0 AM:ERROR:publisher.cc(763)] Publisher info not found
[29 de jul. de 2021 7:45:56,1 AM:ERROR:publisher.cc(763)] Publisher info not found
[29 de jul. de 2021 7:53:35,8 AM:ERROR:publisher.cc(763)] Publisher info not found
[29 de jul. de 2021 7:54:09,9 AM:ERROR:publisher.cc(763)] Publisher info not found
[29 de jul. de 2021 7:55:59,7 AM:ERROR:publisher.cc(763)] Publisher info not found
[29 de jul. de 2021 7:56:51,9 AM:ERROR:publisher.cc(763)] Publisher info not found
[29 de jul. de 2021 8:11:46,1 AM:ERROR:publisher.cc(763)] Publisher info not found
[29 de jul. de 2021 9:30:52,6 AM:ERROR:publisher.cc(763)] Publisher info not found
[29 de jul. de 2021 9:31:04,9 AM:ERROR:publisher.cc(763)] Publisher info not found
[29 de jul. de 2021 9:55:38,4 AM:ERROR:publisher.cc(763)] Publisher info not found
[29 de jul. de 2021 9:56:29,8 AM:ERROR:publisher.cc(763)] Publisher info not found
[29 de jul. de 2021 10:53:25,7 AM:ERROR:publisher.cc(763)] Publisher info not found
[29 de jul. de 2021 11:03:38,5 AM:ERROR:publisher.cc(763)] Publisher info not found
[29 de jul. de 2021 11:05:54,4 AM:ERROR:publisher.cc(763)] Publisher info not found
[29 de jul. de 2021 11:05:54,4 AM:ERROR:publisher.cc(763)] Publisher info not found
[29 de jul. de 2021 11:06:59,4 AM:ERROR:publisher.cc(763)] Publisher info not found
[29 de jul. de 2021 11:11:53,3 AM:ERROR:publisher.cc(763)] Publisher info not found
[29 de jul. de 2021 11:12:06,8 AM:ERROR:publisher.cc(763)] Publisher info not found
[29 de jul. de 2021 11:13:03,1 AM:ERROR:publisher.cc(763)] Publisher info not found
[29 de jul. de 2021 11:28:51,7 AM:ERROR:publisher.cc(763)] Publisher info not found
[29 de jul. de 2021 1:40:26,4 PM:ERROR:publisher.cc(763)] Publisher info not found
[29 de jul. de 2021 1:40:47,2 PM:ERROR:publisher.cc(763)] Publisher info not found
[29 de jul. de 2021 1:41:38,0 PM:ERROR:publisher.cc(763)] Publisher info not found
[29 de jul. de 2021 1:43:09,6 PM:ERROR:publisher.cc(763)] Publisher info not found
[29 de jul. de 2021 1:46:20,4 PM:ERROR:publisher.cc(763)] Publisher info not found
[29 de jul. de 2021 1:46:24,5 PM:ERROR:publisher.cc(763)] Publisher info not found
[29 de jul. de 2021 1:47:34,6 PM:ERROR:publisher.cc(763)] Publisher info not found
[29 de jul. de 2021 1:47:48,5 PM:ERROR:publisher.cc(763)] Publisher info not found
[29 de jul. de 2021 1:48:08,5 PM:ERROR:publisher.cc(763)] Publisher info not found
[29 de jul. de 2021 1:48:37,8 PM:ERROR:publisher.cc(763)] Publisher info not found
[29 de jul. de 2021 1:49:12,9 PM:ERROR:publisher.cc(763)] Publisher info not found
[29 de jul. de 2021 1:51:51,2 PM:ERROR:publisher.cc(763)] Publisher info not found
[29 de jul. de 2021 1:52:15,5 PM:ERROR:publisher.cc(763)] Publisher info not found
[29 de jul. de 2021 1:52:39,9 PM:ERROR:publisher.cc(763)] Publisher info not found
[29 de jul. de 2021 1:54:02,6 PM:ERROR:publisher.cc(763)] Publisher info not found
[29 de jul. de 2021 2:29:11,3 PM:ERROR:publisher.cc(763)] Publisher info not found
[29 de jul. de 2021 2:37:01,4 PM:ERROR:publisher.cc(763)] Publisher info not found
[29 de jul. de 2021 5:37:45,1 PM:ERROR:publisher.cc(763)] Publisher info not found
[29 de jul. de 2021 5:38:07,7 PM:ERROR:publisher.cc(763)] Publisher info not found
[29 de jul. de 2021 6:15:45,3 PM:ERROR:publisher.cc(763)] Publisher info not found
[29 de jul. de 2021 8:11:45,3 PM:ERROR:publisher.cc(763)] Publisher info not found
[29 de jul. de 2021 8:12:53,2 PM:ERROR:publisher.cc(763)] Publisher info not found
[29 de jul. de 2021 8:13:08,8 PM:ERROR:publisher.cc(763)] Publisher info not found
[29 de jul. de 2021 8:13:12,3 PM:ERROR:publisher.cc(763)] Publisher info not found
[29 de jul. de 2021 8:13:16,7 PM:ERROR:publisher.cc(763)] Publisher info not found
[29 de jul. de 2021 8:14:13,8 PM:ERROR:publisher.cc(763)] Publisher info not found
[30 de jul. de 2021 4:39:27,5 AM:ERROR:publisher.cc(763)] Publisher info not found
[30 de jul. de 2021 5:06:51,6 AM:ERROR:publisher.cc(763)] Publisher info not found
[30 de jul. de 2021 5:06:55,8 AM:ERROR:publisher.cc(763)] Publisher info not found
[30 de jul. de 2021 5:07:29,1 AM:ERROR:publisher.cc(763)] Publisher info not found
[30 de jul. de 2021 5:07:51,5 AM:ERROR:publisher.cc(763)] Publisher info not found
[30 de jul. de 2021 5:08:32,5 AM:ERROR:publisher.cc(763)] Publisher info not found
[30 de jul. de 2021 5:10:54,4 AM:ERROR:publisher.cc(763)] Publisher info not found
[30 de jul. de 2021 5:11:06,3 AM:ERROR:publisher.cc(763)] Publisher info not found
[30 de jul. de 2021 5:11:16,6 AM:ERROR:publisher.cc(763)] Publisher info not found
[30 de jul. de 2021 5:13:31,3 AM:ERROR:publisher.cc(763)] Publisher info not found
[30 de jul. de 2021 5:13:50,6 AM:ERROR:publisher.cc(763)] Publisher info not found
[30 de jul. de 2021 5:14:17,1 AM:ERROR:publisher.cc(763)] Publisher info not found
[30 de jul. de 2021 5:15:24,0 AM:ERROR:publisher.cc(763)] Publisher info not found
[30 de jul. de 2021 5:15:36,6 AM:ERROR:publisher.cc(763)] Publisher info not found
[30 de jul. de 2021 5:15:42,3 AM:ERROR:publisher.cc(763)] Publisher info not found
[30 de jul. de 2021 5:26:22,3 AM:ERROR:publisher.cc(763)] Publisher info not found
[30 de jul. de 2021 5:28:50,6 AM:ERROR:publisher.cc(763)] Publisher info not found
[30 de jul. de 2021 5:28:54,3 AM:ERROR:publisher.cc(763)] Publisher info not found
[30 de jul. de 2021 5:29:25,4 AM:ERROR:publisher.cc(763)] Publisher info not found
[30 de jul. de 2021 5:36:29,3 AM:ERROR:publisher.cc(763)] Publisher info not found
[30 de jul. de 2021 5:36:37,9 AM:ERROR:publisher.cc(763)] Publisher info not found
[30 de jul. de 2021 5:39:28,3 AM:ERROR:publisher.cc(763)] Publisher info not found
[30 de jul. de 2021 5:42:11,7 AM:ERROR:publisher.cc(763)] Publisher info not found
[30 de jul. de 2021 5:44:15,5 AM:ERROR:publisher.cc(763)] Publisher info not found
[30 de jul. de 2021 5:48:03,3 AM:ERROR:publisher.cc(763)] Publisher info not found
[30 de jul. de 2021 6:18:26,0 AM:ERROR:publisher.cc(763)] Publisher info not found
[30 de jul. de 2021 6:41:39,6 AM:ERROR:publisher.cc(763)] Publisher info not found
[30 de jul. de 2021 6:45:06,3 AM:ERROR:publisher.cc(763)] Publisher info not found
[30 de jul. de 2021 6:45:22,3 AM:ERROR:publisher.cc(763)] Publisher info not found
--------------------------------------------------------------------------------
[30 de jul. de 2021 8:31:42,5 AM:ERROR:publisher.cc(763)] Publisher info not found
[30 de jul. de 2021 9:13:38,6 AM:ERROR:creative_new_tab_page_ads_database_table.cc(434)] Failed to get creative new tab page ad
[30 de jul. de 2021 10:00:22,5 AM:ERROR:publisher.cc(763)] Publisher info not found
[30 de jul. de 2021 10:09:06,7 AM:ERROR:publisher.cc(763)] Publisher info not found
[30 de jul. de 2021 10:20:21,7 AM:ERROR:get_available.cc(69)] Unexpected HTTP status: -1
[30 de jul. de 2021 10:35:10,8 AM:ERROR:creative_new_tab_page_ads_database_table.cc(434)] Failed to get creative new tab page ad
[30 de jul. de 2021 10:35:14,6 AM:ERROR:get_available.cc(69)] Unexpected HTTP status: -1
[30 de jul. de 2021 2:38:47,4 PM:ERROR:publisher.cc(763)] Publisher info not found
[30 de jul. de 2021 2:39:08,8 PM:ERROR:publisher.cc(763)] Publisher info not found
[30 de jul. de 2021 2:52:13,9 PM:ERROR:publisher.cc(763)] Publisher info not found
[30 de jul. de 2021 3:17:53,6 PM:ERROR:publisher.cc(763)] Publisher info not found
[30 de jul. de 2021 3:18:04,1 PM:ERROR:publisher.cc(763)] Publisher info not found
[30 de jul. de 2021 3:18:21,1 PM:ERROR:publisher.cc(763)] Publisher info not found
[30 de jul. de 2021 5:38:18,8 PM:ERROR:publisher.cc(763)] Publisher info not found
[30 de jul. de 2021 5:38:18,8 PM:ERROR:publisher.cc(763)] Publisher info not found
[30 de jul. de 2021 5:38:24,9 PM:ERROR:publisher.cc(763)] Publisher info not found
[30 de jul. de 2021 5:47:04,3 PM:ERROR:publisher.cc(763)] Publisher info not found
[30 de jul. de 2021 5:47:04,3 PM:ERROR:publisher.cc(763)] Publisher info not found
[30 de jul. de 2021 5:49:09,1 PM:ERROR:creative_new_tab_page_ads_database_table.cc(434)] Failed to get creative new tab page ad
[30 de jul. de 2021 5:49:31,9 PM:ERROR:publisher.cc(763)] Publisher info not found
[30 de jul. de 2021 5:49:31,9 PM:ERROR:publisher.cc(763)] Publisher info not found
[31 de jul. de 2021 6:50:58,0 AM:ERROR:publisher.cc(763)] Publisher info not found
[31 de jul. de 2021 6:51:22,4 AM:ERROR:publisher.cc(763)] Publisher info not found
[31 de jul. de 2021 6:51:37,5 AM:ERROR:publisher.cc(763)] Publisher info not found
[31 de jul. de 2021 6:57:33,7 AM:ERROR:publisher.cc(763)] Publisher info not found
[31 de jul. de 2021 7:05:57,0 AM:ERROR:publisher.cc(763)] Publisher info not found
[31 de jul. de 2021 7:06:15,2 AM:ERROR:publisher.cc(763)] Publisher info not found
[31 de jul. de 2021 7:06:50,3 AM:ERROR:publisher.cc(763)] Publisher info not found
[31 de jul. de 2021 7:07:10,3 AM:ERROR:publisher.cc(763)] Publisher info not found
[31 de jul. de 2021 8:16:33,5 AM:ERROR:publisher.cc(763)] Publisher info not found
[31 de jul. de 2021 8:17:17,4 AM:ERROR:publisher.cc(763)] Publisher info not found
[31 de jul. de 2021 8:17:17,4 AM:ERROR:publisher.cc(763)] Publisher info not found
[31 de jul. de 2021 8:27:59,3 AM:ERROR:publisher.cc(763)] Publisher info not found
[31 de jul. de 2021 8:27:59,3 AM:ERROR:publisher.cc(763)] Publisher info not found
[31 de jul. de 2021 10:15:49,9 AM:ERROR:get_available.cc(69)] Unexpected HTTP status: -1
[31 de jul. de 2021 10:24:31,2 AM:ERROR:publisher.cc(763)] Publisher info not found
[31 de jul. de 2021 2:47:09,5 PM:ERROR:publisher.cc(763)] Publisher info not found
[31 de jul. de 2021 2:47:28,1 PM:ERROR:publisher.cc(763)] Publisher info not found
[31 de jul. de 2021 2:47:58,8 PM:ERROR:publisher.cc(763)] Publisher info not found
[31 de jul. de 2021 2:49:01,2 PM:ERROR:publisher.cc(763)] Publisher info not found
[31 de jul. de 2021 2:49:51,5 PM:ERROR:publisher.cc(763)] Publisher info not found
[31 de jul. de 2021 3:46:06,6 PM:ERROR:publisher.cc(763)] Publisher info not found
[31 de jul. de 2021 3:46:06,6 PM:ERROR:publisher.cc(763)] Publisher info not found
--------------------------------------------------------------------------------
[01 de ago. de 2021 4:29:34,7 AM:ERROR:publisher.cc(763)] Publisher info not found
[01 de ago. de 2021 4:30:59,7 AM:ERROR:publisher.cc(763)] Publisher info not found
[01 de ago. de 2021 5:05:42,2 AM:ERROR:publisher.cc(763)] Publisher info not found
[01 de ago. de 2021 5:06:22,4 AM:ERROR:publisher.cc(763)] Publisher info not found
[01 de ago. de 2021 5:06:40,0 AM:ERROR:publisher.cc(763)] Publisher info not found
[01 de ago. de 2021 5:18:02,9 AM:ERROR:publisher.cc(763)] Publisher info not found
[01 de ago. de 2021 5:18:02,9 AM:ERROR:publisher.cc(763)] Publisher info not found
[01 de ago. de 2021 5:37:00,1 AM:ERROR:publisher.cc(763)] Publisher info not found
[01 de ago. de 2021 5:42:42,0 AM:ERROR:publisher.cc(763)] Publisher info not found
[01 de ago. de 2021 6:33:33,3 AM:ERROR:publisher.cc(763)] Publisher info not found
[01 de ago. de 2021 6:46:22,3 AM:ERROR:publisher.cc(763)] Publisher info not found
[01 de ago. de 2021 7:47:38,2 AM:ERROR:publisher.cc(763)] Publisher info not found
[01 de ago. de 2021 8:18:50,0 AM:ERROR:publisher.cc(763)] Publisher info not found
[01 de ago. de 2021 10:04:00,3 AM:ERROR:publisher.cc(763)] Publisher info not found
[01 de ago. de 2021 10:05:22,0 AM:ERROR:publisher.cc(763)] Publisher info not found
[01 de ago. de 2021 10:05:42,9 AM:ERROR:publisher.cc(763)] Publisher info not found
[01 de ago. de 2021 10:09:11,4 AM:ERROR:publisher.cc(763)] Publisher info not found
[01 de ago. de 2021 10:11:50,1 AM:ERROR:publisher.cc(763)] Publisher info not found
[01 de ago. de 2021 10:12:01,2 AM:ERROR:publisher.cc(763)] Publisher info not found
[01 de ago. de 2021 10:13:38,5 AM:ERROR:publisher.cc(763)] Publisher info not found
[01 de ago. de 2021 10:13:48,8 AM:ERROR:publisher.cc(763)] Publisher info not found
[01 de ago. de 2021 10:14:02,2 AM:ERROR:publisher.cc(763)] Publisher info not found
[01 de ago. de 2021 10:14:25,7 AM:ERROR:publisher.cc(763)] Publisher info not found
[01 de ago. de 2021 10:35:02,0 AM:ERROR:publisher.cc(763)] Publisher info not found
[01 de ago. de 2021 10:35:33,5 AM:ERROR:publisher.cc(763)] Publisher info not found
[01 de ago. de 2021 2:29:42,6 PM:ERROR:publisher.cc(763)] Publisher info not found
[01 de ago. de 2021 2:29:47,6 PM:ERROR:publisher.cc(763)] Publisher info not found
[01 de ago. de 2021 2:29:55,6 PM:ERROR:publisher.cc(763)] Publisher info not found
[01 de ago. de 2021 2:30:40,7 PM:ERROR:publisher.cc(763)] Publisher info not found
[01 de ago. de 2021 2:31:22,6 PM:ERROR:publisher.cc(763)] Publisher info not found
[01 de ago. de 2021 2:31:27,4 PM:ERROR:publisher.cc(763)] Publisher info not found
[01 de ago. de 2021 2:31:56,8 PM:ERROR:publisher.cc(763)] Publisher info not found
[01 de ago. de 2021 2:33:11,8 PM:ERROR:publisher.cc(763)] Publisher info not found
[01 de ago. de 2021 2:34:02,1 PM:ERROR:publisher.cc(763)] Publisher info not found
[01 de ago. de 2021 2:34:05,8 PM:ERROR:publisher.cc(763)] Publisher info not found
[01 de ago. de 2021 2:43:23,6 PM:ERROR:publisher.cc(763)] Publisher info not found
[01 de ago. de 2021 2:43:31,0 PM:ERROR:publisher.cc(763)] Publisher info not found
[01 de ago. de 2021 2:44:38,6 PM:ERROR:publisher.cc(763)] Publisher info not found
[01 de ago. de 2021 2:45:02,4 PM:ERROR:publisher.cc(763)] Publisher info not found
[01 de ago. de 2021 3:12:04,9 PM:ERROR:publisher.cc(763)] Publisher info not found
[01 de ago. de 2021 3:13:56,3 PM:ERROR:publisher.cc(763)] Publisher info not found
[01 de ago. de 2021 3:14:08,1 PM:ERROR:publisher.cc(763)] Publisher info not found
[01 de ago. de 2021 3:16:35,9 PM:ERROR:publisher.cc(763)] Publisher info not found
[01 de ago. de 2021 3:17:30,5 PM:ERROR:publisher.cc(763)] Publisher info not found
[01 de ago. de 2021 3:41:40,4 PM:ERROR:publisher.cc(763)] Publisher info not found
[01 de ago. de 2021 3:41:48,0 PM:ERROR:publisher.cc(763)] Publisher info not found
[01 de ago. de 2021 3:42:09,0 PM:ERROR:publisher.cc(763)] Publisher info not found
[01 de ago. de 2021 3:43:20,2 PM:ERROR:publisher.cc(763)] Publisher info not found
[01 de ago. de 2021 3:43:28,6 PM:ERROR:publisher.cc(763)] Publisher info not found
[01 de ago. de 2021 3:44:09,5 PM:ERROR:publisher.cc(763)] Publisher info not found
[01 de ago. de 2021 3:46:54,0 PM:ERROR:publisher.cc(763)] Publisher info not found
[01 de ago. de 2021 4:15:33,2 PM:ERROR:publisher.cc(763)] Publisher info not found
[01 de ago. de 2021 4:17:49,9 PM:ERROR:publisher.cc(763)] Publisher info not found
[01 de ago. de 2021 4:18:30,4 PM:ERROR:publisher.cc(763)] Publisher info not found
[01 de ago. de 2021 4:18:57,2 PM:ERROR:publisher.cc(763)] Publisher info not found
[01 de ago. de 2021 4:20:01,3 PM:ERROR:publisher.cc(763)] Publisher info not found
[01 de ago. de 2021 4:22:09,0 PM:ERROR:publisher.cc(763)] Publisher info not found
[01 de ago. de 2021 4:24:12,3 PM:ERROR:publisher.cc(763)] Publisher info not found
[01 de ago. de 2021 4:24:39,9 PM:ERROR:publisher.cc(763)] Publisher info not found
[02 de ago. de 2021 9:12:55,7 AM:ERROR:publisher.cc(763)] Publisher info not found
[02 de ago. de 2021 9:23:52,2 AM:ERROR:publisher.cc(763)] Publisher info not found
[02 de ago. de 2021 9:27:38,0 AM:ERROR:publisher.cc(763)] Publisher info not found
[02 de ago. de 2021 2:23:35,1 PM:ERROR:publisher.cc(763)] Publisher info not found
[02 de ago. de 2021 2:45:03,1 PM:ERROR:publisher.cc(763)] Publisher info not found
[02 de ago. de 2021 2:47:39,5 PM:ERROR:publisher.cc(763)] Publisher info not found
[02 de ago. de 2021 2:51:44,1 PM:ERROR:publisher.cc(763)] Publisher info not found
[02 de ago. de 2021 3:27:46,2 PM:ERROR:publisher.cc(763)] Publisher info not found
[02 de ago. de 2021 3:35:19,7 PM:ERROR:publisher.cc(763)] Publisher info not found
[02 de ago. de 2021 3:35:54,7 PM:ERROR:publisher.cc(763)] Publisher info not found
[02 de ago. de 2021 3:36:00,4 PM:ERROR:publisher.cc(763)] Publisher info not found
[02 de ago. de 2021 3:36:06,6 PM:ERROR:publisher.cc(763)] Publisher info not found
[02 de ago. de 2021 3:40:55,5 PM:ERROR:publisher.cc(763)] Publisher info not found
[02 de ago. de 2021 3:41:14,6 PM:ERROR:publisher.cc(763)] Publisher info not found
[02 de ago. de 2021 3:42:32,3 PM:ERROR:publisher.cc(763)] Publisher info not found
[02 de ago. de 2021 3:42:39,5 PM:ERROR:publisher.cc(763)] Publisher info not found
[02 de ago. de 2021 3:55:26,4 PM:ERROR:publisher.cc(763)] Publisher info not found
[02 de ago. de 2021 3:56:00,2 PM:ERROR:publisher.cc(763)] Publisher info not found
[02 de ago. de 2021 3:56:33,1 PM:ERROR:publisher.cc(763)] Publisher info not found
[02 de ago. de 2021 3:57:04,6 PM:ERROR:publisher.cc(763)] Publisher info not found
[02 de ago. de 2021 3:57:19,8 PM:ERROR:publisher.cc(763)] Publisher info not found
[02 de ago. de 2021 4:04:37,1 PM:ERROR:publisher.cc(763)] Publisher info not found
[02 de ago. de 2021 4:04:57,2 PM:ERROR:publisher.cc(763)] Publisher info not found
[02 de ago. de 2021 4:12:19,4 PM:ERROR:publisher.cc(763)] Publisher info not found
[02 de ago. de 2021 4:20:14,8 PM:ERROR:publisher.cc(763)] Publisher info not found
[02 de ago. de 2021 4:20:20,4 PM:ERROR:publisher.cc(763)] Publisher info not found
[02 de ago. de 2021 4:20:51,1 PM:ERROR:publisher.cc(763)] Publisher info not found
[02 de ago. de 2021 4:23:16,3 PM:ERROR:publisher.cc(763)] Publisher info not found
[02 de ago. de 2021 4:24:20,9 PM:ERROR:publisher.cc(763)] Publisher info not found
