[2022-04-30 17:29:09.886] [exthost] [info] Extension host with pid 3135515 started
[2022-04-30 17:29:09.886] [exthost] [info] Skipping acquiring lock for /home/traveler/.config/Code - OSS/User/workspaceStorage/8c85b52fd23718bfcd9bb420715a62cc.
[2022-04-30 17:29:10.008] [exthost] [info] ExtensionService#_doActivateExtension vscode.php-language-features, startup: false, activationEvent: 'onLanguage:php'
[2022-04-30 17:29:10.021] [exthost] [info] ExtensionService#_doActivateExtension bmewburn.vscode-intelephense-client, startup: false, activationEvent: 'onLanguage:php'
[2022-04-30 17:29:10.037] [exthost] [info] ExtensionService#_doActivateExtension vscode.css-language-features, startup: false, activationEvent: 'onLanguage:css'
[2022-04-30 17:29:10.076] [exthost] [info] ExtensionService#_doActivateExtension vscode.debug-auto-launch, startup: true, activationEvent: '*'
[2022-04-30 17:29:10.079] [exthost] [info] ExtensionService#_doActivateExtension vscode.git-base, startup: true, activationEvent: '*', root cause: vscode.git
[2022-04-30 17:29:10.082] [exthost] [info] ExtensionService#_doActivateExtension vscode.ipynb, startup: true, activationEvent: '*'
[2022-04-30 17:29:10.099] [exthost] [info] ExtensionService#_doActivateExtension ecmel.vscode-html-css, startup: true, activationEvent: '*'
[2022-04-30 17:29:10.147] [exthost] [info] ExtensionService#_doActivateExtension RobbOwen.synthwave-vscode, startup: true, activationEvent: '*'
[2022-04-30 17:29:10.151] [exthost] [info] ExtensionService#_doActivateExtension s-nlf-fh.glassit, startup: true, activationEvent: '*'
[2022-04-30 17:29:10.169] [exthost] [info] ExtensionService#_doActivateExtension vscode-icons-team.vscode-icons, startup: true, activationEvent: '*'
[2022-04-30 17:29:10.193] [exthost] [info] ExtensionService#_doActivateExtension vscodevim.vim, startup: true, activationEvent: '*'
[2022-04-30 17:29:11.264] [exthost] [info] ExtensionService#_doActivateExtension vscode.git, startup: true, activationEvent: '*'
[2022-04-30 17:29:11.359] [exthost] [info] ExtensionService#_doActivateExtension vscode.github, startup: true, activationEvent: '*'
[2022-04-30 17:29:11.660] [exthost] [info] ExtensionService#_doActivateExtension vscode.configuration-editing, startup: false, activationEvent: 'onLanguage:jsonc'
[2022-04-30 17:29:11.666] [exthost] [info] ExtensionService#_doActivateExtension vscode.json-language-features, startup: false, activationEvent: 'onLanguage:jsonc'
[2022-04-30 17:29:11.726] [exthost] [info] ExtensionService#_doActivateExtension vscode.typescript-language-features, startup: false, activationEvent: 'onLanguage:jsonc'
[2022-04-30 17:29:11.875] [exthost] [info] Eager extensions activated
[2022-04-30 17:29:11.885] [exthost] [info] ExtensionService#_doActivateExtension vscode.emmet, startup: false, activationEvent: 'onStartupFinished'
[2022-04-30 17:29:11.891] [exthost] [info] ExtensionService#_doActivateExtension vscode.merge-conflict, startup: false, activationEvent: 'onStartupFinished'
[2022-04-30 17:29:11.893] [exthost] [info] ExtensionService#_doActivateExtension esbenp.prettier-vscode, startup: false, activationEvent: 'onStartupFinished'
[2022-04-30 17:29:11.924] [exthost] [info] ExtensionService#_doActivateExtension vadimcn.vscode-lldb, startup: false, activationEvent: 'onStartupFinished'
[2022-04-30 17:29:15.558] [exthost] [info] ExtensionService#_doActivateExtension vscode.github-authentication, startup: false, activationEvent: 'onAuthenticationRequest:github'
[2022-04-30 17:49:12.028] [exthost] [info] extension host terminating: renderer closed the socket
[2022-04-30 17:49:12.037] [exthost] [error] An error occurred when deactivating the subscriptions for extension 'bmewburn.vscode-intelephense-client':
[2022-04-30 17:49:12.042] [exthost] [error] TypeError: Cannot read private member from an object whose class did not declare it
    at Le (/usr/lib/code/out/vs/workbench/api/node/extensionHostProcess.js:90:7020)
    at Object.dispose (/usr/lib/code/out/vs/workbench/api/node/extensionHostProcess.js:76:87254)
    at g (/usr/lib/code/out/vs/workbench/api/node/extensionHostProcess.js:8:12329)
    at u._deactivate (/usr/lib/code/out/vs/workbench/api/node/extensionHostProcess.js:90:11919)
    at /usr/lib/code/out/vs/workbench/api/node/extensionHostProcess.js:90:10231
    at Array.map (<anonymous>)
    at u.deactivateAll (/usr/lib/code/out/vs/workbench/api/node/extensionHostProcess.js:90:10218)
    at E.terminate (/usr/lib/code/out/vs/workbench/api/node/extensionHostProcess.js:94:880)
    at d (/usr/lib/code/out/vs/workbench/api/node/extensionHostProcess.js:104:36250)
    at Socket.<anonymous> (/usr/lib/code/out/vs/workbench/api/node/extensionHostProcess.js:104:33946)
    at Socket.emit (node:events:402:35)
    at Pipe.<anonymous> (node:net:687:12)
[2022-04-30 17:49:12.049] [exthost] [info] Extension host with pid 3135515 exiting with code 0
