[2022-04-30T20:29:11.490Z] Validando o git encontrado em: git
[2022-04-30T20:29:11.512Z] Usando o git 2.36.0 do git
[2022-04-30T20:29:11.541Z] > git rev-parse --git-dir [6ms]
[2022-04-30T20:29:11.544Z] Open repository: /home/traveler/Website-git
[2022-04-30T20:29:11.586Z] > git symbolic-ref --short HEAD [14ms]
[2022-04-30T20:29:11.609Z] > git for-each-ref --format=%(refname)%00%(upstream:short)%00%(objectname)%00%(upstream:track) refs/heads/blog refs/remotes/blog [13ms]
[2022-04-30T20:29:11.629Z] > git for-each-ref --sort -committerdate --format %(refname) %(objectname) %(*objectname) [12ms]
[2022-04-30T20:29:11.629Z] > git rev-parse --git-dir [21ms]
[2022-04-30T20:29:11.631Z] Open repository: /home/traveler/WebsiteAula
[2022-04-30T20:29:11.758Z] > git remote --verbose [130ms]
[2022-04-30T20:29:11.784Z] > git symbolic-ref --short HEAD [39ms]
[2022-04-30T20:29:11.797Z] > git config --get commit.template [26ms]
[2022-04-30T20:29:11.805Z] > git for-each-ref --format=%(refname)%00%(upstream:short)%00%(objectname)%00%(upstream:track) refs/heads/main refs/remotes/main [14ms]
[2022-04-30T20:29:11.822Z] > git for-each-ref --sort -committerdate --format %(refname) %(objectname) %(*objectname) [8ms]
[2022-04-30T20:29:11.834Z] > git remote --verbose [14ms]
[2022-04-30T20:29:11.848Z] > git config --get commit.template [2ms]
[2022-04-30T20:29:12.225Z] > git ls-files --stage -- /home/traveler/Website-git/pages/sitemap.php [3ms]
[2022-04-30T20:29:12.229Z] > git ls-files --stage -- /home/traveler/Website-git/css/home.css [5ms]
[2022-04-30T20:29:12.242Z] > git cat-file -s f4aa38f5f5b194fa0de10e9d193172deb32be565 [14ms]
[2022-04-30T20:29:12.244Z] > git cat-file -s 79fe53f71e44d12f20b02cd02a532f92b6ae369b [6ms]
[2022-04-30T20:29:16.291Z] > git symbolic-ref --short HEAD [1ms]
[2022-04-30T20:29:16.296Z] > git for-each-ref --format=%(refname)%00%(upstream:short)%00%(objectname)%00%(upstream:track) refs/heads/blog refs/remotes/blog [1ms]
[2022-04-30T20:29:16.308Z] > git remote --verbose [0ms]
[2022-04-30T20:29:16.309Z] > git for-each-ref --sort -committerdate --format %(refname) %(objectname) %(*objectname) [7ms]
[2022-04-30T20:29:16.319Z] > git config --get commit.template [1ms]
[2022-04-30T20:29:16.402Z] > git ls-files --stage -- /home/traveler/Website-git/pages/sitemap.php [12ms]
[2022-04-30T20:29:16.415Z] > git cat-file -s f4aa38f5f5b194fa0de10e9d193172deb32be565 [5ms]
[2022-04-30T20:29:16.415Z] > git ls-files --stage -- /home/traveler/Website-git/css/home.css [18ms]
[2022-04-30T20:29:16.421Z] > git cat-file -s 80e0ad4df06be8ec29cc74767ba52c3bcc428ea3 [1ms]
[2022-04-30T20:29:17.586Z] > git ls-files --stage -- /home/traveler/Website-git/css/home.css [1ms]
[2022-04-30T20:29:17.593Z] > git ls-files --stage -- /home/traveler/Website-git/pages/sitemap.php [14ms]
[2022-04-30T20:29:17.602Z] > git cat-file -s 80e0ad4df06be8ec29cc74767ba52c3bcc428ea3 [9ms]
[2022-04-30T20:29:17.603Z] > git cat-file -s f4aa38f5f5b194fa0de10e9d193172deb32be565 [1ms]
[2022-04-30T20:29:21.335Z] > git symbolic-ref --short HEAD [1ms]
[2022-04-30T20:29:21.343Z] > git for-each-ref --format=%(refname)%00%(upstream:short)%00%(objectname)%00%(upstream:track) refs/heads/blog refs/remotes/blog [1ms]
[2022-04-30T20:29:21.355Z] > git for-each-ref --sort -committerdate --format %(refname) %(objectname) %(*objectname) [7ms]
[2022-04-30T20:29:21.355Z] > git remote --verbose [1ms]
[2022-04-30T20:29:21.363Z] > git config --get commit.template [1ms]
