[2022-05-01 17:14:44.683] [exthost] [info] Extension host with pid 1004144 started
[2022-05-01 17:14:44.683] [exthost] [info] Skipping acquiring lock for /home/traveler/.config/Code - OSS/User/workspaceStorage/8c85b52fd23718bfcd9bb420715a62cc.
[2022-05-01 17:14:44.969] [exthost] [info] ExtensionService#_doActivateExtension vscode.php-language-features, startup: false, activationEvent: 'onLanguage:php'
[2022-05-01 17:14:45.093] [exthost] [info] ExtensionService#_doActivateExtension bmewburn.vscode-intelephense-client, startup: false, activationEvent: 'onLanguage:php'
[2022-05-01 17:14:45.111] [exthost] [info] ExtensionService#_doActivateExtension vscode.css-language-features, startup: false, activationEvent: 'onLanguage:css'
[2022-05-01 17:14:45.143] [exthost] [info] ExtensionService#_doActivateExtension vscode.debug-auto-launch, startup: true, activationEvent: '*'
[2022-05-01 17:14:45.148] [exthost] [info] ExtensionService#_doActivateExtension vscode.git-base, startup: true, activationEvent: '*', root cause: vscode.git
[2022-05-01 17:14:45.153] [exthost] [info] ExtensionService#_doActivateExtension vscode.ipynb, startup: true, activationEvent: '*'
[2022-05-01 17:14:45.169] [exthost] [info] ExtensionService#_doActivateExtension ecmel.vscode-html-css, startup: true, activationEvent: '*'
[2022-05-01 17:14:45.225] [exthost] [info] ExtensionService#_doActivateExtension RobbOwen.synthwave-vscode, startup: true, activationEvent: '*'
[2022-05-01 17:14:45.248] [exthost] [info] ExtensionService#_doActivateExtension s-nlf-fh.glassit, startup: true, activationEvent: '*'
[2022-05-01 17:14:45.332] [exthost] [info] ExtensionService#_doActivateExtension vscode-icons-team.vscode-icons, startup: true, activationEvent: '*'
[2022-05-01 17:14:45.357] [exthost] [info] ExtensionService#_doActivateExtension vscodevim.vim, startup: true, activationEvent: '*'
[2022-05-01 17:14:45.851] [exthost] [info] ExtensionService#_doActivateExtension vscode.git, startup: true, activationEvent: '*'
[2022-05-01 17:14:45.931] [exthost] [info] ExtensionService#_doActivateExtension vscode.github, startup: true, activationEvent: '*'
[2022-05-01 17:14:45.988] [exthost] [info] ExtensionService#_doActivateExtension vscode.configuration-editing, startup: false, activationEvent: 'onLanguage:jsonc'
[2022-05-01 17:14:46.000] [exthost] [info] ExtensionService#_doActivateExtension vscode.json-language-features, startup: false, activationEvent: 'onLanguage:jsonc'
[2022-05-01 17:14:46.068] [exthost] [info] ExtensionService#_doActivateExtension vscode.typescript-language-features, startup: false, activationEvent: 'onLanguage:jsonc'
[2022-05-01 17:14:47.247] [exthost] [info] Eager extensions activated
[2022-05-01 17:14:47.249] [exthost] [info] ExtensionService#_doActivateExtension vscode.emmet, startup: false, activationEvent: 'onStartupFinished'
[2022-05-01 17:14:47.256] [exthost] [info] ExtensionService#_doActivateExtension vscode.merge-conflict, startup: false, activationEvent: 'onStartupFinished'
[2022-05-01 17:14:47.259] [exthost] [info] ExtensionService#_doActivateExtension esbenp.prettier-vscode, startup: false, activationEvent: 'onStartupFinished'
[2022-05-01 17:14:47.294] [exthost] [info] ExtensionService#_doActivateExtension vadimcn.vscode-lldb, startup: false, activationEvent: 'onStartupFinished'
[2022-05-01 17:40:04.900] [exthost] [warning] TextEditor is closed/disposed
[2022-05-01 17:40:05.012] [exthost] [warning] TextEditor is closed/disposed
[2022-05-01 17:40:05.212] [exthost] [warning] TextEditor is closed/disposed
[2022-05-01 17:40:05.330] [exthost] [warning] TextEditor is closed/disposed
[2022-05-01 17:40:05.630] [exthost] [warning] TextEditor is closed/disposed
[2022-05-01 17:40:41.356] [exthost] [warning] TextEditor is closed/disposed
[2022-05-01 17:40:41.679] [exthost] [warning] TextEditor is closed/disposed
[2022-05-01 17:40:41.841] [exthost] [warning] TextEditor is closed/disposed
[2022-05-01 17:40:41.974] [exthost] [warning] TextEditor is closed/disposed
[2022-05-01 17:40:45.079] [exthost] [warning] TextEditor is closed/disposed
[2022-05-01 17:40:45.165] [exthost] [warning] TextEditor is closed/disposed
[2022-05-01 17:40:45.354] [exthost] [warning] TextEditor is closed/disposed
[2022-05-01 17:40:45.837] [exthost] [warning] TextEditor is closed/disposed
[2022-05-01 17:40:46.006] [exthost] [warning] TextEditor is closed/disposed
[2022-05-01 17:40:46.141] [exthost] [warning] TextEditor is closed/disposed
[2022-05-01 17:40:46.301] [exthost] [warning] TextEditor is closed/disposed
[2022-05-01 17:40:46.445] [exthost] [warning] TextEditor is closed/disposed
[2022-05-01 17:40:46.523] [exthost] [warning] TextEditor is closed/disposed
[2022-05-01 17:40:46.599] [exthost] [warning] TextEditor is closed/disposed
[2022-05-01 17:40:59.979] [exthost] [warning] TextEditor is closed/disposed
[2022-05-01 17:41:00.139] [exthost] [warning] TextEditor is closed/disposed
[2022-05-01 17:41:00.280] [exthost] [warning] TextEditor is closed/disposed
[2022-05-01 17:41:00.346] [exthost] [warning] TextEditor is closed/disposed
[2022-05-01 17:46:22.329] [exthost] [error] [bmewburn.vscode-intelephense-client] provider FAILED
[2022-05-01 17:46:22.331] [exthost] [error] TypeError: e.map is not a function
    at asDocumentHighlights (/home/traveler/.vscode-oss/extensions/bmewburn.vscode-intelephense-client-1.8.2/lib/extension.js:1:166888)
    at L.provideDocumentHighlights (/usr/lib/code/out/vs/workbench/api/node/extensionHostProcess.js:85:99580)
[2022-05-01 17:47:20.540] [exthost] [warning] TextEditor is closed/disposed
[2022-05-01 17:47:20.643] [exthost] [warning] TextEditor is closed/disposed
[2022-05-01 17:47:20.992] [exthost] [warning] TextEditor is closed/disposed
[2022-05-01 17:47:21.095] [exthost] [warning] TextEditor is closed/disposed
[2022-05-01 17:47:21.257] [exthost] [warning] TextEditor is closed/disposed
[2022-05-01 17:47:21.336] [exthost] [warning] TextEditor is closed/disposed
[2022-05-01 17:47:21.948] [exthost] [warning] TextEditor is closed/disposed
[2022-05-01 17:47:22.671] [exthost] [warning] TextEditor is closed/disposed
[2022-05-01 17:47:23.709] [exthost] [warning] TextEditor is closed/disposed
[2022-05-01 17:52:48.586] [exthost] [warning] TextEditor is closed/disposed
[2022-05-01 17:52:48.733] [exthost] [warning] TextEditor is closed/disposed
[2022-05-01 17:52:48.857] [exthost] [warning] TextEditor is closed/disposed
[2022-05-01 17:52:48.971] [exthost] [warning] TextEditor is closed/disposed
[2022-05-01 17:52:50.282] [exthost] [warning] TextEditor is closed/disposed
[2022-05-01 17:57:47.679] [exthost] [warning] TextEditor is closed/disposed
[2022-05-01 17:57:47.770] [exthost] [warning] TextEditor is closed/disposed
[2022-05-01 17:57:47.945] [exthost] [warning] TextEditor is closed/disposed
[2022-05-01 17:57:51.537] [exthost] [warning] TextEditor is closed/disposed
[2022-05-01 17:57:52.054] [exthost] [warning] TextEditor is closed/disposed
[2022-05-01 17:57:52.753] [exthost] [warning] TextEditor is closed/disposed
[2022-05-01 17:57:53.524] [exthost] [warning] TextEditor is closed/disposed
[2022-05-01 17:57:53.653] [exthost] [warning] TextEditor is closed/disposed
[2022-05-01 17:57:53.733] [exthost] [warning] TextEditor is closed/disposed
[2022-05-01 17:58:50.538] [exthost] [warning] TextEditor is closed/disposed
[2022-05-01 17:58:50.785] [exthost] [warning] TextEditor is closed/disposed
[2022-05-01 17:58:51.467] [exthost] [warning] TextEditor is closed/disposed
[2022-05-01 17:58:51.578] [exthost] [warning] TextEditor is closed/disposed
[2022-05-01 17:58:52.042] [exthost] [warning] TextEditor is closed/disposed
[2022-05-01 18:02:56.376] [exthost] [warning] TextEditor is closed/disposed
[2022-05-01 18:02:56.454] [exthost] [warning] TextEditor is closed/disposed
[2022-05-01 18:02:56.646] [exthost] [warning] TextEditor is closed/disposed
[2022-05-01 18:02:57.660] [exthost] [warning] TextEditor is closed/disposed
[2022-05-01 18:03:06.399] [exthost] [warning] TextEditor is closed/disposed
[2022-05-01 18:03:06.504] [exthost] [warning] TextEditor is closed/disposed
[2022-05-01 18:03:06.679] [exthost] [warning] TextEditor is closed/disposed
[2022-05-01 18:03:07.042] [exthost] [warning] TextEditor is closed/disposed
[2022-05-01 18:03:27.857] [exthost] [warning] TextEditor is closed/disposed
[2022-05-01 18:03:27.934] [exthost] [warning] TextEditor is closed/disposed
[2022-05-01 18:03:28.155] [exthost] [warning] TextEditor is closed/disposed
[2022-05-01 18:03:29.704] [exthost] [warning] TextEditor is closed/disposed
[2022-05-01 18:03:37.147] [exthost] [warning] TextEditor is closed/disposed
[2022-05-01 18:03:37.273] [exthost] [warning] TextEditor is closed/disposed
[2022-05-01 18:03:37.371] [exthost] [warning] TextEditor is closed/disposed
[2022-05-01 18:03:37.490] [exthost] [warning] TextEditor is closed/disposed
[2022-05-01 18:03:37.597] [exthost] [warning] TextEditor is closed/disposed
[2022-05-01 18:03:38.946] [exthost] [warning] TextEditor is closed/disposed
[2022-05-01 18:03:39.108] [exthost] [warning] TextEditor is closed/disposed
[2022-05-01 18:03:41.605] [exthost] [warning] TextEditor is closed/disposed
[2022-05-01 18:03:41.709] [exthost] [warning] TextEditor is closed/disposed
[2022-05-01 18:03:41.797] [exthost] [warning] TextEditor is closed/disposed
[2022-05-01 18:03:41.932] [exthost] [warning] TextEditor is closed/disposed
[2022-05-01 18:08:41.022] [exthost] [warning] TextEditor is closed/disposed
[2022-05-01 18:08:41.429] [exthost] [warning] TextEditor is closed/disposed
[2022-05-01 18:08:41.627] [exthost] [warning] TextEditor is closed/disposed
[2022-05-01 18:08:41.818] [exthost] [warning] TextEditor is closed/disposed
[2022-05-01 18:08:44.150] [exthost] [warning] TextEditor is closed/disposed
[2022-05-01 18:10:16.956] [exthost] [warning] TextEditor is closed/disposed
[2022-05-01 18:10:17.084] [exthost] [warning] TextEditor is closed/disposed
[2022-05-01 18:10:17.185] [exthost] [warning] TextEditor is closed/disposed
[2022-05-01 18:10:17.304] [exthost] [warning] TextEditor is closed/disposed
[2022-05-01 18:10:17.372] [exthost] [warning] TextEditor is closed/disposed
[2022-05-01 18:10:17.474] [exthost] [warning] TextEditor is closed/disposed
[2022-05-01 18:10:17.793] [exthost] [warning] TextEditor is closed/disposed
[2022-05-01 18:10:19.924] [exthost] [warning] TextEditor is closed/disposed
[2022-05-01 18:10:20.899] [exthost] [warning] TextEditor is closed/disposed
[2022-05-01 18:10:21.657] [exthost] [warning] TextEditor is closed/disposed
[2022-05-01 18:10:22.394] [exthost] [warning] TextEditor is closed/disposed
[2022-05-01 18:10:30.550] [exthost] [warning] TextEditor is closed/disposed
[2022-05-01 18:10:30.644] [exthost] [warning] TextEditor is closed/disposed
[2022-05-01 18:10:30.844] [exthost] [warning] TextEditor is closed/disposed
[2022-05-01 18:10:30.952] [exthost] [warning] TextEditor is closed/disposed
[2022-05-01 18:10:31.065] [exthost] [warning] TextEditor is closed/disposed
[2022-05-01 18:10:31.216] [exthost] [warning] TextEditor is closed/disposed
[2022-05-01 18:10:31.357] [exthost] [warning] TextEditor is closed/disposed
[2022-05-01 18:10:31.679] [exthost] [warning] TextEditor is closed/disposed
[2022-05-01 18:28:55.027] [exthost] [warning] TextEditor is closed/disposed
[2022-05-01 18:28:55.096] [exthost] [warning] TextEditor is closed/disposed
[2022-05-01 18:28:55.264] [exthost] [warning] TextEditor is closed/disposed
[2022-05-01 19:46:35.174] [exthost] [error] [bmewburn.vscode-intelephense-client] provider FAILED
[2022-05-01 19:46:35.174] [exthost] [error] TypeError: e.map is not a function
    at asDocumentHighlights (/home/traveler/.vscode-oss/extensions/bmewburn.vscode-intelephense-client-1.8.2/lib/extension.js:1:166888)
    at L.provideDocumentHighlights (/usr/lib/code/out/vs/workbench/api/node/extensionHostProcess.js:85:99580)
[2022-05-01 19:49:25.283] [exthost] [error] [bmewburn.vscode-intelephense-client] provider FAILED
[2022-05-01 19:49:25.283] [exthost] [error] TypeError: e.map is not a function
    at asDocumentHighlights (/home/traveler/.vscode-oss/extensions/bmewburn.vscode-intelephense-client-1.8.2/lib/extension.js:1:166888)
    at L.provideDocumentHighlights (/usr/lib/code/out/vs/workbench/api/node/extensionHostProcess.js:85:99580)
[2022-05-01 19:49:27.225] [exthost] [error] [bmewburn.vscode-intelephense-client] provider FAILED
[2022-05-01 19:49:27.225] [exthost] [error] TypeError: e.map is not a function
    at asDocumentHighlights (/home/traveler/.vscode-oss/extensions/bmewburn.vscode-intelephense-client-1.8.2/lib/extension.js:1:166888)
    at L.provideDocumentHighlights (/usr/lib/code/out/vs/workbench/api/node/extensionHostProcess.js:85:99580)
[2022-05-01 19:49:29.008] [exthost] [error] [bmewburn.vscode-intelephense-client] provider FAILED
[2022-05-01 19:49:29.009] [exthost] [error] TypeError: e.map is not a function
    at asDocumentHighlights (/home/traveler/.vscode-oss/extensions/bmewburn.vscode-intelephense-client-1.8.2/lib/extension.js:1:166888)
    at L.provideDocumentHighlights (/usr/lib/code/out/vs/workbench/api/node/extensionHostProcess.js:85:99580)
[2022-05-01 19:51:37.435] [exthost] [warning] TextEditor is closed/disposed
[2022-05-01 19:51:37.660] [exthost] [warning] TextEditor is closed/disposed
[2022-05-01 19:53:27.617] [exthost] [warning] TextEditor is closed/disposed
[2022-05-01 19:53:27.764] [exthost] [warning] TextEditor is closed/disposed
[2022-05-01 19:53:27.930] [exthost] [warning] TextEditor is closed/disposed
[2022-05-01 19:53:28.059] [exthost] [warning] TextEditor is closed/disposed
[2022-05-01 19:53:28.181] [exthost] [warning] TextEditor is closed/disposed
[2022-05-01 19:53:28.317] [exthost] [warning] TextEditor is closed/disposed
[2022-05-01 19:55:46.745] [exthost] [error] [bmewburn.vscode-intelephense-client] provider FAILED
[2022-05-01 19:55:46.746] [exthost] [error] TypeError: e.map is not a function
    at asDocumentHighlights (/home/traveler/.vscode-oss/extensions/bmewburn.vscode-intelephense-client-1.8.2/lib/extension.js:1:166888)
    at L.provideDocumentHighlights (/usr/lib/code/out/vs/workbench/api/node/extensionHostProcess.js:85:99580)
[2022-05-01 19:56:33.642] [exthost] [error] [bmewburn.vscode-intelephense-client] provider FAILED
[2022-05-01 19:56:33.642] [exthost] [error] TypeError: e.map is not a function
    at asDocumentHighlights (/home/traveler/.vscode-oss/extensions/bmewburn.vscode-intelephense-client-1.8.2/lib/extension.js:1:166888)
    at L.provideDocumentHighlights (/usr/lib/code/out/vs/workbench/api/node/extensionHostProcess.js:85:99580)
[2022-05-01 19:56:55.172] [exthost] [error] [bmewburn.vscode-intelephense-client] provider FAILED
[2022-05-01 19:56:55.173] [exthost] [error] TypeError: e.map is not a function
    at asDocumentHighlights (/home/traveler/.vscode-oss/extensions/bmewburn.vscode-intelephense-client-1.8.2/lib/extension.js:1:166888)
    at L.provideDocumentHighlights (/usr/lib/code/out/vs/workbench/api/node/extensionHostProcess.js:85:99580)
[2022-05-01 19:58:27.793] [exthost] [error] [bmewburn.vscode-intelephense-client] provider FAILED
[2022-05-01 19:58:27.794] [exthost] [error] TypeError: e.map is not a function
    at asDocumentHighlights (/home/traveler/.vscode-oss/extensions/bmewburn.vscode-intelephense-client-1.8.2/lib/extension.js:1:166888)
    at L.provideDocumentHighlights (/usr/lib/code/out/vs/workbench/api/node/extensionHostProcess.js:85:99580)
[2022-05-01 19:58:27.820] [exthost] [error] [bmewburn.vscode-intelephense-client] provider FAILED
[2022-05-01 19:58:27.821] [exthost] [error] TypeError: e.map is not a function
    at asDocumentHighlights (/home/traveler/.vscode-oss/extensions/bmewburn.vscode-intelephense-client-1.8.2/lib/extension.js:1:166888)
    at L.provideDocumentHighlights (/usr/lib/code/out/vs/workbench/api/node/extensionHostProcess.js:85:99580)
[2022-05-01 19:58:28.663] [exthost] [error] [bmewburn.vscode-intelephense-client] provider FAILED
[2022-05-01 19:58:28.663] [exthost] [error] TypeError: e.map is not a function
    at asDocumentHighlights (/home/traveler/.vscode-oss/extensions/bmewburn.vscode-intelephense-client-1.8.2/lib/extension.js:1:166888)
    at L.provideDocumentHighlights (/usr/lib/code/out/vs/workbench/api/node/extensionHostProcess.js:85:99580)
[2022-05-01 19:58:28.694] [exthost] [error] [bmewburn.vscode-intelephense-client] provider FAILED
[2022-05-01 19:58:28.695] [exthost] [error] TypeError: e.map is not a function
    at asDocumentHighlights (/home/traveler/.vscode-oss/extensions/bmewburn.vscode-intelephense-client-1.8.2/lib/extension.js:1:166888)
    at L.provideDocumentHighlights (/usr/lib/code/out/vs/workbench/api/node/extensionHostProcess.js:85:99580)
[2022-05-01 19:58:29.341] [exthost] [error] [bmewburn.vscode-intelephense-client] provider FAILED
[2022-05-01 19:58:29.342] [exthost] [error] TypeError: e.map is not a function
    at asDocumentHighlights (/home/traveler/.vscode-oss/extensions/bmewburn.vscode-intelephense-client-1.8.2/lib/extension.js:1:166888)
    at L.provideDocumentHighlights (/usr/lib/code/out/vs/workbench/api/node/extensionHostProcess.js:85:99580)
[2022-05-01 19:58:29.372] [exthost] [error] [bmewburn.vscode-intelephense-client] provider FAILED
[2022-05-01 19:58:29.372] [exthost] [error] TypeError: e.map is not a function
    at asDocumentHighlights (/home/traveler/.vscode-oss/extensions/bmewburn.vscode-intelephense-client-1.8.2/lib/extension.js:1:166888)
    at L.provideDocumentHighlights (/usr/lib/code/out/vs/workbench/api/node/extensionHostProcess.js:85:99580)
[2022-05-01 20:01:03.641] [exthost] [error] [bmewburn.vscode-intelephense-client] provider FAILED
[2022-05-01 20:01:03.641] [exthost] [error] TypeError: e.map is not a function
    at asDocumentHighlights (/home/traveler/.vscode-oss/extensions/bmewburn.vscode-intelephense-client-1.8.2/lib/extension.js:1:166888)
    at L.provideDocumentHighlights (/usr/lib/code/out/vs/workbench/api/node/extensionHostProcess.js:85:99580)
[2022-05-01 20:05:55.455] [exthost] [error] [bmewburn.vscode-intelephense-client] provider FAILED
[2022-05-01 20:05:55.455] [exthost] [error] TypeError: e.map is not a function
    at asDocumentHighlights (/home/traveler/.vscode-oss/extensions/bmewburn.vscode-intelephense-client-1.8.2/lib/extension.js:1:166888)
    at L.provideDocumentHighlights (/usr/lib/code/out/vs/workbench/api/node/extensionHostProcess.js:85:99580)
[2022-05-01 20:06:32.385] [exthost] [error] [bmewburn.vscode-intelephense-client] provider FAILED
[2022-05-01 20:06:32.385] [exthost] [error] TypeError: e.map is not a function
    at asDocumentHighlights (/home/traveler/.vscode-oss/extensions/bmewburn.vscode-intelephense-client-1.8.2/lib/extension.js:1:166888)
    at L.provideDocumentHighlights (/usr/lib/code/out/vs/workbench/api/node/extensionHostProcess.js:85:99580)
[2022-05-01 20:06:32.409] [exthost] [error] [bmewburn.vscode-intelephense-client] provider FAILED
[2022-05-01 20:06:32.409] [exthost] [error] TypeError: e.map is not a function
    at asDocumentHighlights (/home/traveler/.vscode-oss/extensions/bmewburn.vscode-intelephense-client-1.8.2/lib/extension.js:1:166888)
    at L.provideDocumentHighlights (/usr/lib/code/out/vs/workbench/api/node/extensionHostProcess.js:85:99580)
[2022-05-01 20:06:55.858] [exthost] [error] [bmewburn.vscode-intelephense-client] provider FAILED
[2022-05-01 20:06:55.858] [exthost] [error] TypeError: e.map is not a function
    at asDocumentHighlights (/home/traveler/.vscode-oss/extensions/bmewburn.vscode-intelephense-client-1.8.2/lib/extension.js:1:166888)
    at L.provideDocumentHighlights (/usr/lib/code/out/vs/workbench/api/node/extensionHostProcess.js:85:99580)
[2022-05-01 20:07:31.283] [exthost] [error] [bmewburn.vscode-intelephense-client] provider FAILED
[2022-05-01 20:07:31.283] [exthost] [error] TypeError: e.map is not a function
    at asDocumentHighlights (/home/traveler/.vscode-oss/extensions/bmewburn.vscode-intelephense-client-1.8.2/lib/extension.js:1:166888)
    at L.provideDocumentHighlights (/usr/lib/code/out/vs/workbench/api/node/extensionHostProcess.js:85:99580)
[2022-05-01 20:13:30.894] [exthost] [error] [bmewburn.vscode-intelephense-client] provider FAILED
[2022-05-01 20:13:30.894] [exthost] [error] TypeError: e.map is not a function
    at asDocumentHighlights (/home/traveler/.vscode-oss/extensions/bmewburn.vscode-intelephense-client-1.8.2/lib/extension.js:1:166888)
    at L.provideDocumentHighlights (/usr/lib/code/out/vs/workbench/api/node/extensionHostProcess.js:85:99580)
[2022-05-01 22:04:15.390] [exthost] [info] extension host terminating: renderer closed the socket
[2022-05-01 22:04:15.410] [exthost] [error] An error occurred when deactivating the subscriptions for extension 'bmewburn.vscode-intelephense-client':
[2022-05-01 22:04:15.415] [exthost] [error] TypeError: Cannot read private member from an object whose class did not declare it
    at Le (/usr/lib/code/out/vs/workbench/api/node/extensionHostProcess.js:90:7020)
    at Object.dispose (/usr/lib/code/out/vs/workbench/api/node/extensionHostProcess.js:76:87254)
    at g (/usr/lib/code/out/vs/workbench/api/node/extensionHostProcess.js:8:12329)
    at u._deactivate (/usr/lib/code/out/vs/workbench/api/node/extensionHostProcess.js:90:11919)
    at /usr/lib/code/out/vs/workbench/api/node/extensionHostProcess.js:90:10231
    at Array.map (<anonymous>)
    at u.deactivateAll (/usr/lib/code/out/vs/workbench/api/node/extensionHostProcess.js:90:10218)
    at E.terminate (/usr/lib/code/out/vs/workbench/api/node/extensionHostProcess.js:94:880)
    at d (/usr/lib/code/out/vs/workbench/api/node/extensionHostProcess.js:104:36250)
    at Socket.<anonymous> (/usr/lib/code/out/vs/workbench/api/node/extensionHostProcess.js:104:33946)
    at Socket.emit (node:events:402:35)
    at Pipe.<anonymous> (node:net:687:12)
[2022-05-01 22:04:16.031] [exthost] [error] TypeError: r.some is not a function
    at Function.saveToDisk (/home/traveler/.vscode-oss/extensions/vscodevim.vim-1.22.2/src/register/register.ts:350:30)
    at Object.e.deactivate (/home/traveler/.vscode-oss/extensions/vscodevim.vim-1.22.2/extension.ts:65:18)
    at u._deactivate (/usr/lib/code/out/vs/workbench/api/node/extensionHostProcess.js:90:11690)
    at /usr/lib/code/out/vs/workbench/api/node/extensionHostProcess.js:90:10231
    at Array.map (<anonymous>)
    at u.deactivateAll (/usr/lib/code/out/vs/workbench/api/node/extensionHostProcess.js:90:10218)
    at E.terminate (/usr/lib/code/out/vs/workbench/api/node/extensionHostProcess.js:94:880)
    at d (/usr/lib/code/out/vs/workbench/api/node/extensionHostProcess.js:104:36250)
    at Socket.<anonymous> (/usr/lib/code/out/vs/workbench/api/node/extensionHostProcess.js:104:33946)
    at Socket.emit (node:events:402:35)
    at Pipe.<anonymous> (node:net:687:12)
[2022-05-01 22:04:16.042] [exthost] [info] Extension host with pid 1004144 exiting with code 0
