[2022-04-20 13:28:06.409] [renderer1] [info] Ignoring configured affinity for 'pub.name' because the extension is unknown or cannot execute.
[2022-04-20 13:28:06.643] [renderer1] [info] Ignoring configured affinity for 'pub.name' because the extension is unknown or cannot execute.
[2022-04-20 13:28:09.284] [renderer1] [error] [idleberg.icon-fonts]: Linguagem desconhecida em `contributes.icon-fonts.language`. Valor fornecido: blade
[2022-04-20 13:28:09.284] [renderer1] [error] [idleberg.icon-fonts]: Linguagem desconhecida em `contributes.icon-fonts.language`. Valor fornecido: blade
[2022-04-20 13:28:09.284] [renderer1] [error] [idleberg.icon-fonts]: Linguagem desconhecida em `contributes.icon-fonts.language`. Valor fornecido: blade
[2022-04-20 13:28:09.284] [renderer1] [error] [idleberg.icon-fonts]: Linguagem desconhecida em `contributes.icon-fonts.language`. Valor fornecido: blade
[2022-04-20 13:28:09.284] [renderer1] [error] [idleberg.icon-fonts]: Linguagem desconhecida em `contributes.icon-fonts.language`. Valor fornecido: blade
[2022-04-20 13:28:09.285] [renderer1] [error] [idleberg.icon-fonts]: Linguagem desconhecida em `contributes.icon-fonts.language`. Valor fornecido: blade
[2022-04-20 13:28:09.285] [renderer1] [error] [idleberg.icon-fonts]: Linguagem desconhecida em `contributes.icon-fonts.language`. Valor fornecido: blade
[2022-04-20 13:28:09.285] [renderer1] [error] [idleberg.icon-fonts]: Linguagem desconhecida em `contributes.icon-fonts.language`. Valor fornecido: blade
[2022-04-20 13:28:09.285] [renderer1] [error] [idleberg.icon-fonts]: Linguagem desconhecida em `contributes.icon-fonts.language`. Valor fornecido: blade
[2022-04-20 13:28:09.285] [renderer1] [error] [idleberg.icon-fonts]: Linguagem desconhecida em `contributes.icon-fonts.language`. Valor fornecido: blade
[2022-04-20 13:28:09.285] [renderer1] [error] [idleberg.icon-fonts]: Linguagem desconhecida em `contributes.icon-fonts.language`. Valor fornecido: blade
[2022-04-20 13:28:09.285] [renderer1] [error] [idleberg.icon-fonts]: Linguagem desconhecida em `contributes.icon-fonts.language`. Valor fornecido: blade
[2022-04-20 13:28:09.285] [renderer1] [error] [idleberg.icon-fonts]: Linguagem desconhecida em `contributes.icon-fonts.language`. Valor fornecido: blade
[2022-04-20 13:28:09.286] [renderer1] [error] [idleberg.icon-fonts]: Linguagem desconhecida em `contributes.icon-fonts.language`. Valor fornecido: blade
[2022-04-20 13:28:09.286] [renderer1] [error] [idleberg.icon-fonts]: Linguagem desconhecida em `contributes.icon-fonts.language`. Valor fornecido: blade
[2022-04-20 13:28:09.286] [renderer1] [error] [idleberg.icon-fonts]: Linguagem desconhecida em `contributes.icon-fonts.language`. Valor fornecido: blade
[2022-04-20 13:28:09.286] [renderer1] [error] [idleberg.icon-fonts]: Linguagem desconhecida em `contributes.icon-fonts.language`. Valor fornecido: blade
[2022-04-20 13:28:09.286] [renderer1] [error] [idleberg.icon-fonts]: Linguagem desconhecida em `contributes.icon-fonts.language`. Valor fornecido: blade
[2022-04-20 13:28:09.286] [renderer1] [error] [idleberg.icon-fonts]: Linguagem desconhecida em `contributes.icon-fonts.language`. Valor fornecido: blade
[2022-04-20 13:28:09.286] [renderer1] [error] [idleberg.icon-fonts]: Linguagem desconhecida em `contributes.icon-fonts.language`. Valor fornecido: blade
[2022-04-20 13:28:09.286] [renderer1] [error] [idleberg.icon-fonts]: Linguagem desconhecida em `contributes.icon-fonts.language`. Valor fornecido: blade
[2022-04-20 13:28:09.287] [renderer1] [error] [idleberg.icon-fonts]: Linguagem desconhecida em `contributes.icon-fonts.language`. Valor fornecido: blade
[2022-04-20 13:28:09.287] [renderer1] [error] [idleberg.icon-fonts]: Linguagem desconhecida em `contributes.icon-fonts.language`. Valor fornecido: blade
[2022-04-20 13:28:09.287] [renderer1] [error] [idleberg.icon-fonts]: Linguagem desconhecida em `contributes.icon-fonts.language`. Valor fornecido: blade
[2022-04-20 13:28:09.287] [renderer1] [error] [idleberg.icon-fonts]: Linguagem desconhecida em `contributes.icon-fonts.language`. Valor fornecido: blade
[2022-04-20 13:28:09.287] [renderer1] [error] [idleberg.icon-fonts]: Linguagem desconhecida em `contributes.icon-fonts.language`. Valor fornecido: blade
[2022-04-20 13:28:09.288] [renderer1] [error] [idleberg.icon-fonts]: Linguagem desconhecida em `contributes.icon-fonts.language`. Valor fornecido: blade
[2022-04-20 13:28:09.288] [renderer1] [error] [idleberg.icon-fonts]: Linguagem desconhecida em `contributes.icon-fonts.language`. Valor fornecido: vue-html
[2022-04-20 13:28:09.288] [renderer1] [error] [idleberg.icon-fonts]: Linguagem desconhecida em `contributes.icon-fonts.language`. Valor fornecido: vue-html
[2022-04-20 13:28:09.288] [renderer1] [error] [idleberg.icon-fonts]: Linguagem desconhecida em `contributes.icon-fonts.language`. Valor fornecido: vue-html
[2022-04-20 13:28:09.288] [renderer1] [error] [idleberg.icon-fonts]: Linguagem desconhecida em `contributes.icon-fonts.language`. Valor fornecido: vue-html
[2022-04-20 13:28:09.288] [renderer1] [error] [idleberg.icon-fonts]: Linguagem desconhecida em `contributes.icon-fonts.language`. Valor fornecido: vue-html
[2022-04-20 13:28:09.288] [renderer1] [error] [idleberg.icon-fonts]: Linguagem desconhecida em `contributes.icon-fonts.language`. Valor fornecido: vue-html
[2022-04-20 13:28:09.289] [renderer1] [error] [idleberg.icon-fonts]: Linguagem desconhecida em `contributes.icon-fonts.language`. Valor fornecido: vue-html
[2022-04-20 13:28:09.289] [renderer1] [error] [idleberg.icon-fonts]: Linguagem desconhecida em `contributes.icon-fonts.language`. Valor fornecido: vue-html
[2022-04-20 13:28:09.289] [renderer1] [error] [idleberg.icon-fonts]: Linguagem desconhecida em `contributes.icon-fonts.language`. Valor fornecido: vue-html
[2022-04-20 13:28:09.289] [renderer1] [error] [idleberg.icon-fonts]: Linguagem desconhecida em `contributes.icon-fonts.language`. Valor fornecido: vue-html
[2022-04-20 13:28:09.289] [renderer1] [error] [idleberg.icon-fonts]: Linguagem desconhecida em `contributes.icon-fonts.language`. Valor fornecido: vue-html
[2022-04-20 13:28:09.289] [renderer1] [error] [idleberg.icon-fonts]: Linguagem desconhecida em `contributes.icon-fonts.language`. Valor fornecido: vue-html
[2022-04-20 13:28:09.289] [renderer1] [error] [idleberg.icon-fonts]: Linguagem desconhecida em `contributes.icon-fonts.language`. Valor fornecido: vue-html
[2022-04-20 13:28:09.290] [renderer1] [error] [idleberg.icon-fonts]: Linguagem desconhecida em `contributes.icon-fonts.language`. Valor fornecido: vue-html
[2022-04-20 13:28:09.290] [renderer1] [error] [idleberg.icon-fonts]: Linguagem desconhecida em `contributes.icon-fonts.language`. Valor fornecido: vue-html
[2022-04-20 13:28:09.290] [renderer1] [error] [idleberg.icon-fonts]: Linguagem desconhecida em `contributes.icon-fonts.language`. Valor fornecido: vue-html
[2022-04-20 13:28:09.290] [renderer1] [error] [idleberg.icon-fonts]: Linguagem desconhecida em `contributes.icon-fonts.language`. Valor fornecido: vue-html
[2022-04-20 13:28:09.290] [renderer1] [error] [idleberg.icon-fonts]: Linguagem desconhecida em `contributes.icon-fonts.language`. Valor fornecido: vue-html
[2022-04-20 13:28:09.290] [renderer1] [error] [idleberg.icon-fonts]: Linguagem desconhecida em `contributes.icon-fonts.language`. Valor fornecido: vue-html
[2022-04-20 13:28:09.290] [renderer1] [error] [idleberg.icon-fonts]: Linguagem desconhecida em `contributes.icon-fonts.language`. Valor fornecido: vue-html
[2022-04-20 13:28:09.290] [renderer1] [error] [idleberg.icon-fonts]: Linguagem desconhecida em `contributes.icon-fonts.language`. Valor fornecido: vue-html
[2022-04-20 13:28:09.290] [renderer1] [error] [idleberg.icon-fonts]: Linguagem desconhecida em `contributes.icon-fonts.language`. Valor fornecido: vue-html
[2022-04-20 13:28:09.290] [renderer1] [error] [idleberg.icon-fonts]: Linguagem desconhecida em `contributes.icon-fonts.language`. Valor fornecido: vue-html
[2022-04-20 13:28:09.291] [renderer1] [error] [idleberg.icon-fonts]: Linguagem desconhecida em `contributes.icon-fonts.language`. Valor fornecido: vue-html
[2022-04-20 13:28:09.291] [renderer1] [error] [idleberg.icon-fonts]: Linguagem desconhecida em `contributes.icon-fonts.language`. Valor fornecido: vue-html
[2022-04-20 13:28:09.291] [renderer1] [error] [idleberg.icon-fonts]: Linguagem desconhecida em `contributes.icon-fonts.language`. Valor fornecido: vue-html
[2022-04-20 13:28:09.291] [renderer1] [error] [idleberg.icon-fonts]: Linguagem desconhecida em `contributes.icon-fonts.language`. Valor fornecido: vue-html
[2022-04-20 13:28:09.291] [renderer1] [error] [idleberg.icon-fonts]: Linguagem desconhecida em `contributes.icon-fonts.language`. Valor fornecido: svelte
[2022-04-20 13:28:09.291] [renderer1] [error] [idleberg.icon-fonts]: Linguagem desconhecida em `contributes.icon-fonts.language`. Valor fornecido: svelte
[2022-04-20 13:28:09.291] [renderer1] [error] [idleberg.icon-fonts]: Linguagem desconhecida em `contributes.icon-fonts.language`. Valor fornecido: svelte
[2022-04-20 13:28:09.291] [renderer1] [error] [idleberg.icon-fonts]: Linguagem desconhecida em `contributes.icon-fonts.language`. Valor fornecido: svelte
[2022-04-20 13:28:09.291] [renderer1] [error] [idleberg.icon-fonts]: Linguagem desconhecida em `contributes.icon-fonts.language`. Valor fornecido: svelte
[2022-04-20 13:28:09.291] [renderer1] [error] [idleberg.icon-fonts]: Linguagem desconhecida em `contributes.icon-fonts.language`. Valor fornecido: svelte
[2022-04-20 13:28:09.292] [renderer1] [error] [idleberg.icon-fonts]: Linguagem desconhecida em `contributes.icon-fonts.language`. Valor fornecido: svelte
[2022-04-20 13:28:09.292] [renderer1] [error] [idleberg.icon-fonts]: Linguagem desconhecida em `contributes.icon-fonts.language`. Valor fornecido: svelte
[2022-04-20 13:28:09.292] [renderer1] [error] [idleberg.icon-fonts]: Linguagem desconhecida em `contributes.icon-fonts.language`. Valor fornecido: svelte
[2022-04-20 13:28:09.292] [renderer1] [error] [idleberg.icon-fonts]: Linguagem desconhecida em `contributes.icon-fonts.language`. Valor fornecido: svelte
[2022-04-20 13:28:09.292] [renderer1] [error] [idleberg.icon-fonts]: Linguagem desconhecida em `contributes.icon-fonts.language`. Valor fornecido: svelte
[2022-04-20 13:28:09.292] [renderer1] [error] [idleberg.icon-fonts]: Linguagem desconhecida em `contributes.icon-fonts.language`. Valor fornecido: svelte
[2022-04-20 13:28:09.292] [renderer1] [error] [idleberg.icon-fonts]: Linguagem desconhecida em `contributes.icon-fonts.language`. Valor fornecido: svelte
[2022-04-20 13:28:09.292] [renderer1] [error] [idleberg.icon-fonts]: Linguagem desconhecida em `contributes.icon-fonts.language`. Valor fornecido: svelte
[2022-04-20 13:28:09.292] [renderer1] [error] [idleberg.icon-fonts]: Linguagem desconhecida em `contributes.icon-fonts.language`. Valor fornecido: svelte
[2022-04-20 13:28:09.292] [renderer1] [error] [idleberg.icon-fonts]: Linguagem desconhecida em `contributes.icon-fonts.language`. Valor fornecido: svelte
[2022-04-20 13:28:09.293] [renderer1] [error] [idleberg.icon-fonts]: Linguagem desconhecida em `contributes.icon-fonts.language`. Valor fornecido: svelte
[2022-04-20 13:28:09.293] [renderer1] [error] [idleberg.icon-fonts]: Linguagem desconhecida em `contributes.icon-fonts.language`. Valor fornecido: svelte
[2022-04-20 13:28:09.293] [renderer1] [error] [idleberg.icon-fonts]: Linguagem desconhecida em `contributes.icon-fonts.language`. Valor fornecido: svelte
[2022-04-20 13:28:09.293] [renderer1] [error] [idleberg.icon-fonts]: Linguagem desconhecida em `contributes.icon-fonts.language`. Valor fornecido: svelte
[2022-04-20 13:28:09.293] [renderer1] [error] [idleberg.icon-fonts]: Linguagem desconhecida em `contributes.icon-fonts.language`. Valor fornecido: svelte
[2022-04-20 13:28:09.293] [renderer1] [error] [idleberg.icon-fonts]: Linguagem desconhecida em `contributes.icon-fonts.language`. Valor fornecido: svelte
[2022-04-20 13:28:09.293] [renderer1] [error] [idleberg.icon-fonts]: Linguagem desconhecida em `contributes.icon-fonts.language`. Valor fornecido: svelte
[2022-04-20 13:28:09.293] [renderer1] [error] [idleberg.icon-fonts]: Linguagem desconhecida em `contributes.icon-fonts.language`. Valor fornecido: svelte
[2022-04-20 13:28:09.293] [renderer1] [error] [idleberg.icon-fonts]: Linguagem desconhecida em `contributes.icon-fonts.language`. Valor fornecido: svelte
[2022-04-20 13:28:09.293] [renderer1] [error] [idleberg.icon-fonts]: Linguagem desconhecida em `contributes.icon-fonts.language`. Valor fornecido: svelte
[2022-04-20 13:28:09.294] [renderer1] [error] [idleberg.icon-fonts]: Linguagem desconhecida em `contributes.icon-fonts.language`. Valor fornecido: svelte
[2022-04-20 13:28:09.294] [renderer1] [error] [robole.javascript-snippets]: Linguagem desconhecida em `contributes.javascript-snippets.language`. Valor fornecido: svelte
[2022-04-20 13:47:24.272] [renderer1] [info] Webgl lost context, disposing of webgl renderer
