[2022-04-19 16:30:59.028] [renderer1] [info] Ignoring configured affinity for 'pub.name' because the extension is unknown or cannot execute.
[2022-04-19 16:30:59.413] [renderer1] [info] Ignoring configured affinity for 'pub.name' because the extension is unknown or cannot execute.
[2022-04-19 16:31:00.770] [renderer1] [error] [idleberg.icon-fonts]: Linguagem desconhecida em `contributes.icon-fonts.language`. Valor fornecido: blade
[2022-04-19 16:31:00.771] [renderer1] [error] [idleberg.icon-fonts]: Linguagem desconhecida em `contributes.icon-fonts.language`. Valor fornecido: blade
[2022-04-19 16:31:00.771] [renderer1] [error] [idleberg.icon-fonts]: Linguagem desconhecida em `contributes.icon-fonts.language`. Valor fornecido: blade
[2022-04-19 16:31:00.771] [renderer1] [error] [idleberg.icon-fonts]: Linguagem desconhecida em `contributes.icon-fonts.language`. Valor fornecido: blade
[2022-04-19 16:31:00.771] [renderer1] [error] [idleberg.icon-fonts]: Linguagem desconhecida em `contributes.icon-fonts.language`. Valor fornecido: blade
[2022-04-19 16:31:00.771] [renderer1] [error] [idleberg.icon-fonts]: Linguagem desconhecida em `contributes.icon-fonts.language`. Valor fornecido: blade
[2022-04-19 16:31:00.771] [renderer1] [error] [idleberg.icon-fonts]: Linguagem desconhecida em `contributes.icon-fonts.language`. Valor fornecido: blade
[2022-04-19 16:31:00.772] [renderer1] [error] [idleberg.icon-fonts]: Linguagem desconhecida em `contributes.icon-fonts.language`. Valor fornecido: blade
[2022-04-19 16:31:00.772] [renderer1] [error] [idleberg.icon-fonts]: Linguagem desconhecida em `contributes.icon-fonts.language`. Valor fornecido: blade
[2022-04-19 16:31:00.772] [renderer1] [error] [idleberg.icon-fonts]: Linguagem desconhecida em `contributes.icon-fonts.language`. Valor fornecido: blade
[2022-04-19 16:31:00.772] [renderer1] [error] [idleberg.icon-fonts]: Linguagem desconhecida em `contributes.icon-fonts.language`. Valor fornecido: blade
[2022-04-19 16:31:00.772] [renderer1] [error] [idleberg.icon-fonts]: Linguagem desconhecida em `contributes.icon-fonts.language`. Valor fornecido: blade
[2022-04-19 16:31:00.773] [renderer1] [error] [idleberg.icon-fonts]: Linguagem desconhecida em `contributes.icon-fonts.language`. Valor fornecido: blade
[2022-04-19 16:31:00.773] [renderer1] [error] [idleberg.icon-fonts]: Linguagem desconhecida em `contributes.icon-fonts.language`. Valor fornecido: blade
[2022-04-19 16:31:00.773] [renderer1] [error] [idleberg.icon-fonts]: Linguagem desconhecida em `contributes.icon-fonts.language`. Valor fornecido: blade
[2022-04-19 16:31:00.773] [renderer1] [error] [idleberg.icon-fonts]: Linguagem desconhecida em `contributes.icon-fonts.language`. Valor fornecido: blade
[2022-04-19 16:31:00.773] [renderer1] [error] [idleberg.icon-fonts]: Linguagem desconhecida em `contributes.icon-fonts.language`. Valor fornecido: blade
[2022-04-19 16:31:00.774] [renderer1] [error] [idleberg.icon-fonts]: Linguagem desconhecida em `contributes.icon-fonts.language`. Valor fornecido: blade
[2022-04-19 16:31:00.774] [renderer1] [error] [idleberg.icon-fonts]: Linguagem desconhecida em `contributes.icon-fonts.language`. Valor fornecido: blade
[2022-04-19 16:31:00.774] [renderer1] [error] [idleberg.icon-fonts]: Linguagem desconhecida em `contributes.icon-fonts.language`. Valor fornecido: blade
[2022-04-19 16:31:00.774] [renderer1] [error] [idleberg.icon-fonts]: Linguagem desconhecida em `contributes.icon-fonts.language`. Valor fornecido: blade
[2022-04-19 16:31:00.774] [renderer1] [error] [idleberg.icon-fonts]: Linguagem desconhecida em `contributes.icon-fonts.language`. Valor fornecido: blade
[2022-04-19 16:31:00.774] [renderer1] [error] [idleberg.icon-fonts]: Linguagem desconhecida em `contributes.icon-fonts.language`. Valor fornecido: blade
[2022-04-19 16:31:00.775] [renderer1] [error] [idleberg.icon-fonts]: Linguagem desconhecida em `contributes.icon-fonts.language`. Valor fornecido: blade
[2022-04-19 16:31:00.775] [renderer1] [error] [idleberg.icon-fonts]: Linguagem desconhecida em `contributes.icon-fonts.language`. Valor fornecido: blade
[2022-04-19 16:31:00.775] [renderer1] [error] [idleberg.icon-fonts]: Linguagem desconhecida em `contributes.icon-fonts.language`. Valor fornecido: blade
[2022-04-19 16:31:00.775] [renderer1] [error] [idleberg.icon-fonts]: Linguagem desconhecida em `contributes.icon-fonts.language`. Valor fornecido: blade
[2022-04-19 16:31:00.775] [renderer1] [error] [idleberg.icon-fonts]: Linguagem desconhecida em `contributes.icon-fonts.language`. Valor fornecido: vue-html
[2022-04-19 16:31:00.775] [renderer1] [error] [idleberg.icon-fonts]: Linguagem desconhecida em `contributes.icon-fonts.language`. Valor fornecido: vue-html
[2022-04-19 16:31:00.776] [renderer1] [error] [idleberg.icon-fonts]: Linguagem desconhecida em `contributes.icon-fonts.language`. Valor fornecido: vue-html
[2022-04-19 16:31:00.776] [renderer1] [error] [idleberg.icon-fonts]: Linguagem desconhecida em `contributes.icon-fonts.language`. Valor fornecido: vue-html
[2022-04-19 16:31:00.776] [renderer1] [error] [idleberg.icon-fonts]: Linguagem desconhecida em `contributes.icon-fonts.language`. Valor fornecido: vue-html
[2022-04-19 16:31:00.776] [renderer1] [error] [idleberg.icon-fonts]: Linguagem desconhecida em `contributes.icon-fonts.language`. Valor fornecido: vue-html
[2022-04-19 16:31:00.776] [renderer1] [error] [idleberg.icon-fonts]: Linguagem desconhecida em `contributes.icon-fonts.language`. Valor fornecido: vue-html
[2022-04-19 16:31:00.776] [renderer1] [error] [idleberg.icon-fonts]: Linguagem desconhecida em `contributes.icon-fonts.language`. Valor fornecido: vue-html
[2022-04-19 16:31:00.777] [renderer1] [error] [idleberg.icon-fonts]: Linguagem desconhecida em `contributes.icon-fonts.language`. Valor fornecido: vue-html
[2022-04-19 16:31:00.777] [renderer1] [error] [idleberg.icon-fonts]: Linguagem desconhecida em `contributes.icon-fonts.language`. Valor fornecido: vue-html
[2022-04-19 16:31:00.777] [renderer1] [error] [idleberg.icon-fonts]: Linguagem desconhecida em `contributes.icon-fonts.language`. Valor fornecido: vue-html
[2022-04-19 16:31:00.777] [renderer1] [error] [idleberg.icon-fonts]: Linguagem desconhecida em `contributes.icon-fonts.language`. Valor fornecido: vue-html
[2022-04-19 16:31:00.777] [renderer1] [error] [idleberg.icon-fonts]: Linguagem desconhecida em `contributes.icon-fonts.language`. Valor fornecido: vue-html
[2022-04-19 16:31:00.778] [renderer1] [error] [idleberg.icon-fonts]: Linguagem desconhecida em `contributes.icon-fonts.language`. Valor fornecido: vue-html
[2022-04-19 16:31:00.778] [renderer1] [error] [idleberg.icon-fonts]: Linguagem desconhecida em `contributes.icon-fonts.language`. Valor fornecido: vue-html
[2022-04-19 16:31:00.778] [renderer1] [error] [idleberg.icon-fonts]: Linguagem desconhecida em `contributes.icon-fonts.language`. Valor fornecido: vue-html
[2022-04-19 16:31:00.778] [renderer1] [error] [idleberg.icon-fonts]: Linguagem desconhecida em `contributes.icon-fonts.language`. Valor fornecido: vue-html
[2022-04-19 16:31:00.778] [renderer1] [error] [idleberg.icon-fonts]: Linguagem desconhecida em `contributes.icon-fonts.language`. Valor fornecido: vue-html
[2022-04-19 16:31:00.778] [renderer1] [error] [idleberg.icon-fonts]: Linguagem desconhecida em `contributes.icon-fonts.language`. Valor fornecido: vue-html
[2022-04-19 16:31:00.778] [renderer1] [error] [idleberg.icon-fonts]: Linguagem desconhecida em `contributes.icon-fonts.language`. Valor fornecido: vue-html
[2022-04-19 16:31:00.779] [renderer1] [error] [idleberg.icon-fonts]: Linguagem desconhecida em `contributes.icon-fonts.language`. Valor fornecido: vue-html
[2022-04-19 16:31:00.779] [renderer1] [error] [idleberg.icon-fonts]: Linguagem desconhecida em `contributes.icon-fonts.language`. Valor fornecido: vue-html
[2022-04-19 16:31:00.779] [renderer1] [error] [idleberg.icon-fonts]: Linguagem desconhecida em `contributes.icon-fonts.language`. Valor fornecido: vue-html
[2022-04-19 16:31:00.779] [renderer1] [error] [idleberg.icon-fonts]: Linguagem desconhecida em `contributes.icon-fonts.language`. Valor fornecido: vue-html
[2022-04-19 16:31:00.779] [renderer1] [error] [idleberg.icon-fonts]: Linguagem desconhecida em `contributes.icon-fonts.language`. Valor fornecido: vue-html
[2022-04-19 16:31:00.779] [renderer1] [error] [idleberg.icon-fonts]: Linguagem desconhecida em `contributes.icon-fonts.language`. Valor fornecido: vue-html
[2022-04-19 16:31:00.780] [renderer1] [error] [idleberg.icon-fonts]: Linguagem desconhecida em `contributes.icon-fonts.language`. Valor fornecido: vue-html
[2022-04-19 16:31:00.780] [renderer1] [error] [idleberg.icon-fonts]: Linguagem desconhecida em `contributes.icon-fonts.language`. Valor fornecido: svelte
[2022-04-19 16:31:00.780] [renderer1] [error] [idleberg.icon-fonts]: Linguagem desconhecida em `contributes.icon-fonts.language`. Valor fornecido: svelte
[2022-04-19 16:31:00.780] [renderer1] [error] [idleberg.icon-fonts]: Linguagem desconhecida em `contributes.icon-fonts.language`. Valor fornecido: svelte
[2022-04-19 16:31:00.780] [renderer1] [error] [idleberg.icon-fonts]: Linguagem desconhecida em `contributes.icon-fonts.language`. Valor fornecido: svelte
[2022-04-19 16:31:00.780] [renderer1] [error] [idleberg.icon-fonts]: Linguagem desconhecida em `contributes.icon-fonts.language`. Valor fornecido: svelte
[2022-04-19 16:31:00.781] [renderer1] [error] [idleberg.icon-fonts]: Linguagem desconhecida em `contributes.icon-fonts.language`. Valor fornecido: svelte
[2022-04-19 16:31:00.781] [renderer1] [error] [idleberg.icon-fonts]: Linguagem desconhecida em `contributes.icon-fonts.language`. Valor fornecido: svelte
[2022-04-19 16:31:00.781] [renderer1] [error] [idleberg.icon-fonts]: Linguagem desconhecida em `contributes.icon-fonts.language`. Valor fornecido: svelte
[2022-04-19 16:31:00.781] [renderer1] [error] [idleberg.icon-fonts]: Linguagem desconhecida em `contributes.icon-fonts.language`. Valor fornecido: svelte
[2022-04-19 16:31:00.781] [renderer1] [error] [idleberg.icon-fonts]: Linguagem desconhecida em `contributes.icon-fonts.language`. Valor fornecido: svelte
[2022-04-19 16:31:00.781] [renderer1] [error] [idleberg.icon-fonts]: Linguagem desconhecida em `contributes.icon-fonts.language`. Valor fornecido: svelte
[2022-04-19 16:31:00.782] [renderer1] [error] [idleberg.icon-fonts]: Linguagem desconhecida em `contributes.icon-fonts.language`. Valor fornecido: svelte
[2022-04-19 16:31:00.782] [renderer1] [error] [idleberg.icon-fonts]: Linguagem desconhecida em `contributes.icon-fonts.language`. Valor fornecido: svelte
[2022-04-19 16:31:00.782] [renderer1] [error] [idleberg.icon-fonts]: Linguagem desconhecida em `contributes.icon-fonts.language`. Valor fornecido: svelte
[2022-04-19 16:31:00.782] [renderer1] [error] [idleberg.icon-fonts]: Linguagem desconhecida em `contributes.icon-fonts.language`. Valor fornecido: svelte
[2022-04-19 16:31:00.782] [renderer1] [error] [idleberg.icon-fonts]: Linguagem desconhecida em `contributes.icon-fonts.language`. Valor fornecido: svelte
[2022-04-19 16:31:00.782] [renderer1] [error] [idleberg.icon-fonts]: Linguagem desconhecida em `contributes.icon-fonts.language`. Valor fornecido: svelte
[2022-04-19 16:31:00.782] [renderer1] [error] [idleberg.icon-fonts]: Linguagem desconhecida em `contributes.icon-fonts.language`. Valor fornecido: svelte
[2022-04-19 16:31:00.783] [renderer1] [error] [idleberg.icon-fonts]: Linguagem desconhecida em `contributes.icon-fonts.language`. Valor fornecido: svelte
[2022-04-19 16:31:00.783] [renderer1] [error] [idleberg.icon-fonts]: Linguagem desconhecida em `contributes.icon-fonts.language`. Valor fornecido: svelte
[2022-04-19 16:31:00.783] [renderer1] [error] [idleberg.icon-fonts]: Linguagem desconhecida em `contributes.icon-fonts.language`. Valor fornecido: svelte
[2022-04-19 16:31:00.783] [renderer1] [error] [idleberg.icon-fonts]: Linguagem desconhecida em `contributes.icon-fonts.language`. Valor fornecido: svelte
[2022-04-19 16:31:00.783] [renderer1] [error] [idleberg.icon-fonts]: Linguagem desconhecida em `contributes.icon-fonts.language`. Valor fornecido: svelte
[2022-04-19 16:31:00.783] [renderer1] [error] [idleberg.icon-fonts]: Linguagem desconhecida em `contributes.icon-fonts.language`. Valor fornecido: svelte
[2022-04-19 16:31:00.784] [renderer1] [error] [idleberg.icon-fonts]: Linguagem desconhecida em `contributes.icon-fonts.language`. Valor fornecido: svelte
[2022-04-19 16:31:00.784] [renderer1] [error] [idleberg.icon-fonts]: Linguagem desconhecida em `contributes.icon-fonts.language`. Valor fornecido: svelte
[2022-04-19 16:31:00.784] [renderer1] [error] [idleberg.icon-fonts]: Linguagem desconhecida em `contributes.icon-fonts.language`. Valor fornecido: svelte
[2022-04-19 16:31:00.784] [renderer1] [error] [robole.javascript-snippets]: Linguagem desconhecida em `contributes.javascript-snippets.language`. Valor fornecido: svelte
[2022-04-19 23:56:24.536] [renderer1] [info] Webgl lost context, disposing of webgl renderer
