TagLib: Could not open file /media/addy/Media/musik/NoMeansNo/NoMeansNo - Slugs Are Burning-eRVfkSOpSl4.mp3
TagLib: Could not open file /media/addy/Media/musik/NoMeansNo/NoMeansNo - Disappear-TPHZXESOZHc.mp3
TagLib: Could not open file /media/addy/Media/musik/NoMeansNo/NoMeansNo - Disappear-TPHZXESOZHc.mp3
TagLib: Could not open file /media/addy/Media/musik/NoMeansNo/NoMeansNo - Slugs Are Burning-eRVfkSOpSl4.mp3
TagLib: Could not open file /media/addy/Media/musik/NoMeansNo/NoMeansNo - I'm An Asshole-c2LK9nNlRL8.mp3
TagLib: Could not open file /media/addy/Media/musik/NoMeansNo/No means no- All lies-_xNKA8S8CG4.mp3
TagLib: Could not open file /media/addy/Media/musik/NoMeansNo/nomeansno joyful reunion-WHWkQI6SzW0.mp3
TagLib: Could not open file /media/addy/Media/musik/NoMeansNo/It's Catching Up-Iku1FvlLAWs.mp3
TagLib: Could not open file /media/addy/Media/musik/NoMeansNo/It's Catching Up-Iku1FvlLAWs.mp3
TagLib: Could not open file /media/addy/Media/musik/NoMeansNo/It's Catching Up-Iku1FvlLAWs.mp3
TagLib: Could not open file /media/addy/Media/musik/NoMeansNo/It's Catching Up-Iku1FvlLAWs.mp3
TagLib: Could not open file /media/addy/Media/musik/NoMeansNo/It's Catching Up-Iku1FvlLAWs.mp3
TagLib: Could not open file /media/addy/Media/musik/NoMeansNo/It's Catching Up-Iku1FvlLAWs.mp3
TagLib: Could not open file /media/addy/Media/musik/NoMeansNo/It's Catching Up-Iku1FvlLAWs.mp3
TagLib: Could not open file /media/addy/Media/musik/NoMeansNo/It's Catching Up-Iku1FvlLAWs.mp3
TagLib: Could not open file /media/addy/Media/musik/NoMeansNo/No means no- All lies.mp3
TagLib: Could not open file /media/addy/Media/musik/NoMeansNo/It's Catching Up-Iku1FvlLAWs.mp3
TagLib: Could not open file /media/addy/Media/musik/NoMeansNo/It's Catching Up-Iku1FvlLAWs.mp3
TagLib: Could not open file /media/addy/Media/musik/NoMeansNo/It's Catching Up-Iku1FvlLAWs.mp3
TagLib: Could not open file /media/addy/Media/musik/NoMeansNo/It's Catching Up-Iku1FvlLAWs.mp3
TagLib: Could not open file /media/addy/Media/musik/NoMeansNo/It's Catching Up-Iku1FvlLAWs.mp3
TagLib: Could not open file /media/addy/Media/musik/NoMeansNo/It's Catching Up-Iku1FvlLAWs.mp3
TagLib: Could not open file /media/addy/Media/musik/NoMeansNo/It's Catching Up-Iku1FvlLAWs.mp3
TagLib: Could not open file /media/addy/Media/musik/NoMeansNo/It's Catching Up-Iku1FvlLAWs.mp3
TagLib: Could not open file /media/addy/Media/musik/NoMeansNo/It's Catching Up-Iku1FvlLAWs.mp3
TagLib: Could not open file /media/addy/Media/musik/NoMeansNo/It's Catching Up-Iku1FvlLAWs.mp3
TagLib: Could not open file /media/addy/Media/musik/NoMeansNo/It's Catching Up-Iku1FvlLAWs.mp3
TagLib: Could not open file /media/addy/Media/musik/NoMeansNo/It's Catching Up-Iku1FvlLAWs.mp3
TagLib: Could not open file /media/addy/Media/musik/NoMeansNo/It's Catching Up-Iku1FvlLAWs.mp3
TagLib: Could not open file /media/addy/Media/musik/NoMeansNo/It's Catching Up-Iku1FvlLAWs.mp3
TagLib: Could not open file /media/addy/Media/musik/NoMeansNo/It's Catching Up-Iku1FvlLAWs.mp3
TagLib: Could not open file /media/addy/Media/musik/NoMeansNo/It's Catching Up-Iku1FvlLAWs.mp3
TagLib: Could not open file /media/addy/Media/musik/NoMeansNo/It's Catching Up-Iku1FvlLAWs.mp3
TagLib: Could not open file /media/addy/Media/musik/NoMeansNo/It's Catching Up-Iku1FvlLAWs.mp3
TagLib: Could not open file /media/addy/Media/musik/NoMeansNo/It's Catching Up-Iku1FvlLAWs.mp3
TagLib: Could not open file /media/addy/Media/musik/NoMeansNo/It's Catching Up-Iku1FvlLAWs.mp3
TagLib: Could not open file /media/addy/Media/musik/NoMeansNo/It's Catching Up-Iku1FvlLAWs.mp3
TagLib: Could not open file /media/addy/Media/musik/NoMeansNo/It's Catching Up-Iku1FvlLAWs.mp3
TagLib: Could not open file /media/addy/Media/musik/NoMeansNo/It's Catching Up-Iku1FvlLAWs.mp3
TagLib: Could not open file /media/addy/Media/musik/NoMeansNo/It's Catching Up-Iku1FvlLAWs.mp3
TagLib: Could not open file /media/addy/Media/musik/NoMeansNo/It's Catching Up-Iku1FvlLAWs.mp3
TagLib: Could not open file /media/addy/Media/musik/NoMeansNo/It's Catching Up-Iku1FvlLAWs.mp3
TagLib: Could not open file /media/addy/Media/musik/NoMeansNo/It's Catching Up-Iku1FvlLAWs.mp3
TagLib: Could not open file /media/addy/Media/musik/NoMeansNo/It's Catching Up-Iku1FvlLAWs.mp3
TagLib: Could not open file /media/addy/Media/musik/NoMeansNo/It's Catching Up-Iku1FvlLAWs.mp3
TagLib: Could not open file /media/addy/Media/musik/NoMeansNo/It's Catching Up-Iku1FvlLAWs.mp3
TagLib: Could not open file /media/addy/Media/musik/NoMeansNo/It's Catching Up-Iku1FvlLAWs.mp3
TagLib: Could not open file /media/addy/Media/musik/NoMeansNo/It's Catching Up-Iku1FvlLAWs.mp3
TagLib: Could not open file /media/addy/Media/musik/NoMeansNo/It's Catching Up-Iku1FvlLAWs.mp3
TagLib: Could not open file /media/addy/Media/musik/NoMeansNo/It's Catching Up-Iku1FvlLAWs.mp3
TagLib: Could not open file /media/addy/Media/musik/NoMeansNo/It's Catching Up-Iku1FvlLAWs.mp3
TagLib: Could not open file /media/addy/Media/musik/NoMeansNo/It's Catching Up-Iku1FvlLAWs.mp3
TagLib: Could not open file /media/addy/Media/musik/NoMeansNo/It's Catching Up-Iku1FvlLAWs.mp3
TagLib: Could not open file /media/addy/Media/musik/NoMeansNo/It's Catching Up-Iku1FvlLAWs.mp3
TagLib: Could not open file /media/addy/Media/musik/NoMeansNo/It's Catching Up-Iku1FvlLAWs.mp3
TagLib: Could not open file /media/addy/Media/musik/NoMeansNo/It's Catching Up-Iku1FvlLAWs.mp3
